[2024-05-08T11:46:44.519+0000] {manager.py:470} INFO - Processing files using up to 1 processes at a time 
[2024-05-08T11:46:44.520+0000] {manager.py:471} INFO - Process each file at most once every 30 seconds
[2024-05-08T11:46:44.521+0000] {manager.py:472} INFO - Checking for new files in /opt/airflow/dags every 300 seconds
[2024-05-08T11:46:44.521+0000] {manager.py:737} INFO - Searching for files in /opt/airflow/dags
[2024-05-08T11:46:44.523+0000] {manager.py:740} INFO - There are 0 files in /opt/airflow/dags
[2024-05-08T13:20:27.365+0000] {manager.py:470} INFO - Processing files using up to 1 processes at a time 
[2024-05-08T13:20:27.366+0000] {manager.py:471} INFO - Process each file at most once every 30 seconds
[2024-05-08T13:20:27.366+0000] {manager.py:472} INFO - Checking for new files in /opt/airflow/dags every 300 seconds
[2024-05-08T13:20:27.367+0000] {manager.py:737} INFO - Searching for files in /opt/airflow/dags
[2024-05-08T13:20:27.389+0000] {manager.py:740} INFO - There are 1 files in /opt/airflow/dags
[2024-05-08T13:20:27.698+0000] {manager.py:878} INFO - 
================================================================================
DAG File Processing Stats

File Path                      PID    Runtime      # DAGs    # Errors  Last Runtime    Last Run
-----------------------------  -----  ---------  --------  ----------  --------------  -------------------
/opt/airflow/dags/test_dag.py                           1           0  0.21s           2024-05-08T13:20:27
================================================================================
[2024-05-08T13:20:57.910+0000] {manager.py:878} INFO - 
================================================================================
DAG File Processing Stats

File Path                      PID    Runtime      # DAGs    # Errors  Last Runtime    Last Run
-----------------------------  -----  ---------  --------  ----------  --------------  -------------------
/opt/airflow/dags/test_dag.py                           1           0  0.20s           2024-05-08T13:20:57
================================================================================
[2024-05-08T13:21:28.589+0000] {manager.py:878} INFO - 
================================================================================
DAG File Processing Stats

File Path                      PID    Runtime      # DAGs    # Errors  Last Runtime    Last Run
-----------------------------  -----  ---------  --------  ----------  --------------  -------------------
/opt/airflow/dags/test_dag.py                           1           0  0.20s           2024-05-08T13:21:28
================================================================================
[2024-05-08T13:21:59.145+0000] {manager.py:878} INFO - 
================================================================================
DAG File Processing Stats

File Path                      PID    Runtime      # DAGs    # Errors  Last Runtime    Last Run
-----------------------------  -----  ---------  --------  ----------  --------------  -------------------
/opt/airflow/dags/test_dag.py                           1           0  0.20s           2024-05-08T13:21:59
================================================================================
[2024-05-08T13:22:29.819+0000] {manager.py:878} INFO - 
================================================================================
DAG File Processing Stats

File Path                      PID    Runtime      # DAGs    # Errors  Last Runtime    Last Run
-----------------------------  -----  ---------  --------  ----------  --------------  -------------------
/opt/airflow/dags/test_dag.py                           1           0  0.20s           2024-05-08T13:22:29
================================================================================
[2024-05-08T13:23:00.502+0000] {manager.py:878} INFO - 
================================================================================
DAG File Processing Stats

File Path                      PID    Runtime      # DAGs    # Errors  Last Runtime    Last Run
-----------------------------  -----  ---------  --------  ----------  --------------  -------------------
/opt/airflow/dags/test_dag.py                           1           0  0.20s           2024-05-08T13:23:00
================================================================================
[2024-05-08T13:23:30.719+0000] {manager.py:878} INFO - 
================================================================================
DAG File Processing Stats

File Path                      PID    Runtime      # DAGs    # Errors  Last Runtime    Last Run
-----------------------------  -----  ---------  --------  ----------  --------------  -------------------
/opt/airflow/dags/test_dag.py                           1           0  0.20s           2024-05-08T13:23:30
================================================================================
[2024-05-08T13:24:01.644+0000] {manager.py:878} INFO - 
================================================================================
DAG File Processing Stats

File Path                      PID    Runtime      # DAGs    # Errors  Last Runtime    Last Run
-----------------------------  -----  ---------  --------  ----------  --------------  -------------------
/opt/airflow/dags/test_dag.py                           1           0  0.20s           2024-05-08T13:24:01
================================================================================
[2024-05-08T13:24:32.138+0000] {manager.py:878} INFO - 
================================================================================
DAG File Processing Stats

File Path                      PID    Runtime      # DAGs    # Errors  Last Runtime    Last Run
-----------------------------  -----  ---------  --------  ----------  --------------  -------------------
/opt/airflow/dags/test_dag.py                           1           0  0.20s           2024-05-08T13:24:32
================================================================================
[2024-05-08T13:25:02.857+0000] {manager.py:878} INFO - 
================================================================================
DAG File Processing Stats

File Path                      PID    Runtime      # DAGs    # Errors  Last Runtime    Last Run
-----------------------------  -----  ---------  --------  ----------  --------------  -------------------
/opt/airflow/dags/test_dag.py                           1           0  0.20s           2024-05-08T13:25:02
================================================================================
[2024-05-08T13:25:27.369+0000] {manager.py:737} INFO - Searching for files in /opt/airflow/dags
[2024-05-08T13:25:27.389+0000] {manager.py:740} INFO - There are 1 files in /opt/airflow/dags
[2024-05-08T13:25:33.548+0000] {manager.py:878} INFO - 
================================================================================
DAG File Processing Stats

File Path                      PID    Runtime      # DAGs    # Errors  Last Runtime    Last Run
-----------------------------  -----  ---------  --------  ----------  --------------  -------------------
/opt/airflow/dags/test_dag.py                           1           0  0.20s           2024-05-08T13:25:33
================================================================================
[2024-05-08T13:26:07.355+0000] {manager.py:470} INFO - Processing files using up to 1 processes at a time 
[2024-05-08T13:26:07.356+0000] {manager.py:471} INFO - Process each file at most once every 30 seconds
[2024-05-08T13:26:07.357+0000] {manager.py:472} INFO - Checking for new files in /opt/airflow/dags every 300 seconds
[2024-05-08T13:26:07.358+0000] {manager.py:737} INFO - Searching for files in /opt/airflow/dags
[2024-05-08T13:26:07.380+0000] {manager.py:740} INFO - There are 1 files in /opt/airflow/dags
[2024-05-08T13:26:07.670+0000] {manager.py:878} INFO - 
================================================================================
DAG File Processing Stats

File Path                      PID    Runtime      # DAGs    # Errors  Last Runtime    Last Run
-----------------------------  -----  ---------  --------  ----------  --------------  -------------------
/opt/airflow/dags/test_dag.py                           1           0  0.21s           2024-05-08T13:26:07
================================================================================
[2024-05-08T13:26:38.085+0000] {manager.py:878} INFO - 
================================================================================
DAG File Processing Stats

File Path                      PID    Runtime      # DAGs    # Errors  Last Runtime    Last Run
-----------------------------  -----  ---------  --------  ----------  --------------  -------------------
/opt/airflow/dags/test_dag.py                           1           0  0.30s           2024-05-08T13:26:38
================================================================================
[2024-05-08T13:27:08.784+0000] {manager.py:878} INFO - 
================================================================================
DAG File Processing Stats

File Path                      PID    Runtime      # DAGs    # Errors  Last Runtime    Last Run
-----------------------------  -----  ---------  --------  ----------  --------------  -------------------
/opt/airflow/dags/test_dag.py                           1           0  0.20s           2024-05-08T13:27:08
================================================================================
[2024-05-08T13:27:39.096+0000] {manager.py:878} INFO - 
================================================================================
DAG File Processing Stats

File Path                      PID    Runtime      # DAGs    # Errors  Last Runtime    Last Run
-----------------------------  -----  ---------  --------  ----------  --------------  -------------------
/opt/airflow/dags/test_dag.py                           1           0  0.20s           2024-05-08T13:27:39
================================================================================
[2024-05-08T13:28:09.945+0000] {manager.py:878} INFO - 
================================================================================
DAG File Processing Stats

File Path                      PID    Runtime      # DAGs    # Errors  Last Runtime    Last Run
-----------------------------  -----  ---------  --------  ----------  --------------  -------------------
/opt/airflow/dags/test_dag.py                           1           0  0.20s           2024-05-08T13:28:09
================================================================================
[2024-05-08T13:28:40.564+0000] {manager.py:878} INFO - 
================================================================================
DAG File Processing Stats

File Path                      PID    Runtime      # DAGs    # Errors  Last Runtime    Last Run
-----------------------------  -----  ---------  --------  ----------  --------------  -------------------
/opt/airflow/dags/test_dag.py                           1           0  0.20s           2024-05-08T13:28:40
================================================================================
[2024-05-08T13:29:11.262+0000] {manager.py:878} INFO - 
================================================================================
DAG File Processing Stats

File Path                      PID    Runtime      # DAGs    # Errors  Last Runtime    Last Run
-----------------------------  -----  ---------  --------  ----------  --------------  -------------------
/opt/airflow/dags/test_dag.py                           1           0  0.20s           2024-05-08T13:29:11
================================================================================
[2024-05-08T13:29:41.970+0000] {manager.py:878} INFO - 
================================================================================
DAG File Processing Stats

File Path                      PID    Runtime      # DAGs    # Errors  Last Runtime    Last Run
-----------------------------  -----  ---------  --------  ----------  --------------  -------------------
/opt/airflow/dags/test_dag.py                           1           0  0.20s           2024-05-08T13:29:41
================================================================================
[2024-05-08T13:30:12.673+0000] {manager.py:878} INFO - 
================================================================================
DAG File Processing Stats

File Path                      PID    Runtime      # DAGs    # Errors  Last Runtime    Last Run
-----------------------------  -----  ---------  --------  ----------  --------------  -------------------
/opt/airflow/dags/test_dag.py                           1           0  0.20s           2024-05-08T13:30:12
================================================================================
[2024-05-08T13:30:43.363+0000] {manager.py:878} INFO - 
================================================================================
DAG File Processing Stats

File Path                      PID    Runtime      # DAGs    # Errors  Last Runtime    Last Run
-----------------------------  -----  ---------  --------  ----------  --------------  -------------------
/opt/airflow/dags/test_dag.py                           1           0  0.20s           2024-05-08T13:30:43
================================================================================
[2024-05-08T13:31:07.363+0000] {manager.py:737} INFO - Searching for files in /opt/airflow/dags
[2024-05-08T13:31:07.383+0000] {manager.py:740} INFO - There are 1 files in /opt/airflow/dags
[2024-05-08T13:31:14.006+0000] {manager.py:878} INFO - 
================================================================================
DAG File Processing Stats

File Path                      PID    Runtime      # DAGs    # Errors  Last Runtime    Last Run
-----------------------------  -----  ---------  --------  ----------  --------------  -------------------
/opt/airflow/dags/test_dag.py                           1           0  0.20s           2024-05-08T13:31:14
================================================================================
[2024-05-08T13:31:44.695+0000] {manager.py:878} INFO - 
================================================================================
DAG File Processing Stats

File Path                      PID    Runtime      # DAGs    # Errors  Last Runtime    Last Run
-----------------------------  -----  ---------  --------  ----------  --------------  -------------------
/opt/airflow/dags/test_dag.py                           1           0  0.20s           2024-05-08T13:31:44
================================================================================
[2024-05-08T13:32:15.324+0000] {manager.py:878} INFO - 
================================================================================
DAG File Processing Stats

File Path                      PID    Runtime      # DAGs    # Errors  Last Runtime    Last Run
-----------------------------  -----  ---------  --------  ----------  --------------  -------------------
/opt/airflow/dags/test_dag.py                           1           0  0.20s           2024-05-08T13:32:15
================================================================================
[2024-05-08T13:32:46.016+0000] {manager.py:878} INFO - 
================================================================================
DAG File Processing Stats

File Path                      PID    Runtime      # DAGs    # Errors  Last Runtime    Last Run
-----------------------------  -----  ---------  --------  ----------  --------------  -------------------
/opt/airflow/dags/test_dag.py                           1           0  0.20s           2024-05-08T13:32:46
================================================================================
[2024-05-08T13:33:16.707+0000] {manager.py:878} INFO - 
================================================================================
DAG File Processing Stats

File Path                      PID    Runtime      # DAGs    # Errors  Last Runtime    Last Run
-----------------------------  -----  ---------  --------  ----------  --------------  -------------------
/opt/airflow/dags/test_dag.py                           1           0  0.20s           2024-05-08T13:33:16
================================================================================
[2024-05-08T13:33:47.412+0000] {manager.py:878} INFO - 
================================================================================
DAG File Processing Stats

File Path                      PID    Runtime      # DAGs    # Errors  Last Runtime    Last Run
-----------------------------  -----  ---------  --------  ----------  --------------  -------------------
/opt/airflow/dags/test_dag.py                           1           0  0.20s           2024-05-08T13:33:47
================================================================================
[2024-05-08T13:34:18.111+0000] {manager.py:878} INFO - 
================================================================================
DAG File Processing Stats

File Path                      PID    Runtime      # DAGs    # Errors  Last Runtime    Last Run
-----------------------------  -----  ---------  --------  ----------  --------------  -------------------
/opt/airflow/dags/test_dag.py                           1           0  0.20s           2024-05-08T13:34:18
================================================================================
[2024-05-08T13:34:48.799+0000] {manager.py:878} INFO - 
================================================================================
DAG File Processing Stats

File Path                      PID    Runtime      # DAGs    # Errors  Last Runtime    Last Run
-----------------------------  -----  ---------  --------  ----------  --------------  -------------------
/opt/airflow/dags/test_dag.py                           1           0  0.20s           2024-05-08T13:34:48
================================================================================
[2024-05-08T13:35:19.480+0000] {manager.py:878} INFO - 
================================================================================
DAG File Processing Stats

File Path                      PID    Runtime      # DAGs    # Errors  Last Runtime    Last Run
-----------------------------  -----  ---------  --------  ----------  --------------  -------------------
/opt/airflow/dags/test_dag.py                           1           0  0.20s           2024-05-08T13:35:19
================================================================================
[2024-05-08T13:35:50.168+0000] {manager.py:878} INFO - 
================================================================================
DAG File Processing Stats

File Path                      PID    Runtime      # DAGs    # Errors  Last Runtime    Last Run
-----------------------------  -----  ---------  --------  ----------  --------------  -------------------
/opt/airflow/dags/test_dag.py                           1           0  0.20s           2024-05-08T13:35:50
================================================================================
[2024-05-08T13:36:07.474+0000] {manager.py:737} INFO - Searching for files in /opt/airflow/dags
[2024-05-08T13:36:07.494+0000] {manager.py:740} INFO - There are 1 files in /opt/airflow/dags
[2024-05-08T13:36:20.855+0000] {manager.py:878} INFO - 
================================================================================
DAG File Processing Stats

File Path                      PID    Runtime      # DAGs    # Errors  Last Runtime    Last Run
-----------------------------  -----  ---------  --------  ----------  --------------  -------------------
/opt/airflow/dags/test_dag.py                           1           0  0.20s           2024-05-08T13:36:20
================================================================================
[2024-05-08T13:36:51.367+0000] {manager.py:878} INFO - 
================================================================================
DAG File Processing Stats

File Path                      PID    Runtime      # DAGs    # Errors  Last Runtime    Last Run
-----------------------------  -----  ---------  --------  ----------  --------------  -------------------
/opt/airflow/dags/test_dag.py                           1           0  0.20s           2024-05-08T13:36:51
================================================================================
[2024-05-08T13:37:21.778+0000] {manager.py:878} INFO - 
================================================================================
DAG File Processing Stats

File Path                      PID    Runtime      # DAGs    # Errors  Last Runtime    Last Run
-----------------------------  -----  ---------  --------  ----------  --------------  -------------------
/opt/airflow/dags/test_dag.py                           1           0  0.20s           2024-05-08T13:37:21
================================================================================
[2024-05-08T13:37:52.172+0000] {manager.py:878} INFO - 
================================================================================
DAG File Processing Stats

File Path                      PID    Runtime      # DAGs    # Errors  Last Runtime    Last Run
-----------------------------  -----  ---------  --------  ----------  --------------  -------------------
/opt/airflow/dags/test_dag.py                           1           0  0.20s           2024-05-08T13:37:52
================================================================================
[2024-05-08T13:38:22.566+0000] {manager.py:878} INFO - 
================================================================================
DAG File Processing Stats

File Path                      PID    Runtime      # DAGs    # Errors  Last Runtime    Last Run
-----------------------------  -----  ---------  --------  ----------  --------------  -------------------
/opt/airflow/dags/test_dag.py                           1           0  0.20s           2024-05-08T13:38:22
================================================================================
[2024-05-08T13:38:52.976+0000] {manager.py:878} INFO - 
================================================================================
DAG File Processing Stats

File Path                      PID    Runtime      # DAGs    # Errors  Last Runtime    Last Run
-----------------------------  -----  ---------  --------  ----------  --------------  -------------------
/opt/airflow/dags/test_dag.py                           1           0  0.20s           2024-05-08T13:38:52
================================================================================
[2024-05-08T13:39:23.371+0000] {manager.py:878} INFO - 
================================================================================
DAG File Processing Stats

File Path                      PID    Runtime      # DAGs    # Errors  Last Runtime    Last Run
-----------------------------  -----  ---------  --------  ----------  --------------  -------------------
/opt/airflow/dags/test_dag.py                           1           0  0.20s           2024-05-08T13:39:23
================================================================================
[2024-05-08T13:39:53.586+0000] {manager.py:878} INFO - 
================================================================================
DAG File Processing Stats

File Path                      PID    Runtime      # DAGs    # Errors  Last Runtime    Last Run
-----------------------------  -----  ---------  --------  ----------  --------------  -------------------
/opt/airflow/dags/test_dag.py                           1           0  0.20s           2024-05-08T13:39:53
================================================================================
[2024-05-08T13:40:23.990+0000] {manager.py:878} INFO - 
================================================================================
DAG File Processing Stats

File Path                      PID    Runtime      # DAGs    # Errors  Last Runtime    Last Run
-----------------------------  -----  ---------  --------  ----------  --------------  -------------------
/opt/airflow/dags/test_dag.py                           1           0  0.20s           2024-05-08T13:40:23
================================================================================
[2024-05-08T13:40:54.344+0000] {manager.py:878} INFO - 
================================================================================
DAG File Processing Stats

File Path                      PID    Runtime      # DAGs    # Errors  Last Runtime    Last Run
-----------------------------  -----  ---------  --------  ----------  --------------  -------------------
/opt/airflow/dags/test_dag.py                           1           0  0.20s           2024-05-08T13:40:54
================================================================================
[2024-05-08T13:41:07.593+0000] {manager.py:737} INFO - Searching for files in /opt/airflow/dags
[2024-05-08T13:41:07.613+0000] {manager.py:740} INFO - There are 1 files in /opt/airflow/dags
[2024-05-08T13:41:24.742+0000] {manager.py:878} INFO - 
================================================================================
DAG File Processing Stats

File Path                      PID    Runtime      # DAGs    # Errors  Last Runtime    Last Run
-----------------------------  -----  ---------  --------  ----------  --------------  -------------------
/opt/airflow/dags/test_dag.py                           1           0  0.20s           2024-05-08T13:41:24
================================================================================
[2024-05-08T13:41:55.140+0000] {manager.py:878} INFO - 
================================================================================
DAG File Processing Stats

File Path                      PID    Runtime      # DAGs    # Errors  Last Runtime    Last Run
-----------------------------  -----  ---------  --------  ----------  --------------  -------------------
/opt/airflow/dags/test_dag.py                           1           0  0.20s           2024-05-08T13:41:55
================================================================================
[2024-05-08T13:42:25.541+0000] {manager.py:878} INFO - 
================================================================================
DAG File Processing Stats

File Path                      PID    Runtime      # DAGs    # Errors  Last Runtime    Last Run
-----------------------------  -----  ---------  --------  ----------  --------------  -------------------
/opt/airflow/dags/test_dag.py                           1           0  0.20s           2024-05-08T13:42:25
================================================================================
[2024-05-08T13:42:55.932+0000] {manager.py:878} INFO - 
================================================================================
DAG File Processing Stats

File Path                      PID    Runtime      # DAGs    # Errors  Last Runtime    Last Run
-----------------------------  -----  ---------  --------  ----------  --------------  -------------------
/opt/airflow/dags/test_dag.py                           1           0  0.20s           2024-05-08T13:42:55
================================================================================
[2024-05-08T13:43:26.337+0000] {manager.py:878} INFO - 
================================================================================
DAG File Processing Stats

File Path                      PID    Runtime      # DAGs    # Errors  Last Runtime    Last Run
-----------------------------  -----  ---------  --------  ----------  --------------  -------------------
/opt/airflow/dags/test_dag.py                           1           0  0.20s           2024-05-08T13:43:26
================================================================================
[2024-05-08T13:43:56.730+0000] {manager.py:878} INFO - 
================================================================================
DAG File Processing Stats

File Path                      PID    Runtime      # DAGs    # Errors  Last Runtime    Last Run
-----------------------------  -----  ---------  --------  ----------  --------------  -------------------
/opt/airflow/dags/test_dag.py                           1           0  0.20s           2024-05-08T13:43:56
================================================================================
[2024-05-08T13:44:27.130+0000] {manager.py:878} INFO - 
================================================================================
DAG File Processing Stats

File Path                      PID    Runtime      # DAGs    # Errors  Last Runtime    Last Run
-----------------------------  -----  ---------  --------  ----------  --------------  -------------------
/opt/airflow/dags/test_dag.py                           1           0  0.20s           2024-05-08T13:44:27
================================================================================
[2024-05-08T13:44:57.471+0000] {manager.py:878} INFO - 
================================================================================
DAG File Processing Stats

File Path                      PID    Runtime      # DAGs    # Errors  Last Runtime    Last Run
-----------------------------  -----  ---------  --------  ----------  --------------  -------------------
/opt/airflow/dags/test_dag.py                           1           0  0.20s           2024-05-08T13:44:57
================================================================================
[2024-05-08T13:45:27.689+0000] {manager.py:878} INFO - 
================================================================================
DAG File Processing Stats

File Path                      PID    Runtime      # DAGs    # Errors  Last Runtime    Last Run
-----------------------------  -----  ---------  --------  ----------  --------------  -------------------
/opt/airflow/dags/test_dag.py                           1           0  0.20s           2024-05-08T13:45:27
================================================================================
[2024-05-08T13:45:57.992+0000] {manager.py:878} INFO - 
================================================================================
DAG File Processing Stats

File Path                      PID    Runtime      # DAGs    # Errors  Last Runtime    Last Run
-----------------------------  -----  ---------  --------  ----------  --------------  -------------------
/opt/airflow/dags/test_dag.py                           1           0  0.20s           2024-05-08T13:45:57
================================================================================
[2024-05-08T13:46:07.702+0000] {manager.py:737} INFO - Searching for files in /opt/airflow/dags
[2024-05-08T13:46:07.721+0000] {manager.py:740} INFO - There are 1 files in /opt/airflow/dags
[2024-05-08T13:46:28.331+0000] {manager.py:878} INFO - 
================================================================================
DAG File Processing Stats

File Path                      PID    Runtime      # DAGs    # Errors  Last Runtime    Last Run
-----------------------------  -----  ---------  --------  ----------  --------------  -------------------
/opt/airflow/dags/test_dag.py                           1           0  0.20s           2024-05-08T13:46:28
================================================================================
[2024-05-08T13:46:58.673+0000] {manager.py:878} INFO - 
================================================================================
DAG File Processing Stats

File Path                      PID    Runtime      # DAGs    # Errors  Last Runtime    Last Run
-----------------------------  -----  ---------  --------  ----------  --------------  -------------------
/opt/airflow/dags/test_dag.py                           1           0  0.20s           2024-05-08T13:46:58
================================================================================
[2024-05-08T13:47:29.010+0000] {manager.py:878} INFO - 
================================================================================
DAG File Processing Stats

File Path                      PID    Runtime      # DAGs    # Errors  Last Runtime    Last Run
-----------------------------  -----  ---------  --------  ----------  --------------  -------------------
/opt/airflow/dags/test_dag.py                           1           0  0.20s           2024-05-08T13:47:29
================================================================================
[2024-05-08T13:47:59.340+0000] {manager.py:878} INFO - 
================================================================================
DAG File Processing Stats

File Path                      PID    Runtime      # DAGs    # Errors  Last Runtime    Last Run
-----------------------------  -----  ---------  --------  ----------  --------------  -------------------
/opt/airflow/dags/test_dag.py                           1           0  0.20s           2024-05-08T13:47:59
================================================================================
[2024-05-08T13:48:29.672+0000] {manager.py:878} INFO - 
================================================================================
DAG File Processing Stats

File Path                      PID    Runtime      # DAGs    # Errors  Last Runtime    Last Run
-----------------------------  -----  ---------  --------  ----------  --------------  -------------------
/opt/airflow/dags/test_dag.py                           1           0  0.20s           2024-05-08T13:48:29
================================================================================
[2024-05-08T13:49:00.011+0000] {manager.py:878} INFO - 
================================================================================
DAG File Processing Stats

File Path                      PID    Runtime      # DAGs    # Errors  Last Runtime    Last Run
-----------------------------  -----  ---------  --------  ----------  --------------  -------------------
/opt/airflow/dags/test_dag.py                           1           0  0.20s           2024-05-08T13:49:00
================================================================================
[2024-05-08T13:49:30.277+0000] {manager.py:878} INFO - 
================================================================================
DAG File Processing Stats

File Path                      PID    Runtime      # DAGs    # Errors  Last Runtime    Last Run
-----------------------------  -----  ---------  --------  ----------  --------------  -------------------
/opt/airflow/dags/test_dag.py                           1           0  0.20s           2024-05-08T13:49:30
================================================================================
[2024-05-08T13:50:00.574+0000] {manager.py:878} INFO - 
================================================================================
DAG File Processing Stats

File Path                      PID    Runtime      # DAGs    # Errors  Last Runtime    Last Run
-----------------------------  -----  ---------  --------  ----------  --------------  -------------------
/opt/airflow/dags/test_dag.py                           1           0  0.20s           2024-05-08T13:50:00
================================================================================
[2024-05-08T13:50:30.917+0000] {manager.py:878} INFO - 
================================================================================
DAG File Processing Stats

File Path                      PID    Runtime      # DAGs    # Errors  Last Runtime    Last Run
-----------------------------  -----  ---------  --------  ----------  --------------  -------------------
/opt/airflow/dags/test_dag.py                           1           0  0.20s           2024-05-08T13:50:30
================================================================================
[2024-05-08T13:51:01.253+0000] {manager.py:878} INFO - 
================================================================================
DAG File Processing Stats

File Path                      PID    Runtime      # DAGs    # Errors  Last Runtime    Last Run
-----------------------------  -----  ---------  --------  ----------  --------------  -------------------
/opt/airflow/dags/test_dag.py                           1           0  0.20s           2024-05-08T13:51:01
================================================================================
[2024-05-08T13:51:07.805+0000] {manager.py:737} INFO - Searching for files in /opt/airflow/dags
[2024-05-08T13:51:07.825+0000] {manager.py:740} INFO - There are 1 files in /opt/airflow/dags
[2024-05-08T13:51:31.613+0000] {manager.py:878} INFO - 
================================================================================
DAG File Processing Stats

File Path                      PID    Runtime      # DAGs    # Errors  Last Runtime    Last Run
-----------------------------  -----  ---------  --------  ----------  --------------  -------------------
/opt/airflow/dags/test_dag.py                           1           0  0.20s           2024-05-08T13:51:31
================================================================================
[2024-05-08T13:52:01.955+0000] {manager.py:878} INFO - 
================================================================================
DAG File Processing Stats

File Path                      PID    Runtime      # DAGs    # Errors  Last Runtime    Last Run
-----------------------------  -----  ---------  --------  ----------  --------------  -------------------
/opt/airflow/dags/test_dag.py                           1           0  0.20s           2024-05-08T13:52:01
================================================================================
[2024-05-08T13:52:32.290+0000] {manager.py:878} INFO - 
================================================================================
DAG File Processing Stats

File Path                      PID    Runtime      # DAGs    # Errors  Last Runtime    Last Run
-----------------------------  -----  ---------  --------  ----------  --------------  -------------------
/opt/airflow/dags/test_dag.py                           1           0  0.20s           2024-05-08T13:52:32
================================================================================
[2024-05-08T13:53:02.626+0000] {manager.py:878} INFO - 
================================================================================
DAG File Processing Stats

File Path                      PID    Runtime      # DAGs    # Errors  Last Runtime    Last Run
-----------------------------  -----  ---------  --------  ----------  --------------  -------------------
/opt/airflow/dags/test_dag.py                           1           0  0.20s           2024-05-08T13:53:02
================================================================================
[2024-05-08T13:53:32.903+0000] {manager.py:878} INFO - 
================================================================================
DAG File Processing Stats

File Path                      PID    Runtime      # DAGs    # Errors  Last Runtime    Last Run
-----------------------------  -----  ---------  --------  ----------  --------------  -------------------
/opt/airflow/dags/test_dag.py                           1           0  0.20s           2024-05-08T13:53:32
================================================================================
[2024-05-08T13:54:03.226+0000] {manager.py:878} INFO - 
================================================================================
DAG File Processing Stats

File Path                      PID    Runtime      # DAGs    # Errors  Last Runtime    Last Run
-----------------------------  -----  ---------  --------  ----------  --------------  -------------------
/opt/airflow/dags/test_dag.py                           1           0  0.20s           2024-05-08T13:54:03
================================================================================
[2024-05-08T13:54:33.572+0000] {manager.py:878} INFO - 
================================================================================
DAG File Processing Stats

File Path                      PID    Runtime      # DAGs    # Errors  Last Runtime    Last Run
-----------------------------  -----  ---------  --------  ----------  --------------  -------------------
/opt/airflow/dags/test_dag.py                           1           0  0.20s           2024-05-08T13:54:33
================================================================================
[2024-05-08T13:55:03.910+0000] {manager.py:878} INFO - 
================================================================================
DAG File Processing Stats

File Path                      PID    Runtime      # DAGs    # Errors  Last Runtime    Last Run
-----------------------------  -----  ---------  --------  ----------  --------------  -------------------
/opt/airflow/dags/test_dag.py                           1           0  0.20s           2024-05-08T13:55:03
================================================================================
[2024-05-08T13:55:34.249+0000] {manager.py:878} INFO - 
================================================================================
DAG File Processing Stats

File Path                      PID    Runtime      # DAGs    # Errors  Last Runtime    Last Run
-----------------------------  -----  ---------  --------  ----------  --------------  -------------------
/opt/airflow/dags/test_dag.py                           1           0  0.20s           2024-05-08T13:55:34
================================================================================
[2024-05-08T13:56:04.604+0000] {manager.py:878} INFO - 
================================================================================
DAG File Processing Stats

File Path                      PID    Runtime      # DAGs    # Errors  Last Runtime    Last Run
-----------------------------  -----  ---------  --------  ----------  --------------  -------------------
/opt/airflow/dags/test_dag.py                           1           0  0.20s           2024-05-08T13:56:04
================================================================================
[2024-05-08T13:56:07.823+0000] {manager.py:737} INFO - Searching for files in /opt/airflow/dags
[2024-05-08T13:56:07.845+0000] {manager.py:740} INFO - There are 1 files in /opt/airflow/dags
[2024-05-08T13:56:34.961+0000] {manager.py:878} INFO - 
================================================================================
DAG File Processing Stats

File Path                      PID    Runtime      # DAGs    # Errors  Last Runtime    Last Run
-----------------------------  -----  ---------  --------  ----------  --------------  -------------------
/opt/airflow/dags/test_dag.py                           1           0  0.20s           2024-05-08T13:56:34
================================================================================
[2024-05-08T13:56:47.603+0000] {manager.py:470} INFO - Processing files using up to 1 processes at a time 
[2024-05-08T13:56:47.604+0000] {manager.py:471} INFO - Process each file at most once every 30 seconds
[2024-05-08T13:56:47.605+0000] {manager.py:472} INFO - Checking for new files in /opt/airflow/dags every 300 seconds
[2024-05-08T13:56:47.605+0000] {manager.py:737} INFO - Searching for files in /opt/airflow/dags
[2024-05-08T13:56:47.627+0000] {manager.py:740} INFO - There are 1 files in /opt/airflow/dags
[2024-05-08T13:56:47.913+0000] {manager.py:878} INFO - 
================================================================================
DAG File Processing Stats

File Path                      PID    Runtime      # DAGs    # Errors  Last Runtime    Last Run
-----------------------------  -----  ---------  --------  ----------  --------------  -------------------
/opt/airflow/dags/test_dag.py                           1           0  0.20s           2024-05-08T13:56:47
================================================================================
[2024-05-08T13:57:19.146+0000] {manager.py:878} INFO - 
================================================================================
DAG File Processing Stats

File Path                      PID    Runtime      # DAGs    # Errors  Last Runtime    Last Run
-----------------------------  -----  ---------  --------  ----------  --------------  -------------------
/opt/airflow/dags/test_dag.py                           1           0  0.20s           2024-05-08T13:57:19
================================================================================
[2024-05-08T13:57:49.623+0000] {manager.py:878} INFO - 
================================================================================
DAG File Processing Stats

File Path                      PID    Runtime      # DAGs    # Errors  Last Runtime    Last Run
-----------------------------  -----  ---------  --------  ----------  --------------  -------------------
/opt/airflow/dags/test_dag.py                           1           0  0.20s           2024-05-08T13:57:49
================================================================================
[2024-05-09T05:59:57.559+0000] {manager.py:470} INFO - Processing files using up to 1 processes at a time 
[2024-05-09T05:59:57.560+0000] {manager.py:471} INFO - Process each file at most once every 30 seconds
[2024-05-09T05:59:57.560+0000] {manager.py:472} INFO - Checking for new files in /opt/airflow/dags every 300 seconds
[2024-05-09T05:59:57.561+0000] {manager.py:737} INFO - Searching for files in /opt/airflow/dags
[2024-05-09T05:59:57.583+0000] {manager.py:740} INFO - There are 1 files in /opt/airflow/dags
[2024-05-09T05:59:57.903+0000] {manager.py:878} INFO - 
================================================================================
DAG File Processing Stats

File Path                      PID    Runtime      # DAGs    # Errors  Last Runtime    Last Run
-----------------------------  -----  ---------  --------  ----------  --------------  -------------------
/opt/airflow/dags/test_dag.py                           1           0  0.20s           2024-05-09T05:59:57
================================================================================
[2024-05-09T06:00:28.115+0000] {manager.py:878} INFO - 
================================================================================
DAG File Processing Stats

File Path                      PID    Runtime      # DAGs    # Errors  Last Runtime    Last Run
-----------------------------  -----  ---------  --------  ----------  --------------  -------------------
/opt/airflow/dags/test_dag.py                           1           0  0.20s           2024-05-09T06:00:28
================================================================================
[2024-05-09T06:00:58.811+0000] {manager.py:878} INFO - 
================================================================================
DAG File Processing Stats

File Path                      PID    Runtime      # DAGs    # Errors  Last Runtime    Last Run
-----------------------------  -----  ---------  --------  ----------  --------------  -------------------
/opt/airflow/dags/test_dag.py                           1           0  0.20s           2024-05-09T06:00:58
================================================================================
[2024-05-09T06:01:29.365+0000] {manager.py:878} INFO - 
================================================================================
DAG File Processing Stats

File Path                      PID    Runtime      # DAGs    # Errors  Last Runtime    Last Run
-----------------------------  -----  ---------  --------  ----------  --------------  -------------------
/opt/airflow/dags/test_dag.py                           1           0  0.20s           2024-05-09T06:01:29
================================================================================
[2024-05-09T06:02:00.089+0000] {manager.py:878} INFO - 
================================================================================
DAG File Processing Stats

File Path                      PID    Runtime      # DAGs    # Errors  Last Runtime    Last Run
-----------------------------  -----  ---------  --------  ----------  --------------  -------------------
/opt/airflow/dags/test_dag.py                           1           0  0.20s           2024-05-09T06:02:00
================================================================================
[2024-05-09T06:02:30.737+0000] {manager.py:878} INFO - 
================================================================================
DAG File Processing Stats

File Path                      PID    Runtime      # DAGs    # Errors  Last Runtime    Last Run
-----------------------------  -----  ---------  --------  ----------  --------------  -------------------
/opt/airflow/dags/test_dag.py                           1           0  0.20s           2024-05-09T06:02:30
================================================================================
[2024-05-09T06:03:00.991+0000] {manager.py:878} INFO - 
================================================================================
DAG File Processing Stats

File Path                      PID    Runtime      # DAGs    # Errors  Last Runtime    Last Run
-----------------------------  -----  ---------  --------  ----------  --------------  -------------------
/opt/airflow/dags/test_dag.py                           1           0  0.20s           2024-05-09T06:03:00
================================================================================
[2024-05-09T06:03:31.935+0000] {manager.py:878} INFO - 
================================================================================
DAG File Processing Stats

File Path                      PID    Runtime      # DAGs    # Errors  Last Runtime    Last Run
-----------------------------  -----  ---------  --------  ----------  --------------  -------------------
/opt/airflow/dags/test_dag.py                           1           0  0.20s           2024-05-09T06:03:31
================================================================================
[2024-05-09T06:04:02.463+0000] {manager.py:878} INFO - 
================================================================================
DAG File Processing Stats

File Path                      PID    Runtime      # DAGs    # Errors  Last Runtime    Last Run
-----------------------------  -----  ---------  --------  ----------  --------------  -------------------
/opt/airflow/dags/test_dag.py                           1           0  0.20s           2024-05-09T06:04:02
================================================================================
[2024-05-09T06:04:33.215+0000] {manager.py:878} INFO - 
================================================================================
DAG File Processing Stats

File Path                      PID    Runtime      # DAGs    # Errors  Last Runtime    Last Run
-----------------------------  -----  ---------  --------  ----------  --------------  -------------------
/opt/airflow/dags/test_dag.py                           1           0  0.20s           2024-05-09T06:04:33
================================================================================
[2024-05-09T06:04:57.566+0000] {manager.py:737} INFO - Searching for files in /opt/airflow/dags
[2024-05-09T06:04:57.586+0000] {manager.py:740} INFO - There are 1 files in /opt/airflow/dags
[2024-05-09T06:05:03.903+0000] {manager.py:878} INFO - 
================================================================================
DAG File Processing Stats

File Path                      PID    Runtime      # DAGs    # Errors  Last Runtime    Last Run
-----------------------------  -----  ---------  --------  ----------  --------------  -------------------
/opt/airflow/dags/test_dag.py                           1           0  0.20s           2024-05-09T06:05:03
================================================================================
[2024-05-09T06:05:34.607+0000] {manager.py:878} INFO - 
================================================================================
DAG File Processing Stats

File Path                      PID    Runtime      # DAGs    # Errors  Last Runtime    Last Run
-----------------------------  -----  ---------  --------  ----------  --------------  -------------------
/opt/airflow/dags/test_dag.py                           1           0  0.20s           2024-05-09T06:05:34
================================================================================
[2024-05-09T06:06:05.259+0000] {manager.py:878} INFO - 
================================================================================
DAG File Processing Stats

File Path                      PID    Runtime      # DAGs    # Errors  Last Runtime    Last Run
-----------------------------  -----  ---------  --------  ----------  --------------  -------------------
/opt/airflow/dags/test_dag.py                           1           0  0.20s           2024-05-09T06:06:05
================================================================================
[2024-05-09T06:06:36.014+0000] {manager.py:878} INFO - 
================================================================================
DAG File Processing Stats

File Path                      PID    Runtime      # DAGs    # Errors  Last Runtime    Last Run
-----------------------------  -----  ---------  --------  ----------  --------------  -------------------
/opt/airflow/dags/test_dag.py                           1           0  0.20s           2024-05-09T06:06:36
================================================================================
[2024-05-09T06:07:06.736+0000] {manager.py:878} INFO - 
================================================================================
DAG File Processing Stats

File Path                      PID    Runtime      # DAGs    # Errors  Last Runtime    Last Run
-----------------------------  -----  ---------  --------  ----------  --------------  -------------------
/opt/airflow/dags/test_dag.py                           1           0  0.20s           2024-05-09T06:07:06
================================================================================
[2024-05-09T06:07:37.469+0000] {manager.py:878} INFO - 
================================================================================
DAG File Processing Stats

File Path                      PID    Runtime      # DAGs    # Errors  Last Runtime    Last Run
-----------------------------  -----  ---------  --------  ----------  --------------  -------------------
/opt/airflow/dags/test_dag.py                           1           0  0.20s           2024-05-09T06:07:37
================================================================================
[2024-05-09T06:08:08.181+0000] {manager.py:878} INFO - 
================================================================================
DAG File Processing Stats

File Path                      PID    Runtime      # DAGs    # Errors  Last Runtime    Last Run
-----------------------------  -----  ---------  --------  ----------  --------------  -------------------
/opt/airflow/dags/test_dag.py                           1           0  0.20s           2024-05-09T06:08:08
================================================================================
[2024-05-09T06:08:38.919+0000] {manager.py:878} INFO - 
================================================================================
DAG File Processing Stats

File Path                      PID    Runtime      # DAGs    # Errors  Last Runtime    Last Run
-----------------------------  -----  ---------  --------  ----------  --------------  -------------------
/opt/airflow/dags/test_dag.py                           1           0  0.20s           2024-05-09T06:08:38
================================================================================
[2024-05-09T06:09:09.597+0000] {manager.py:878} INFO - 
================================================================================
DAG File Processing Stats

File Path                      PID    Runtime      # DAGs    # Errors  Last Runtime    Last Run
-----------------------------  -----  ---------  --------  ----------  --------------  -------------------
/opt/airflow/dags/test_dag.py                           1           0  0.20s           2024-05-09T06:09:09
================================================================================
[2024-05-09T06:09:40.387+0000] {manager.py:878} INFO - 
================================================================================
DAG File Processing Stats

File Path                      PID    Runtime      # DAGs    # Errors  Last Runtime    Last Run
-----------------------------  -----  ---------  --------  ----------  --------------  -------------------
/opt/airflow/dags/test_dag.py                           1           0  0.20s           2024-05-09T06:09:40
================================================================================
[2024-05-09T06:09:57.667+0000] {manager.py:737} INFO - Searching for files in /opt/airflow/dags
[2024-05-09T06:09:57.686+0000] {manager.py:740} INFO - There are 1 files in /opt/airflow/dags
[2024-05-09T06:10:11.201+0000] {manager.py:878} INFO - 
================================================================================
DAG File Processing Stats

File Path                      PID    Runtime      # DAGs    # Errors  Last Runtime    Last Run
-----------------------------  -----  ---------  --------  ----------  --------------  -------------------
/opt/airflow/dags/test_dag.py                           1           0  0.20s           2024-05-09T06:10:11
================================================================================
[2024-05-09T06:10:42.028+0000] {manager.py:878} INFO - 
================================================================================
DAG File Processing Stats

File Path                      PID    Runtime      # DAGs    # Errors  Last Runtime    Last Run
-----------------------------  -----  ---------  --------  ----------  --------------  -------------------
/opt/airflow/dags/test_dag.py                           1           0  0.20s           2024-05-09T06:10:42
================================================================================
[2024-05-09T06:11:12.512+0000] {manager.py:878} INFO - 
================================================================================
DAG File Processing Stats

File Path                      PID    Runtime      # DAGs    # Errors  Last Runtime    Last Run
-----------------------------  -----  ---------  --------  ----------  --------------  -------------------
/opt/airflow/dags/test_dag.py                           1           0  0.20s           2024-05-09T06:11:12
================================================================================
[2024-05-09T06:11:42.951+0000] {manager.py:878} INFO - 
================================================================================
DAG File Processing Stats

File Path                      PID    Runtime      # DAGs    # Errors  Last Runtime    Last Run
-----------------------------  -----  ---------  --------  ----------  --------------  -------------------
/opt/airflow/dags/test_dag.py                           1           0  0.21s           2024-05-09T06:11:42
================================================================================
[2024-05-09T06:12:13.359+0000] {manager.py:878} INFO - 
================================================================================
DAG File Processing Stats

File Path                      PID    Runtime      # DAGs    # Errors  Last Runtime    Last Run
-----------------------------  -----  ---------  --------  ----------  --------------  -------------------
/opt/airflow/dags/test_dag.py                           1           0  0.21s           2024-05-09T06:12:13
================================================================================
[2024-05-09T06:12:43.817+0000] {manager.py:878} INFO - 
================================================================================
DAG File Processing Stats

File Path                      PID    Runtime      # DAGs    # Errors  Last Runtime    Last Run
-----------------------------  -----  ---------  --------  ----------  --------------  -------------------
/opt/airflow/dags/test_dag.py                           1           0  0.21s           2024-05-09T06:12:43
================================================================================
[2024-05-09T06:13:14.279+0000] {manager.py:878} INFO - 
================================================================================
DAG File Processing Stats

File Path                      PID    Runtime      # DAGs    # Errors  Last Runtime    Last Run
-----------------------------  -----  ---------  --------  ----------  --------------  -------------------
/opt/airflow/dags/test_dag.py                           1           0  0.21s           2024-05-09T06:13:14
================================================================================
[2024-05-09T06:13:44.755+0000] {manager.py:878} INFO - 
================================================================================
DAG File Processing Stats

File Path                      PID    Runtime      # DAGs    # Errors  Last Runtime    Last Run
-----------------------------  -----  ---------  --------  ----------  --------------  -------------------
/opt/airflow/dags/test_dag.py                           1           0  0.20s           2024-05-09T06:13:44
================================================================================
[2024-05-09T06:14:15.330+0000] {manager.py:878} INFO - 
================================================================================
DAG File Processing Stats

File Path                      PID    Runtime      # DAGs    # Errors  Last Runtime    Last Run
-----------------------------  -----  ---------  --------  ----------  --------------  -------------------
/opt/airflow/dags/test_dag.py                           1           0  0.31s           2024-05-09T06:14:15
================================================================================
[2024-05-09T06:14:45.802+0000] {manager.py:878} INFO - 
================================================================================
DAG File Processing Stats

File Path                      PID    Runtime      # DAGs    # Errors  Last Runtime    Last Run
-----------------------------  -----  ---------  --------  ----------  --------------  -------------------
/opt/airflow/dags/test_dag.py                           1           0  0.20s           2024-05-09T06:14:45
================================================================================
[2024-05-09T06:14:57.801+0000] {manager.py:737} INFO - Searching for files in /opt/airflow/dags
[2024-05-09T06:14:57.823+0000] {manager.py:740} INFO - There are 1 files in /opt/airflow/dags
[2024-05-09T06:15:16.258+0000] {manager.py:878} INFO - 
================================================================================
DAG File Processing Stats

File Path                      PID    Runtime      # DAGs    # Errors  Last Runtime    Last Run
-----------------------------  -----  ---------  --------  ----------  --------------  -------------------
/opt/airflow/dags/test_dag.py                           1           0  0.20s           2024-05-09T06:15:16
================================================================================
[2024-05-09T06:15:46.685+0000] {manager.py:878} INFO - 
================================================================================
DAG File Processing Stats

File Path                      PID    Runtime      # DAGs    # Errors  Last Runtime    Last Run
-----------------------------  -----  ---------  --------  ----------  --------------  -------------------
/opt/airflow/dags/test_dag.py                           1           0  0.20s           2024-05-09T06:15:46
================================================================================
[2024-05-09T06:16:16.952+0000] {manager.py:878} INFO - 
================================================================================
DAG File Processing Stats

File Path                      PID    Runtime      # DAGs    # Errors  Last Runtime    Last Run
-----------------------------  -----  ---------  --------  ----------  --------------  -------------------
/opt/airflow/dags/test_dag.py                           1           0  0.20s           2024-05-09T06:16:16
================================================================================
[2024-05-09T06:16:47.406+0000] {manager.py:878} INFO - 
================================================================================
DAG File Processing Stats

File Path                      PID    Runtime      # DAGs    # Errors  Last Runtime    Last Run
-----------------------------  -----  ---------  --------  ----------  --------------  -------------------
/opt/airflow/dags/test_dag.py                           1           0  0.20s           2024-05-09T06:16:47
================================================================================
[2024-05-09T06:17:17.788+0000] {manager.py:878} INFO - 
================================================================================
DAG File Processing Stats

File Path                      PID    Runtime      # DAGs    # Errors  Last Runtime    Last Run
-----------------------------  -----  ---------  --------  ----------  --------------  -------------------
/opt/airflow/dags/test_dag.py                           1           0  0.21s           2024-05-09T06:17:17
================================================================================
[2024-05-09T06:17:48.185+0000] {manager.py:878} INFO - 
================================================================================
DAG File Processing Stats

File Path                      PID    Runtime      # DAGs    # Errors  Last Runtime    Last Run
-----------------------------  -----  ---------  --------  ----------  --------------  -------------------
/opt/airflow/dags/test_dag.py                           1           0  0.20s           2024-05-09T06:17:48
================================================================================
[2024-05-09T06:18:18.554+0000] {manager.py:878} INFO - 
================================================================================
DAG File Processing Stats

File Path                      PID    Runtime      # DAGs    # Errors  Last Runtime    Last Run
-----------------------------  -----  ---------  --------  ----------  --------------  -------------------
/opt/airflow/dags/test_dag.py                           1           0  0.21s           2024-05-09T06:18:18
================================================================================
[2024-05-09T06:18:48.851+0000] {manager.py:878} INFO - 
================================================================================
DAG File Processing Stats

File Path                      PID    Runtime      # DAGs    # Errors  Last Runtime    Last Run
-----------------------------  -----  ---------  --------  ----------  --------------  -------------------
/opt/airflow/dags/test_dag.py                           1           0  0.21s           2024-05-09T06:18:48
================================================================================
[2024-05-09T06:19:19.209+0000] {manager.py:878} INFO - 
================================================================================
DAG File Processing Stats

File Path                      PID    Runtime      # DAGs    # Errors  Last Runtime    Last Run
-----------------------------  -----  ---------  --------  ----------  --------------  -------------------
/opt/airflow/dags/test_dag.py                           1           0  0.21s           2024-05-09T06:19:19
================================================================================
[2024-05-09T06:19:49.571+0000] {manager.py:878} INFO - 
================================================================================
DAG File Processing Stats

File Path                      PID    Runtime      # DAGs    # Errors  Last Runtime    Last Run
-----------------------------  -----  ---------  --------  ----------  --------------  -------------------
/opt/airflow/dags/test_dag.py                           1           0  0.20s           2024-05-09T06:19:49
================================================================================
[2024-05-09T06:19:57.880+0000] {manager.py:737} INFO - Searching for files in /opt/airflow/dags
[2024-05-09T06:19:57.903+0000] {manager.py:740} INFO - There are 1 files in /opt/airflow/dags
[2024-05-09T06:20:19.950+0000] {manager.py:878} INFO - 
================================================================================
DAG File Processing Stats

File Path                      PID    Runtime      # DAGs    # Errors  Last Runtime    Last Run
-----------------------------  -----  ---------  --------  ----------  --------------  -------------------
/opt/airflow/dags/test_dag.py                           1           0  0.20s           2024-05-09T06:20:19
================================================================================
[2024-05-09T06:20:50.276+0000] {manager.py:878} INFO - 
================================================================================
DAG File Processing Stats

File Path                      PID    Runtime      # DAGs    # Errors  Last Runtime    Last Run
-----------------------------  -----  ---------  --------  ----------  --------------  -------------------
/opt/airflow/dags/test_dag.py                           1           0  0.20s           2024-05-09T06:20:50
================================================================================
[2024-05-09T06:21:20.622+0000] {manager.py:878} INFO - 
================================================================================
DAG File Processing Stats

File Path                      PID    Runtime      # DAGs    # Errors  Last Runtime    Last Run
-----------------------------  -----  ---------  --------  ----------  --------------  -------------------
/opt/airflow/dags/test_dag.py                           1           0  0.20s           2024-05-09T06:21:20
================================================================================
[2024-05-09T06:21:50.986+0000] {manager.py:878} INFO - 
================================================================================
DAG File Processing Stats

File Path                      PID    Runtime      # DAGs    # Errors  Last Runtime    Last Run
-----------------------------  -----  ---------  --------  ----------  --------------  -------------------
/opt/airflow/dags/test_dag.py                           1           0  0.20s           2024-05-09T06:21:50
================================================================================
[2024-05-09T06:22:21.341+0000] {manager.py:878} INFO - 
================================================================================
DAG File Processing Stats

File Path                      PID    Runtime      # DAGs    # Errors  Last Runtime    Last Run
-----------------------------  -----  ---------  --------  ----------  --------------  -------------------
/opt/airflow/dags/test_dag.py                           1           0  0.21s           2024-05-09T06:22:21
================================================================================
[2024-05-09T06:22:51.705+0000] {manager.py:878} INFO - 
================================================================================
DAG File Processing Stats

File Path                      PID    Runtime      # DAGs    # Errors  Last Runtime    Last Run
-----------------------------  -----  ---------  --------  ----------  --------------  -------------------
/opt/airflow/dags/test_dag.py                           1           0  0.21s           2024-05-09T06:22:51
================================================================================
[2024-05-09T06:23:22.046+0000] {manager.py:878} INFO - 
================================================================================
DAG File Processing Stats

File Path                      PID    Runtime      # DAGs    # Errors  Last Runtime    Last Run
-----------------------------  -----  ---------  --------  ----------  --------------  -------------------
/opt/airflow/dags/test_dag.py                           1           0  0.20s           2024-05-09T06:23:22
================================================================================
[2024-05-09T06:23:52.426+0000] {manager.py:878} INFO - 
================================================================================
DAG File Processing Stats

File Path                      PID    Runtime      # DAGs    # Errors  Last Runtime    Last Run
-----------------------------  -----  ---------  --------  ----------  --------------  -------------------
/opt/airflow/dags/test_dag.py                           1           0  0.20s           2024-05-09T06:23:52
================================================================================
[2024-05-09T06:24:22.793+0000] {manager.py:878} INFO - 
================================================================================
DAG File Processing Stats

File Path                      PID    Runtime      # DAGs    # Errors  Last Runtime    Last Run
-----------------------------  -----  ---------  --------  ----------  --------------  -------------------
/opt/airflow/dags/test_dag.py                           1           0  0.20s           2024-05-09T06:24:22
================================================================================
[2024-05-09T06:24:53.141+0000] {manager.py:878} INFO - 
================================================================================
DAG File Processing Stats

File Path                      PID    Runtime      # DAGs    # Errors  Last Runtime    Last Run
-----------------------------  -----  ---------  --------  ----------  --------------  -------------------
/opt/airflow/dags/test_dag.py                           1           0  0.20s           2024-05-09T06:24:53
================================================================================
[2024-05-09T06:24:58.065+0000] {manager.py:737} INFO - Searching for files in /opt/airflow/dags
[2024-05-09T06:24:58.085+0000] {manager.py:740} INFO - There are 1 files in /opt/airflow/dags
[2024-05-09T06:25:23.416+0000] {manager.py:878} INFO - 
================================================================================
DAG File Processing Stats

File Path                      PID    Runtime      # DAGs    # Errors  Last Runtime    Last Run
-----------------------------  -----  ---------  --------  ----------  --------------  -------------------
/opt/airflow/dags/test_dag.py                           1           0  0.20s           2024-05-09T06:25:23
================================================================================
[2024-05-09T06:25:53.711+0000] {manager.py:878} INFO - 
================================================================================
DAG File Processing Stats

File Path                      PID    Runtime      # DAGs    # Errors  Last Runtime    Last Run
-----------------------------  -----  ---------  --------  ----------  --------------  -------------------
/opt/airflow/dags/test_dag.py                           1           0  0.20s           2024-05-09T06:25:53
================================================================================
[2024-05-09T06:26:24.046+0000] {manager.py:878} INFO - 
================================================================================
DAG File Processing Stats

File Path                      PID    Runtime      # DAGs    # Errors  Last Runtime    Last Run
-----------------------------  -----  ---------  --------  ----------  --------------  -------------------
/opt/airflow/dags/test_dag.py                           1           0  0.20s           2024-05-09T06:26:24
================================================================================
[2024-05-09T06:26:54.404+0000] {manager.py:878} INFO - 
================================================================================
DAG File Processing Stats

File Path                      PID    Runtime      # DAGs    # Errors  Last Runtime    Last Run
-----------------------------  -----  ---------  --------  ----------  --------------  -------------------
/opt/airflow/dags/test_dag.py                           1           0  0.20s           2024-05-09T06:26:54
================================================================================
