[2024-05-09T08:42:01.241+0000] {local_task_job_runner.py:120} INFO - ::group::Pre task execution logs
[2024-05-09T08:42:01.269+0000] {taskinstance.py:2076} INFO - Dependencies all met for dep_context=non-requeueable deps ti=<TaskInstance: welcome_dag4.read_file manual__2024-05-09T08:41:48.705700+00:00 [queued]>
[2024-05-09T08:42:01.279+0000] {taskinstance.py:2076} INFO - Dependencies all met for dep_context=requeueable deps ti=<TaskInstance: welcome_dag4.read_file manual__2024-05-09T08:41:48.705700+00:00 [queued]>
[2024-05-09T08:42:01.280+0000] {taskinstance.py:2306} INFO - Starting attempt 1 of 1
[2024-05-09T08:42:01.303+0000] {taskinstance.py:2330} INFO - Executing <Task(PythonOperator): read_file> on 2024-05-09 08:41:48.705700+00:00
[2024-05-09T08:42:01.311+0000] {standard_task_runner.py:90} INFO - Running: ['airflow', 'tasks', 'run', 'welcome_dag4', 'read_file', 'manual__2024-05-09T08:41:48.705700+00:00', '--job-id', '21', '--raw', '--subdir', 'DAGS_FOLDER/test_dag.py', '--cfg-path', '/tmp/tmpyifqx9xp']
[2024-05-09T08:42:01.312+0000] {standard_task_runner.py:91} INFO - Job 21: Subtask read_file
[2024-05-09T08:42:01.314+0000] {logging_mixin.py:188} WARNING - /home/airflow/.local/lib/python3.12/site-packages/airflow/task/task_runner/standard_task_runner.py:61 DeprecationWarning: This process (pid=162) is multi-threaded, use of fork() may lead to deadlocks in the child.
[2024-05-09T08:42:01.315+0000] {standard_task_runner.py:63} INFO - Started process 179 to run task
[2024-05-09T08:42:01.365+0000] {task_command.py:426} INFO - Running <TaskInstance: welcome_dag4.read_file manual__2024-05-09T08:41:48.705700+00:00 [running]> on host eb2a699741de
[2024-05-09T08:42:01.452+0000] {taskinstance.py:2648} INFO - Exporting env vars: AIRFLOW_CTX_DAG_OWNER='airflow' AIRFLOW_CTX_DAG_ID='welcome_dag4' AIRFLOW_CTX_TASK_ID='read_file' AIRFLOW_CTX_EXECUTION_DATE='2024-05-09T08:41:48.705700+00:00' AIRFLOW_CTX_TRY_NUMBER='1' AIRFLOW_CTX_DAG_RUN_ID='manual__2024-05-09T08:41:48.705700+00:00'
[2024-05-09T08:42:01.453+0000] {taskinstance.py:430} INFO - ::endgroup::
[2024-05-09T08:42:01.474+0000] {logging_mixin.py:188} INFO - {'abc': 1, 'bcd': 2}
[2024-05-09T08:42:01.475+0000] {logging_mixin.py:188} INFO - /opt/airflow
[2024-05-09T08:42:01.475+0000] {python.py:237} INFO - Done. Returned value was: None
[2024-05-09T08:42:01.476+0000] {taskinstance.py:441} INFO - ::group::Post task execution logs
[2024-05-09T08:42:01.484+0000] {taskinstance.py:1206} INFO - Marking task as SUCCESS. dag_id=welcome_dag4, task_id=read_file, run_id=manual__2024-05-09T08:41:48.705700+00:00, execution_date=20240509T084148, start_date=20240509T084201, end_date=20240509T084201
[2024-05-09T08:42:01.528+0000] {local_task_job_runner.py:240} INFO - Task exited with return code 0
[2024-05-09T08:42:01.544+0000] {taskinstance.py:3498} INFO - 0 downstream tasks scheduled from follow-on schedule check
[2024-05-09T08:42:01.546+0000] {local_task_job_runner.py:222} INFO - ::endgroup::
