[2024-05-09T16:31:29.117+0000] {processor.py:161} INFO - Started process (PID=386) to work on /home/airflow/.local/lib/python3.12/site-packages/airflow/example_dags/example_subdag_operator.py
[2024-05-09T16:31:29.118+0000] {processor.py:830} INFO - Processing file /home/airflow/.local/lib/python3.12/site-packages/airflow/example_dags/example_subdag_operator.py for tasks to queue
[2024-05-09T16:31:29.119+0000] {logging_mixin.py:188} INFO - [2024-05-09T16:31:29.119+0000] {dagbag.py:545} INFO - Filling up the DagBag from /home/airflow/.local/lib/python3.12/site-packages/airflow/example_dags/example_subdag_operator.py
[2024-05-09T16:31:29.141+0000] {processor.py:840} INFO - DAG(s) 'example_subdag_operator.section-1', 'example_subdag_operator.section-2', 'example_subdag_operator' retrieved from /home/airflow/.local/lib/python3.12/site-packages/airflow/example_dags/example_subdag_operator.py
[2024-05-09T16:31:29.145+0000] {logging_mixin.py:188} INFO - [2024-05-09T16:31:29.145+0000] {dag.py:3096} INFO - Sync 3 DAGs
[2024-05-09T16:31:29.167+0000] {logging_mixin.py:188} INFO - [2024-05-09T16:31:29.166+0000] {dag.py:3954} INFO - Setting next_dagrun for example_subdag_operator to 2022-01-01 00:00:00+00:00, run_after=2022-01-01 00:00:00+00:00
[2024-05-09T16:31:29.171+0000] {logging_mixin.py:188} INFO - [2024-05-09T16:31:29.170+0000] {dag.py:3954} INFO - Setting next_dagrun for example_subdag_operator.section-1 to None, run_after=None
[2024-05-09T16:31:29.173+0000] {logging_mixin.py:188} INFO - [2024-05-09T16:31:29.173+0000] {dag.py:3954} INFO - Setting next_dagrun for example_subdag_operator.section-2 to None, run_after=None
[2024-05-09T16:31:29.181+0000] {logging_mixin.py:188} INFO - [2024-05-09T16:31:29.181+0000] {dag.py:3096} INFO - Sync 2 DAGs
[2024-05-09T16:31:29.192+0000] {logging_mixin.py:188} INFO - [2024-05-09T16:31:29.191+0000] {dag.py:3954} INFO - Setting next_dagrun for example_subdag_operator.section-1 to None, run_after=None
[2024-05-09T16:31:29.194+0000] {logging_mixin.py:188} INFO - [2024-05-09T16:31:29.193+0000] {dag.py:3954} INFO - Setting next_dagrun for example_subdag_operator.section-2 to None, run_after=None
[2024-05-09T16:31:29.217+0000] {processor.py:183} INFO - Processing /home/airflow/.local/lib/python3.12/site-packages/airflow/example_dags/example_subdag_operator.py took 0.105 seconds
[2024-05-09T16:32:00.511+0000] {processor.py:161} INFO - Started process (PID=648) to work on /home/airflow/.local/lib/python3.12/site-packages/airflow/example_dags/example_subdag_operator.py
[2024-05-09T16:32:00.512+0000] {processor.py:830} INFO - Processing file /home/airflow/.local/lib/python3.12/site-packages/airflow/example_dags/example_subdag_operator.py for tasks to queue
[2024-05-09T16:32:00.513+0000] {logging_mixin.py:188} INFO - [2024-05-09T16:32:00.513+0000] {dagbag.py:545} INFO - Filling up the DagBag from /home/airflow/.local/lib/python3.12/site-packages/airflow/example_dags/example_subdag_operator.py
[2024-05-09T16:32:00.534+0000] {processor.py:840} INFO - DAG(s) 'example_subdag_operator.section-1', 'example_subdag_operator.section-2', 'example_subdag_operator' retrieved from /home/airflow/.local/lib/python3.12/site-packages/airflow/example_dags/example_subdag_operator.py
[2024-05-09T16:32:00.626+0000] {logging_mixin.py:188} INFO - [2024-05-09T16:32:00.626+0000] {dag.py:3096} INFO - Sync 3 DAGs
[2024-05-09T16:32:00.646+0000] {logging_mixin.py:188} INFO - [2024-05-09T16:32:00.646+0000] {dag.py:3954} INFO - Setting next_dagrun for example_subdag_operator to 2022-01-01 00:00:00+00:00, run_after=2022-01-01 00:00:00+00:00
[2024-05-09T16:32:00.649+0000] {logging_mixin.py:188} INFO - [2024-05-09T16:32:00.649+0000] {dag.py:3954} INFO - Setting next_dagrun for example_subdag_operator.section-1 to None, run_after=None
[2024-05-09T16:32:00.651+0000] {logging_mixin.py:188} INFO - [2024-05-09T16:32:00.651+0000] {dag.py:3954} INFO - Setting next_dagrun for example_subdag_operator.section-2 to None, run_after=None
[2024-05-09T16:32:00.660+0000] {logging_mixin.py:188} INFO - [2024-05-09T16:32:00.659+0000] {dag.py:3096} INFO - Sync 2 DAGs
[2024-05-09T16:32:00.665+0000] {logging_mixin.py:188} INFO - [2024-05-09T16:32:00.665+0000] {dag.py:3954} INFO - Setting next_dagrun for example_subdag_operator.section-1 to None, run_after=None
[2024-05-09T16:32:00.665+0000] {logging_mixin.py:188} INFO - [2024-05-09T16:32:00.665+0000] {dag.py:3954} INFO - Setting next_dagrun for example_subdag_operator.section-2 to None, run_after=None
[2024-05-09T16:32:00.675+0000] {processor.py:183} INFO - Processing /home/airflow/.local/lib/python3.12/site-packages/airflow/example_dags/example_subdag_operator.py took 0.168 seconds
[2024-05-09T16:32:30.795+0000] {processor.py:161} INFO - Started process (PID=912) to work on /home/airflow/.local/lib/python3.12/site-packages/airflow/example_dags/example_subdag_operator.py
[2024-05-09T16:32:30.796+0000] {processor.py:830} INFO - Processing file /home/airflow/.local/lib/python3.12/site-packages/airflow/example_dags/example_subdag_operator.py for tasks to queue
[2024-05-09T16:32:30.798+0000] {logging_mixin.py:188} INFO - [2024-05-09T16:32:30.798+0000] {dagbag.py:545} INFO - Filling up the DagBag from /home/airflow/.local/lib/python3.12/site-packages/airflow/example_dags/example_subdag_operator.py
[2024-05-09T16:32:30.822+0000] {processor.py:840} INFO - DAG(s) 'example_subdag_operator.section-1', 'example_subdag_operator.section-2', 'example_subdag_operator' retrieved from /home/airflow/.local/lib/python3.12/site-packages/airflow/example_dags/example_subdag_operator.py
[2024-05-09T16:32:30.838+0000] {logging_mixin.py:188} INFO - [2024-05-09T16:32:30.838+0000] {dag.py:3096} INFO - Sync 3 DAGs
[2024-05-09T16:32:30.862+0000] {logging_mixin.py:188} INFO - [2024-05-09T16:32:30.862+0000] {dag.py:3954} INFO - Setting next_dagrun for example_subdag_operator to 2022-01-01 00:00:00+00:00, run_after=2022-01-01 00:00:00+00:00
[2024-05-09T16:32:30.867+0000] {logging_mixin.py:188} INFO - [2024-05-09T16:32:30.867+0000] {dag.py:3954} INFO - Setting next_dagrun for example_subdag_operator.section-1 to None, run_after=None
[2024-05-09T16:32:30.868+0000] {logging_mixin.py:188} INFO - [2024-05-09T16:32:30.868+0000] {dag.py:3954} INFO - Setting next_dagrun for example_subdag_operator.section-2 to None, run_after=None
[2024-05-09T16:32:30.877+0000] {logging_mixin.py:188} INFO - [2024-05-09T16:32:30.877+0000] {dag.py:3096} INFO - Sync 2 DAGs
[2024-05-09T16:32:30.884+0000] {logging_mixin.py:188} INFO - [2024-05-09T16:32:30.883+0000] {dag.py:3954} INFO - Setting next_dagrun for example_subdag_operator.section-1 to None, run_after=None
[2024-05-09T16:32:30.884+0000] {logging_mixin.py:188} INFO - [2024-05-09T16:32:30.884+0000] {dag.py:3954} INFO - Setting next_dagrun for example_subdag_operator.section-2 to None, run_after=None
[2024-05-09T16:32:30.896+0000] {processor.py:183} INFO - Processing /home/airflow/.local/lib/python3.12/site-packages/airflow/example_dags/example_subdag_operator.py took 0.108 seconds
[2024-05-09T16:33:01.105+0000] {processor.py:161} INFO - Started process (PID=1172) to work on /home/airflow/.local/lib/python3.12/site-packages/airflow/example_dags/example_subdag_operator.py
[2024-05-09T16:33:01.105+0000] {processor.py:830} INFO - Processing file /home/airflow/.local/lib/python3.12/site-packages/airflow/example_dags/example_subdag_operator.py for tasks to queue
[2024-05-09T16:33:01.107+0000] {logging_mixin.py:188} INFO - [2024-05-09T16:33:01.106+0000] {dagbag.py:545} INFO - Filling up the DagBag from /home/airflow/.local/lib/python3.12/site-packages/airflow/example_dags/example_subdag_operator.py
[2024-05-09T16:33:01.125+0000] {processor.py:840} INFO - DAG(s) 'example_subdag_operator.section-1', 'example_subdag_operator.section-2', 'example_subdag_operator' retrieved from /home/airflow/.local/lib/python3.12/site-packages/airflow/example_dags/example_subdag_operator.py
[2024-05-09T16:33:01.139+0000] {logging_mixin.py:188} INFO - [2024-05-09T16:33:01.139+0000] {dag.py:3096} INFO - Sync 3 DAGs
[2024-05-09T16:33:01.162+0000] {logging_mixin.py:188} INFO - [2024-05-09T16:33:01.161+0000] {dag.py:3954} INFO - Setting next_dagrun for example_subdag_operator to 2022-01-01 00:00:00+00:00, run_after=2022-01-01 00:00:00+00:00
[2024-05-09T16:33:01.166+0000] {logging_mixin.py:188} INFO - [2024-05-09T16:33:01.165+0000] {dag.py:3954} INFO - Setting next_dagrun for example_subdag_operator.section-1 to None, run_after=None
[2024-05-09T16:33:01.167+0000] {logging_mixin.py:188} INFO - [2024-05-09T16:33:01.167+0000] {dag.py:3954} INFO - Setting next_dagrun for example_subdag_operator.section-2 to None, run_after=None
[2024-05-09T16:33:01.173+0000] {logging_mixin.py:188} INFO - [2024-05-09T16:33:01.173+0000] {dag.py:3096} INFO - Sync 2 DAGs
[2024-05-09T16:33:01.178+0000] {logging_mixin.py:188} INFO - [2024-05-09T16:33:01.178+0000] {dag.py:3954} INFO - Setting next_dagrun for example_subdag_operator.section-1 to None, run_after=None
[2024-05-09T16:33:01.179+0000] {logging_mixin.py:188} INFO - [2024-05-09T16:33:01.178+0000] {dag.py:3954} INFO - Setting next_dagrun for example_subdag_operator.section-2 to None, run_after=None
[2024-05-09T16:33:01.188+0000] {processor.py:183} INFO - Processing /home/airflow/.local/lib/python3.12/site-packages/airflow/example_dags/example_subdag_operator.py took 0.087 seconds
[2024-05-09T16:33:31.970+0000] {processor.py:161} INFO - Started process (PID=1435) to work on /home/airflow/.local/lib/python3.12/site-packages/airflow/example_dags/example_subdag_operator.py
[2024-05-09T16:33:31.971+0000] {processor.py:830} INFO - Processing file /home/airflow/.local/lib/python3.12/site-packages/airflow/example_dags/example_subdag_operator.py for tasks to queue
[2024-05-09T16:33:31.972+0000] {logging_mixin.py:188} INFO - [2024-05-09T16:33:31.972+0000] {dagbag.py:545} INFO - Filling up the DagBag from /home/airflow/.local/lib/python3.12/site-packages/airflow/example_dags/example_subdag_operator.py
[2024-05-09T16:33:31.994+0000] {processor.py:840} INFO - DAG(s) 'example_subdag_operator.section-1', 'example_subdag_operator.section-2', 'example_subdag_operator' retrieved from /home/airflow/.local/lib/python3.12/site-packages/airflow/example_dags/example_subdag_operator.py
[2024-05-09T16:33:32.009+0000] {logging_mixin.py:188} INFO - [2024-05-09T16:33:32.009+0000] {dag.py:3096} INFO - Sync 3 DAGs
[2024-05-09T16:33:32.030+0000] {logging_mixin.py:188} INFO - [2024-05-09T16:33:32.030+0000] {dag.py:3954} INFO - Setting next_dagrun for example_subdag_operator to 2022-01-01 00:00:00+00:00, run_after=2022-01-01 00:00:00+00:00
[2024-05-09T16:33:32.036+0000] {logging_mixin.py:188} INFO - [2024-05-09T16:33:32.035+0000] {dag.py:3954} INFO - Setting next_dagrun for example_subdag_operator.section-1 to None, run_after=None
[2024-05-09T16:33:32.038+0000] {logging_mixin.py:188} INFO - [2024-05-09T16:33:32.038+0000] {dag.py:3954} INFO - Setting next_dagrun for example_subdag_operator.section-2 to None, run_after=None
[2024-05-09T16:33:32.045+0000] {logging_mixin.py:188} INFO - [2024-05-09T16:33:32.045+0000] {dag.py:3096} INFO - Sync 2 DAGs
[2024-05-09T16:33:32.051+0000] {logging_mixin.py:188} INFO - [2024-05-09T16:33:32.051+0000] {dag.py:3954} INFO - Setting next_dagrun for example_subdag_operator.section-1 to None, run_after=None
[2024-05-09T16:33:32.051+0000] {logging_mixin.py:188} INFO - [2024-05-09T16:33:32.051+0000] {dag.py:3954} INFO - Setting next_dagrun for example_subdag_operator.section-2 to None, run_after=None
[2024-05-09T16:33:32.062+0000] {processor.py:183} INFO - Processing /home/airflow/.local/lib/python3.12/site-packages/airflow/example_dags/example_subdag_operator.py took 0.097 seconds
[2024-05-09T16:34:02.694+0000] {processor.py:161} INFO - Started process (PID=1697) to work on /home/airflow/.local/lib/python3.12/site-packages/airflow/example_dags/example_subdag_operator.py
[2024-05-09T16:34:02.696+0000] {processor.py:830} INFO - Processing file /home/airflow/.local/lib/python3.12/site-packages/airflow/example_dags/example_subdag_operator.py for tasks to queue
[2024-05-09T16:34:02.697+0000] {logging_mixin.py:188} INFO - [2024-05-09T16:34:02.697+0000] {dagbag.py:545} INFO - Filling up the DagBag from /home/airflow/.local/lib/python3.12/site-packages/airflow/example_dags/example_subdag_operator.py
[2024-05-09T16:34:02.719+0000] {processor.py:840} INFO - DAG(s) 'example_subdag_operator.section-1', 'example_subdag_operator.section-2', 'example_subdag_operator' retrieved from /home/airflow/.local/lib/python3.12/site-packages/airflow/example_dags/example_subdag_operator.py
[2024-05-09T16:34:02.733+0000] {logging_mixin.py:188} INFO - [2024-05-09T16:34:02.733+0000] {dag.py:3096} INFO - Sync 3 DAGs
[2024-05-09T16:34:02.759+0000] {logging_mixin.py:188} INFO - [2024-05-09T16:34:02.759+0000] {dag.py:3954} INFO - Setting next_dagrun for example_subdag_operator to 2022-01-01 00:00:00+00:00, run_after=2022-01-01 00:00:00+00:00
[2024-05-09T16:34:02.764+0000] {logging_mixin.py:188} INFO - [2024-05-09T16:34:02.764+0000] {dag.py:3954} INFO - Setting next_dagrun for example_subdag_operator.section-1 to None, run_after=None
[2024-05-09T16:34:02.766+0000] {logging_mixin.py:188} INFO - [2024-05-09T16:34:02.766+0000] {dag.py:3954} INFO - Setting next_dagrun for example_subdag_operator.section-2 to None, run_after=None
[2024-05-09T16:34:02.774+0000] {logging_mixin.py:188} INFO - [2024-05-09T16:34:02.774+0000] {dag.py:3096} INFO - Sync 2 DAGs
[2024-05-09T16:34:02.781+0000] {logging_mixin.py:188} INFO - [2024-05-09T16:34:02.781+0000] {dag.py:3954} INFO - Setting next_dagrun for example_subdag_operator.section-1 to None, run_after=None
[2024-05-09T16:34:02.782+0000] {logging_mixin.py:188} INFO - [2024-05-09T16:34:02.781+0000] {dag.py:3954} INFO - Setting next_dagrun for example_subdag_operator.section-2 to None, run_after=None
[2024-05-09T16:34:02.794+0000] {processor.py:183} INFO - Processing /home/airflow/.local/lib/python3.12/site-packages/airflow/example_dags/example_subdag_operator.py took 0.105 seconds
[2024-05-09T16:34:33.890+0000] {processor.py:161} INFO - Started process (PID=1959) to work on /home/airflow/.local/lib/python3.12/site-packages/airflow/example_dags/example_subdag_operator.py
[2024-05-09T16:34:33.891+0000] {processor.py:830} INFO - Processing file /home/airflow/.local/lib/python3.12/site-packages/airflow/example_dags/example_subdag_operator.py for tasks to queue
[2024-05-09T16:34:33.894+0000] {logging_mixin.py:188} INFO - [2024-05-09T16:34:33.893+0000] {dagbag.py:545} INFO - Filling up the DagBag from /home/airflow/.local/lib/python3.12/site-packages/airflow/example_dags/example_subdag_operator.py
[2024-05-09T16:34:33.918+0000] {processor.py:840} INFO - DAG(s) 'example_subdag_operator.section-1', 'example_subdag_operator.section-2', 'example_subdag_operator' retrieved from /home/airflow/.local/lib/python3.12/site-packages/airflow/example_dags/example_subdag_operator.py
[2024-05-09T16:34:33.936+0000] {logging_mixin.py:188} INFO - [2024-05-09T16:34:33.936+0000] {dag.py:3096} INFO - Sync 3 DAGs
[2024-05-09T16:34:33.961+0000] {logging_mixin.py:188} INFO - [2024-05-09T16:34:33.960+0000] {dag.py:3954} INFO - Setting next_dagrun for example_subdag_operator to 2022-01-01 00:00:00+00:00, run_after=2022-01-01 00:00:00+00:00
[2024-05-09T16:34:33.965+0000] {logging_mixin.py:188} INFO - [2024-05-09T16:34:33.965+0000] {dag.py:3954} INFO - Setting next_dagrun for example_subdag_operator.section-1 to None, run_after=None
[2024-05-09T16:34:33.967+0000] {logging_mixin.py:188} INFO - [2024-05-09T16:34:33.967+0000] {dag.py:3954} INFO - Setting next_dagrun for example_subdag_operator.section-2 to None, run_after=None
[2024-05-09T16:34:33.975+0000] {logging_mixin.py:188} INFO - [2024-05-09T16:34:33.974+0000] {dag.py:3096} INFO - Sync 2 DAGs
[2024-05-09T16:34:33.980+0000] {logging_mixin.py:188} INFO - [2024-05-09T16:34:33.980+0000] {dag.py:3954} INFO - Setting next_dagrun for example_subdag_operator.section-1 to None, run_after=None
[2024-05-09T16:34:33.981+0000] {logging_mixin.py:188} INFO - [2024-05-09T16:34:33.981+0000] {dag.py:3954} INFO - Setting next_dagrun for example_subdag_operator.section-2 to None, run_after=None
[2024-05-09T16:34:33.994+0000] {processor.py:183} INFO - Processing /home/airflow/.local/lib/python3.12/site-packages/airflow/example_dags/example_subdag_operator.py took 0.110 seconds
[2024-05-09T16:35:04.082+0000] {processor.py:161} INFO - Started process (PID=2221) to work on /home/airflow/.local/lib/python3.12/site-packages/airflow/example_dags/example_subdag_operator.py
[2024-05-09T16:35:04.083+0000] {processor.py:830} INFO - Processing file /home/airflow/.local/lib/python3.12/site-packages/airflow/example_dags/example_subdag_operator.py for tasks to queue
[2024-05-09T16:35:04.085+0000] {logging_mixin.py:188} INFO - [2024-05-09T16:35:04.084+0000] {dagbag.py:545} INFO - Filling up the DagBag from /home/airflow/.local/lib/python3.12/site-packages/airflow/example_dags/example_subdag_operator.py
[2024-05-09T16:35:04.106+0000] {processor.py:840} INFO - DAG(s) 'example_subdag_operator.section-1', 'example_subdag_operator.section-2', 'example_subdag_operator' retrieved from /home/airflow/.local/lib/python3.12/site-packages/airflow/example_dags/example_subdag_operator.py
[2024-05-09T16:35:04.123+0000] {logging_mixin.py:188} INFO - [2024-05-09T16:35:04.122+0000] {dag.py:3096} INFO - Sync 3 DAGs
[2024-05-09T16:35:04.147+0000] {logging_mixin.py:188} INFO - [2024-05-09T16:35:04.146+0000] {dag.py:3954} INFO - Setting next_dagrun for example_subdag_operator to 2022-01-01 00:00:00+00:00, run_after=2022-01-01 00:00:00+00:00
[2024-05-09T16:35:04.152+0000] {logging_mixin.py:188} INFO - [2024-05-09T16:35:04.152+0000] {dag.py:3954} INFO - Setting next_dagrun for example_subdag_operator.section-1 to None, run_after=None
[2024-05-09T16:35:04.155+0000] {logging_mixin.py:188} INFO - [2024-05-09T16:35:04.154+0000] {dag.py:3954} INFO - Setting next_dagrun for example_subdag_operator.section-2 to None, run_after=None
[2024-05-09T16:35:04.164+0000] {logging_mixin.py:188} INFO - [2024-05-09T16:35:04.163+0000] {dag.py:3096} INFO - Sync 2 DAGs
[2024-05-09T16:35:04.171+0000] {logging_mixin.py:188} INFO - [2024-05-09T16:35:04.171+0000] {dag.py:3954} INFO - Setting next_dagrun for example_subdag_operator.section-1 to None, run_after=None
[2024-05-09T16:35:04.172+0000] {logging_mixin.py:188} INFO - [2024-05-09T16:35:04.172+0000] {dag.py:3954} INFO - Setting next_dagrun for example_subdag_operator.section-2 to None, run_after=None
[2024-05-09T16:35:04.185+0000] {processor.py:183} INFO - Processing /home/airflow/.local/lib/python3.12/site-packages/airflow/example_dags/example_subdag_operator.py took 0.107 seconds
[2024-05-09T16:35:34.359+0000] {processor.py:161} INFO - Started process (PID=2483) to work on /home/airflow/.local/lib/python3.12/site-packages/airflow/example_dags/example_subdag_operator.py
[2024-05-09T16:35:34.360+0000] {processor.py:830} INFO - Processing file /home/airflow/.local/lib/python3.12/site-packages/airflow/example_dags/example_subdag_operator.py for tasks to queue
[2024-05-09T16:35:34.362+0000] {logging_mixin.py:188} INFO - [2024-05-09T16:35:34.361+0000] {dagbag.py:545} INFO - Filling up the DagBag from /home/airflow/.local/lib/python3.12/site-packages/airflow/example_dags/example_subdag_operator.py
[2024-05-09T16:35:34.384+0000] {processor.py:840} INFO - DAG(s) 'example_subdag_operator.section-1', 'example_subdag_operator.section-2', 'example_subdag_operator' retrieved from /home/airflow/.local/lib/python3.12/site-packages/airflow/example_dags/example_subdag_operator.py
[2024-05-09T16:35:34.400+0000] {logging_mixin.py:188} INFO - [2024-05-09T16:35:34.400+0000] {dag.py:3096} INFO - Sync 3 DAGs
[2024-05-09T16:35:34.424+0000] {logging_mixin.py:188} INFO - [2024-05-09T16:35:34.424+0000] {dag.py:3954} INFO - Setting next_dagrun for example_subdag_operator to 2022-01-01 00:00:00+00:00, run_after=2022-01-01 00:00:00+00:00
[2024-05-09T16:35:34.429+0000] {logging_mixin.py:188} INFO - [2024-05-09T16:35:34.429+0000] {dag.py:3954} INFO - Setting next_dagrun for example_subdag_operator.section-1 to None, run_after=None
[2024-05-09T16:35:34.430+0000] {logging_mixin.py:188} INFO - [2024-05-09T16:35:34.430+0000] {dag.py:3954} INFO - Setting next_dagrun for example_subdag_operator.section-2 to None, run_after=None
[2024-05-09T16:35:34.439+0000] {logging_mixin.py:188} INFO - [2024-05-09T16:35:34.439+0000] {dag.py:3096} INFO - Sync 2 DAGs
[2024-05-09T16:35:34.445+0000] {logging_mixin.py:188} INFO - [2024-05-09T16:35:34.445+0000] {dag.py:3954} INFO - Setting next_dagrun for example_subdag_operator.section-1 to None, run_after=None
[2024-05-09T16:35:34.446+0000] {logging_mixin.py:188} INFO - [2024-05-09T16:35:34.446+0000] {dag.py:3954} INFO - Setting next_dagrun for example_subdag_operator.section-2 to None, run_after=None
[2024-05-09T16:35:34.458+0000] {processor.py:183} INFO - Processing /home/airflow/.local/lib/python3.12/site-packages/airflow/example_dags/example_subdag_operator.py took 0.104 seconds
[2024-05-09T16:36:04.573+0000] {processor.py:161} INFO - Started process (PID=2745) to work on /home/airflow/.local/lib/python3.12/site-packages/airflow/example_dags/example_subdag_operator.py
[2024-05-09T16:36:04.573+0000] {processor.py:830} INFO - Processing file /home/airflow/.local/lib/python3.12/site-packages/airflow/example_dags/example_subdag_operator.py for tasks to queue
[2024-05-09T16:36:04.575+0000] {logging_mixin.py:188} INFO - [2024-05-09T16:36:04.575+0000] {dagbag.py:545} INFO - Filling up the DagBag from /home/airflow/.local/lib/python3.12/site-packages/airflow/example_dags/example_subdag_operator.py
[2024-05-09T16:36:04.597+0000] {processor.py:840} INFO - DAG(s) 'example_subdag_operator.section-1', 'example_subdag_operator.section-2', 'example_subdag_operator' retrieved from /home/airflow/.local/lib/python3.12/site-packages/airflow/example_dags/example_subdag_operator.py
[2024-05-09T16:36:04.616+0000] {logging_mixin.py:188} INFO - [2024-05-09T16:36:04.616+0000] {dag.py:3096} INFO - Sync 3 DAGs
[2024-05-09T16:36:04.638+0000] {logging_mixin.py:188} INFO - [2024-05-09T16:36:04.638+0000] {dag.py:3954} INFO - Setting next_dagrun for example_subdag_operator to 2022-01-01 00:00:00+00:00, run_after=2022-01-01 00:00:00+00:00
[2024-05-09T16:36:04.643+0000] {logging_mixin.py:188} INFO - [2024-05-09T16:36:04.643+0000] {dag.py:3954} INFO - Setting next_dagrun for example_subdag_operator.section-1 to None, run_after=None
[2024-05-09T16:36:04.645+0000] {logging_mixin.py:188} INFO - [2024-05-09T16:36:04.645+0000] {dag.py:3954} INFO - Setting next_dagrun for example_subdag_operator.section-2 to None, run_after=None
[2024-05-09T16:36:04.651+0000] {logging_mixin.py:188} INFO - [2024-05-09T16:36:04.651+0000] {dag.py:3096} INFO - Sync 2 DAGs
[2024-05-09T16:36:04.657+0000] {logging_mixin.py:188} INFO - [2024-05-09T16:36:04.657+0000] {dag.py:3954} INFO - Setting next_dagrun for example_subdag_operator.section-1 to None, run_after=None
[2024-05-09T16:36:04.657+0000] {logging_mixin.py:188} INFO - [2024-05-09T16:36:04.657+0000] {dag.py:3954} INFO - Setting next_dagrun for example_subdag_operator.section-2 to None, run_after=None
[2024-05-09T16:36:04.667+0000] {processor.py:183} INFO - Processing /home/airflow/.local/lib/python3.12/site-packages/airflow/example_dags/example_subdag_operator.py took 0.100 seconds
