[2024-05-09T16:31:27.219+0000] {processor.py:161} INFO - Started process (PID=236) to work on /home/airflow/.local/lib/python3.12/site-packages/airflow/example_dags/example_task_group.py
[2024-05-09T16:31:27.233+0000] {processor.py:830} INFO - Processing file /home/airflow/.local/lib/python3.12/site-packages/airflow/example_dags/example_task_group.py for tasks to queue
[2024-05-09T16:31:27.237+0000] {logging_mixin.py:188} INFO - [2024-05-09T16:31:27.236+0000] {dagbag.py:545} INFO - Filling up the DagBag from /home/airflow/.local/lib/python3.12/site-packages/airflow/example_dags/example_task_group.py
[2024-05-09T16:31:27.270+0000] {processor.py:840} INFO - DAG(s) 'example_task_group' retrieved from /home/airflow/.local/lib/python3.12/site-packages/airflow/example_dags/example_task_group.py
[2024-05-09T16:31:27.281+0000] {logging_mixin.py:188} INFO - [2024-05-09T16:31:27.281+0000] {dag.py:3096} INFO - Sync 1 DAGs
[2024-05-09T16:31:27.314+0000] {logging_mixin.py:188} INFO - [2024-05-09T16:31:27.313+0000] {dag.py:3954} INFO - Setting next_dagrun for example_task_group to 2024-05-08 00:00:00+00:00, run_after=2024-05-09 00:00:00+00:00
[2024-05-09T16:31:27.332+0000] {processor.py:183} INFO - Processing /home/airflow/.local/lib/python3.12/site-packages/airflow/example_dags/example_task_group.py took 0.272 seconds
[2024-05-09T16:31:57.592+0000] {processor.py:161} INFO - Started process (PID=498) to work on /home/airflow/.local/lib/python3.12/site-packages/airflow/example_dags/example_task_group.py
[2024-05-09T16:31:57.594+0000] {processor.py:830} INFO - Processing file /home/airflow/.local/lib/python3.12/site-packages/airflow/example_dags/example_task_group.py for tasks to queue
[2024-05-09T16:31:57.595+0000] {logging_mixin.py:188} INFO - [2024-05-09T16:31:57.595+0000] {dagbag.py:545} INFO - Filling up the DagBag from /home/airflow/.local/lib/python3.12/site-packages/airflow/example_dags/example_task_group.py
[2024-05-09T16:31:57.601+0000] {processor.py:840} INFO - DAG(s) 'example_task_group' retrieved from /home/airflow/.local/lib/python3.12/site-packages/airflow/example_dags/example_task_group.py
[2024-05-09T16:31:57.694+0000] {logging_mixin.py:188} INFO - [2024-05-09T16:31:57.694+0000] {dag.py:3096} INFO - Sync 1 DAGs
[2024-05-09T16:31:57.713+0000] {logging_mixin.py:188} INFO - [2024-05-09T16:31:57.713+0000] {dag.py:3954} INFO - Setting next_dagrun for example_task_group to 2024-05-08 00:00:00+00:00, run_after=2024-05-09 00:00:00+00:00
[2024-05-09T16:31:57.730+0000] {processor.py:183} INFO - Processing /home/airflow/.local/lib/python3.12/site-packages/airflow/example_dags/example_task_group.py took 0.143 seconds
[2024-05-09T16:32:27.987+0000] {processor.py:161} INFO - Started process (PID=760) to work on /home/airflow/.local/lib/python3.12/site-packages/airflow/example_dags/example_task_group.py
[2024-05-09T16:32:27.989+0000] {processor.py:830} INFO - Processing file /home/airflow/.local/lib/python3.12/site-packages/airflow/example_dags/example_task_group.py for tasks to queue
[2024-05-09T16:32:27.991+0000] {logging_mixin.py:188} INFO - [2024-05-09T16:32:27.990+0000] {dagbag.py:545} INFO - Filling up the DagBag from /home/airflow/.local/lib/python3.12/site-packages/airflow/example_dags/example_task_group.py
[2024-05-09T16:32:27.997+0000] {processor.py:840} INFO - DAG(s) 'example_task_group' retrieved from /home/airflow/.local/lib/python3.12/site-packages/airflow/example_dags/example_task_group.py
[2024-05-09T16:32:28.022+0000] {logging_mixin.py:188} INFO - [2024-05-09T16:32:28.022+0000] {dag.py:3096} INFO - Sync 1 DAGs
[2024-05-09T16:32:28.049+0000] {logging_mixin.py:188} INFO - [2024-05-09T16:32:28.049+0000] {dag.py:3954} INFO - Setting next_dagrun for example_task_group to 2024-05-08 00:00:00+00:00, run_after=2024-05-09 00:00:00+00:00
[2024-05-09T16:32:28.075+0000] {processor.py:183} INFO - Processing /home/airflow/.local/lib/python3.12/site-packages/airflow/example_dags/example_task_group.py took 0.093 seconds
[2024-05-09T16:32:58.297+0000] {processor.py:161} INFO - Started process (PID=1022) to work on /home/airflow/.local/lib/python3.12/site-packages/airflow/example_dags/example_task_group.py
[2024-05-09T16:32:58.297+0000] {processor.py:830} INFO - Processing file /home/airflow/.local/lib/python3.12/site-packages/airflow/example_dags/example_task_group.py for tasks to queue
[2024-05-09T16:32:58.299+0000] {logging_mixin.py:188} INFO - [2024-05-09T16:32:58.299+0000] {dagbag.py:545} INFO - Filling up the DagBag from /home/airflow/.local/lib/python3.12/site-packages/airflow/example_dags/example_task_group.py
[2024-05-09T16:32:58.305+0000] {processor.py:840} INFO - DAG(s) 'example_task_group' retrieved from /home/airflow/.local/lib/python3.12/site-packages/airflow/example_dags/example_task_group.py
[2024-05-09T16:32:58.327+0000] {logging_mixin.py:188} INFO - [2024-05-09T16:32:58.326+0000] {dag.py:3096} INFO - Sync 1 DAGs
[2024-05-09T16:32:58.349+0000] {logging_mixin.py:188} INFO - [2024-05-09T16:32:58.349+0000] {dag.py:3954} INFO - Setting next_dagrun for example_task_group to 2024-05-08 00:00:00+00:00, run_after=2024-05-09 00:00:00+00:00
[2024-05-09T16:32:58.366+0000] {processor.py:183} INFO - Processing /home/airflow/.local/lib/python3.12/site-packages/airflow/example_dags/example_task_group.py took 0.074 seconds
[2024-05-09T16:33:29.185+0000] {processor.py:161} INFO - Started process (PID=1285) to work on /home/airflow/.local/lib/python3.12/site-packages/airflow/example_dags/example_task_group.py
[2024-05-09T16:33:29.186+0000] {processor.py:830} INFO - Processing file /home/airflow/.local/lib/python3.12/site-packages/airflow/example_dags/example_task_group.py for tasks to queue
[2024-05-09T16:33:29.188+0000] {logging_mixin.py:188} INFO - [2024-05-09T16:33:29.187+0000] {dagbag.py:545} INFO - Filling up the DagBag from /home/airflow/.local/lib/python3.12/site-packages/airflow/example_dags/example_task_group.py
[2024-05-09T16:33:29.195+0000] {processor.py:840} INFO - DAG(s) 'example_task_group' retrieved from /home/airflow/.local/lib/python3.12/site-packages/airflow/example_dags/example_task_group.py
[2024-05-09T16:33:29.222+0000] {logging_mixin.py:188} INFO - [2024-05-09T16:33:29.222+0000] {dag.py:3096} INFO - Sync 1 DAGs
[2024-05-09T16:33:29.255+0000] {logging_mixin.py:188} INFO - [2024-05-09T16:33:29.254+0000] {dag.py:3954} INFO - Setting next_dagrun for example_task_group to 2024-05-08 00:00:00+00:00, run_after=2024-05-09 00:00:00+00:00
[2024-05-09T16:33:29.284+0000] {processor.py:183} INFO - Processing /home/airflow/.local/lib/python3.12/site-packages/airflow/example_dags/example_task_group.py took 0.107 seconds
[2024-05-09T16:33:59.516+0000] {processor.py:161} INFO - Started process (PID=1547) to work on /home/airflow/.local/lib/python3.12/site-packages/airflow/example_dags/example_task_group.py
[2024-05-09T16:33:59.518+0000] {processor.py:830} INFO - Processing file /home/airflow/.local/lib/python3.12/site-packages/airflow/example_dags/example_task_group.py for tasks to queue
[2024-05-09T16:33:59.520+0000] {logging_mixin.py:188} INFO - [2024-05-09T16:33:59.520+0000] {dagbag.py:545} INFO - Filling up the DagBag from /home/airflow/.local/lib/python3.12/site-packages/airflow/example_dags/example_task_group.py
[2024-05-09T16:33:59.527+0000] {processor.py:840} INFO - DAG(s) 'example_task_group' retrieved from /home/airflow/.local/lib/python3.12/site-packages/airflow/example_dags/example_task_group.py
[2024-05-09T16:33:59.553+0000] {logging_mixin.py:188} INFO - [2024-05-09T16:33:59.553+0000] {dag.py:3096} INFO - Sync 1 DAGs
[2024-05-09T16:33:59.583+0000] {logging_mixin.py:188} INFO - [2024-05-09T16:33:59.583+0000] {dag.py:3954} INFO - Setting next_dagrun for example_task_group to 2024-05-08 00:00:00+00:00, run_after=2024-05-09 00:00:00+00:00
[2024-05-09T16:33:59.641+0000] {processor.py:183} INFO - Processing /home/airflow/.local/lib/python3.12/site-packages/airflow/example_dags/example_task_group.py took 0.137 seconds
[2024-05-09T16:34:30.578+0000] {processor.py:161} INFO - Started process (PID=1809) to work on /home/airflow/.local/lib/python3.12/site-packages/airflow/example_dags/example_task_group.py
[2024-05-09T16:34:30.579+0000] {processor.py:830} INFO - Processing file /home/airflow/.local/lib/python3.12/site-packages/airflow/example_dags/example_task_group.py for tasks to queue
[2024-05-09T16:34:30.581+0000] {logging_mixin.py:188} INFO - [2024-05-09T16:34:30.581+0000] {dagbag.py:545} INFO - Filling up the DagBag from /home/airflow/.local/lib/python3.12/site-packages/airflow/example_dags/example_task_group.py
[2024-05-09T16:34:30.589+0000] {processor.py:840} INFO - DAG(s) 'example_task_group' retrieved from /home/airflow/.local/lib/python3.12/site-packages/airflow/example_dags/example_task_group.py
[2024-05-09T16:34:30.617+0000] {logging_mixin.py:188} INFO - [2024-05-09T16:34:30.617+0000] {dag.py:3096} INFO - Sync 1 DAGs
[2024-05-09T16:34:30.646+0000] {logging_mixin.py:188} INFO - [2024-05-09T16:34:30.646+0000] {dag.py:3954} INFO - Setting next_dagrun for example_task_group to 2024-05-08 00:00:00+00:00, run_after=2024-05-09 00:00:00+00:00
[2024-05-09T16:34:30.672+0000] {processor.py:183} INFO - Processing /home/airflow/.local/lib/python3.12/site-packages/airflow/example_dags/example_task_group.py took 0.100 seconds
[2024-05-09T16:35:00.750+0000] {processor.py:161} INFO - Started process (PID=2068) to work on /home/airflow/.local/lib/python3.12/site-packages/airflow/example_dags/example_task_group.py
[2024-05-09T16:35:00.752+0000] {processor.py:830} INFO - Processing file /home/airflow/.local/lib/python3.12/site-packages/airflow/example_dags/example_task_group.py for tasks to queue
[2024-05-09T16:35:00.754+0000] {logging_mixin.py:188} INFO - [2024-05-09T16:35:00.754+0000] {dagbag.py:545} INFO - Filling up the DagBag from /home/airflow/.local/lib/python3.12/site-packages/airflow/example_dags/example_task_group.py
[2024-05-09T16:35:00.761+0000] {processor.py:840} INFO - DAG(s) 'example_task_group' retrieved from /home/airflow/.local/lib/python3.12/site-packages/airflow/example_dags/example_task_group.py
[2024-05-09T16:35:00.818+0000] {logging_mixin.py:188} INFO - [2024-05-09T16:35:00.818+0000] {dag.py:3096} INFO - Sync 1 DAGs
[2024-05-09T16:35:00.845+0000] {logging_mixin.py:188} INFO - [2024-05-09T16:35:00.844+0000] {dag.py:3954} INFO - Setting next_dagrun for example_task_group to 2024-05-08 00:00:00+00:00, run_after=2024-05-09 00:00:00+00:00
[2024-05-09T16:35:00.865+0000] {processor.py:183} INFO - Processing /home/airflow/.local/lib/python3.12/site-packages/airflow/example_dags/example_task_group.py took 0.122 seconds
[2024-05-09T16:35:31.090+0000] {processor.py:161} INFO - Started process (PID=2330) to work on /home/airflow/.local/lib/python3.12/site-packages/airflow/example_dags/example_task_group.py
[2024-05-09T16:35:31.091+0000] {processor.py:830} INFO - Processing file /home/airflow/.local/lib/python3.12/site-packages/airflow/example_dags/example_task_group.py for tasks to queue
[2024-05-09T16:35:31.094+0000] {logging_mixin.py:188} INFO - [2024-05-09T16:35:31.093+0000] {dagbag.py:545} INFO - Filling up the DagBag from /home/airflow/.local/lib/python3.12/site-packages/airflow/example_dags/example_task_group.py
[2024-05-09T16:35:31.102+0000] {processor.py:840} INFO - DAG(s) 'example_task_group' retrieved from /home/airflow/.local/lib/python3.12/site-packages/airflow/example_dags/example_task_group.py
[2024-05-09T16:35:31.126+0000] {logging_mixin.py:188} INFO - [2024-05-09T16:35:31.126+0000] {dag.py:3096} INFO - Sync 1 DAGs
[2024-05-09T16:35:31.153+0000] {logging_mixin.py:188} INFO - [2024-05-09T16:35:31.152+0000] {dag.py:3954} INFO - Setting next_dagrun for example_task_group to 2024-05-08 00:00:00+00:00, run_after=2024-05-09 00:00:00+00:00
[2024-05-09T16:35:31.179+0000] {processor.py:183} INFO - Processing /home/airflow/.local/lib/python3.12/site-packages/airflow/example_dags/example_task_group.py took 0.094 seconds
[2024-05-09T16:36:01.694+0000] {processor.py:161} INFO - Started process (PID=2595) to work on /home/airflow/.local/lib/python3.12/site-packages/airflow/example_dags/example_task_group.py
[2024-05-09T16:36:01.694+0000] {processor.py:830} INFO - Processing file /home/airflow/.local/lib/python3.12/site-packages/airflow/example_dags/example_task_group.py for tasks to queue
[2024-05-09T16:36:01.696+0000] {logging_mixin.py:188} INFO - [2024-05-09T16:36:01.696+0000] {dagbag.py:545} INFO - Filling up the DagBag from /home/airflow/.local/lib/python3.12/site-packages/airflow/example_dags/example_task_group.py
[2024-05-09T16:36:01.702+0000] {processor.py:840} INFO - DAG(s) 'example_task_group' retrieved from /home/airflow/.local/lib/python3.12/site-packages/airflow/example_dags/example_task_group.py
[2024-05-09T16:36:01.725+0000] {logging_mixin.py:188} INFO - [2024-05-09T16:36:01.724+0000] {dag.py:3096} INFO - Sync 1 DAGs
[2024-05-09T16:36:01.749+0000] {logging_mixin.py:188} INFO - [2024-05-09T16:36:01.749+0000] {dag.py:3954} INFO - Setting next_dagrun for example_task_group to 2024-05-08 00:00:00+00:00, run_after=2024-05-09 00:00:00+00:00
[2024-05-09T16:36:01.774+0000] {processor.py:183} INFO - Processing /home/airflow/.local/lib/python3.12/site-packages/airflow/example_dags/example_task_group.py took 0.085 seconds
