[2024-05-09T16:31:27.334+0000] {processor.py:161} INFO - Started process (PID=241) to work on /home/airflow/.local/lib/python3.12/site-packages/airflow/example_dags/example_datasets.py
[2024-05-09T16:31:27.336+0000] {processor.py:830} INFO - Processing file /home/airflow/.local/lib/python3.12/site-packages/airflow/example_dags/example_datasets.py for tasks to queue
[2024-05-09T16:31:27.338+0000] {logging_mixin.py:188} INFO - [2024-05-09T16:31:27.337+0000] {dagbag.py:545} INFO - Filling up the DagBag from /home/airflow/.local/lib/python3.12/site-packages/airflow/example_dags/example_datasets.py
[2024-05-09T16:31:27.358+0000] {processor.py:840} INFO - DAG(s) 'dataset_produces_1', 'dataset_consumes_1', 'conditional_dataset_and_time_based_timetable', 'consume_1_and_2_with_dataset_expressions', 'dataset_consumes_1_never_scheduled', 'dataset_consumes_unknown_never_scheduled', 'consume_1_or_both_2_and_3_with_dataset_expressions', 'consume_1_or_2_with_dataset_expressions', 'dataset_produces_2', 'dataset_consumes_1_and_2' retrieved from /home/airflow/.local/lib/python3.12/site-packages/airflow/example_dags/example_datasets.py
[2024-05-09T16:31:27.374+0000] {logging_mixin.py:188} INFO - [2024-05-09T16:31:27.373+0000] {dag.py:3096} INFO - Sync 10 DAGs
[2024-05-09T16:31:27.399+0000] {logging_mixin.py:188} INFO - [2024-05-09T16:31:27.399+0000] {dag.py:3954} INFO - Setting next_dagrun for conditional_dataset_and_time_based_timetable to 2024-05-08 01:00:00+00:00, run_after=2024-05-08 01:00:00+00:00
[2024-05-09T16:31:27.403+0000] {logging_mixin.py:188} INFO - [2024-05-09T16:31:27.403+0000] {dag.py:3954} INFO - Setting next_dagrun for consume_1_and_2_with_dataset_expressions to None, run_after=None
[2024-05-09T16:31:27.405+0000] {logging_mixin.py:188} INFO - [2024-05-09T16:31:27.405+0000] {dag.py:3954} INFO - Setting next_dagrun for consume_1_or_2_with_dataset_expressions to None, run_after=None
[2024-05-09T16:31:27.407+0000] {logging_mixin.py:188} INFO - [2024-05-09T16:31:27.407+0000] {dag.py:3954} INFO - Setting next_dagrun for consume_1_or_both_2_and_3_with_dataset_expressions to None, run_after=None
[2024-05-09T16:31:27.408+0000] {logging_mixin.py:188} INFO - [2024-05-09T16:31:27.408+0000] {dag.py:3954} INFO - Setting next_dagrun for dataset_consumes_1 to None, run_after=None
[2024-05-09T16:31:27.410+0000] {logging_mixin.py:188} INFO - [2024-05-09T16:31:27.409+0000] {dag.py:3954} INFO - Setting next_dagrun for dataset_consumes_1_and_2 to None, run_after=None
[2024-05-09T16:31:27.411+0000] {logging_mixin.py:188} INFO - [2024-05-09T16:31:27.411+0000] {dag.py:3954} INFO - Setting next_dagrun for dataset_consumes_1_never_scheduled to None, run_after=None
[2024-05-09T16:31:27.413+0000] {logging_mixin.py:188} INFO - [2024-05-09T16:31:27.412+0000] {dag.py:3954} INFO - Setting next_dagrun for dataset_consumes_unknown_never_scheduled to None, run_after=None
[2024-05-09T16:31:27.415+0000] {logging_mixin.py:188} INFO - [2024-05-09T16:31:27.415+0000] {dag.py:3954} INFO - Setting next_dagrun for dataset_produces_1 to 2024-05-08 00:00:00+00:00, run_after=2024-05-09 00:00:00+00:00
[2024-05-09T16:31:27.416+0000] {logging_mixin.py:188} INFO - [2024-05-09T16:31:27.416+0000] {dag.py:3954} INFO - Setting next_dagrun for dataset_produces_2 to None, run_after=None
[2024-05-09T16:31:27.448+0000] {processor.py:183} INFO - Processing /home/airflow/.local/lib/python3.12/site-packages/airflow/example_dags/example_datasets.py took 0.118 seconds
[2024-05-09T16:31:57.669+0000] {processor.py:161} INFO - Started process (PID=503) to work on /home/airflow/.local/lib/python3.12/site-packages/airflow/example_dags/example_datasets.py
[2024-05-09T16:31:57.670+0000] {processor.py:830} INFO - Processing file /home/airflow/.local/lib/python3.12/site-packages/airflow/example_dags/example_datasets.py for tasks to queue
[2024-05-09T16:31:57.672+0000] {logging_mixin.py:188} INFO - [2024-05-09T16:31:57.671+0000] {dagbag.py:545} INFO - Filling up the DagBag from /home/airflow/.local/lib/python3.12/site-packages/airflow/example_dags/example_datasets.py
[2024-05-09T16:31:57.684+0000] {processor.py:840} INFO - DAG(s) 'consume_1_or_2_with_dataset_expressions', 'conditional_dataset_and_time_based_timetable', 'dataset_produces_1', 'dataset_consumes_1_and_2', 'consume_1_and_2_with_dataset_expressions', 'dataset_consumes_unknown_never_scheduled', 'dataset_consumes_1_never_scheduled', 'dataset_produces_2', 'dataset_consumes_1', 'consume_1_or_both_2_and_3_with_dataset_expressions' retrieved from /home/airflow/.local/lib/python3.12/site-packages/airflow/example_dags/example_datasets.py
[2024-05-09T16:31:57.947+0000] {logging_mixin.py:188} INFO - [2024-05-09T16:31:57.946+0000] {dag.py:3096} INFO - Sync 10 DAGs
[2024-05-09T16:31:57.979+0000] {logging_mixin.py:188} INFO - [2024-05-09T16:31:57.979+0000] {dag.py:3954} INFO - Setting next_dagrun for conditional_dataset_and_time_based_timetable to 2024-05-08 01:00:00+00:00, run_after=2024-05-08 01:00:00+00:00
[2024-05-09T16:31:57.984+0000] {logging_mixin.py:188} INFO - [2024-05-09T16:31:57.983+0000] {dag.py:3954} INFO - Setting next_dagrun for consume_1_and_2_with_dataset_expressions to None, run_after=None
[2024-05-09T16:31:57.985+0000] {logging_mixin.py:188} INFO - [2024-05-09T16:31:57.985+0000] {dag.py:3954} INFO - Setting next_dagrun for consume_1_or_2_with_dataset_expressions to None, run_after=None
[2024-05-09T16:31:57.986+0000] {logging_mixin.py:188} INFO - [2024-05-09T16:31:57.986+0000] {dag.py:3954} INFO - Setting next_dagrun for consume_1_or_both_2_and_3_with_dataset_expressions to None, run_after=None
[2024-05-09T16:31:57.987+0000] {logging_mixin.py:188} INFO - [2024-05-09T16:31:57.987+0000] {dag.py:3954} INFO - Setting next_dagrun for dataset_consumes_1 to None, run_after=None
[2024-05-09T16:31:57.989+0000] {logging_mixin.py:188} INFO - [2024-05-09T16:31:57.988+0000] {dag.py:3954} INFO - Setting next_dagrun for dataset_consumes_1_and_2 to None, run_after=None
[2024-05-09T16:31:57.990+0000] {logging_mixin.py:188} INFO - [2024-05-09T16:31:57.990+0000] {dag.py:3954} INFO - Setting next_dagrun for dataset_consumes_1_never_scheduled to None, run_after=None
[2024-05-09T16:31:57.991+0000] {logging_mixin.py:188} INFO - [2024-05-09T16:31:57.991+0000] {dag.py:3954} INFO - Setting next_dagrun for dataset_consumes_unknown_never_scheduled to None, run_after=None
[2024-05-09T16:31:57.994+0000] {logging_mixin.py:188} INFO - [2024-05-09T16:31:57.994+0000] {dag.py:3954} INFO - Setting next_dagrun for dataset_produces_1 to 2024-05-08 00:00:00+00:00, run_after=2024-05-09 00:00:00+00:00
[2024-05-09T16:31:57.996+0000] {logging_mixin.py:188} INFO - [2024-05-09T16:31:57.996+0000] {dag.py:3954} INFO - Setting next_dagrun for dataset_produces_2 to None, run_after=None
[2024-05-09T16:31:58.031+0000] {processor.py:183} INFO - Processing /home/airflow/.local/lib/python3.12/site-packages/airflow/example_dags/example_datasets.py took 0.367 seconds
[2024-05-09T16:32:28.123+0000] {processor.py:161} INFO - Started process (PID=765) to work on /home/airflow/.local/lib/python3.12/site-packages/airflow/example_dags/example_datasets.py
[2024-05-09T16:32:28.126+0000] {processor.py:830} INFO - Processing file /home/airflow/.local/lib/python3.12/site-packages/airflow/example_dags/example_datasets.py for tasks to queue
[2024-05-09T16:32:28.132+0000] {logging_mixin.py:188} INFO - [2024-05-09T16:32:28.131+0000] {dagbag.py:545} INFO - Filling up the DagBag from /home/airflow/.local/lib/python3.12/site-packages/airflow/example_dags/example_datasets.py
[2024-05-09T16:32:28.151+0000] {processor.py:840} INFO - DAG(s) 'dataset_consumes_1_and_2', 'consume_1_or_2_with_dataset_expressions', 'conditional_dataset_and_time_based_timetable', 'dataset_consumes_unknown_never_scheduled', 'consume_1_or_both_2_and_3_with_dataset_expressions', 'dataset_produces_2', 'dataset_consumes_1', 'dataset_produces_1', 'dataset_consumes_1_never_scheduled', 'consume_1_and_2_with_dataset_expressions' retrieved from /home/airflow/.local/lib/python3.12/site-packages/airflow/example_dags/example_datasets.py
[2024-05-09T16:32:28.215+0000] {logging_mixin.py:188} INFO - [2024-05-09T16:32:28.215+0000] {dag.py:3096} INFO - Sync 10 DAGs
[2024-05-09T16:32:28.249+0000] {logging_mixin.py:188} INFO - [2024-05-09T16:32:28.249+0000] {dag.py:3954} INFO - Setting next_dagrun for conditional_dataset_and_time_based_timetable to 2024-05-08 01:00:00+00:00, run_after=2024-05-08 01:00:00+00:00
[2024-05-09T16:32:28.256+0000] {logging_mixin.py:188} INFO - [2024-05-09T16:32:28.256+0000] {dag.py:3954} INFO - Setting next_dagrun for consume_1_and_2_with_dataset_expressions to None, run_after=None
[2024-05-09T16:32:28.259+0000] {logging_mixin.py:188} INFO - [2024-05-09T16:32:28.258+0000] {dag.py:3954} INFO - Setting next_dagrun for consume_1_or_2_with_dataset_expressions to None, run_after=None
[2024-05-09T16:32:28.261+0000] {logging_mixin.py:188} INFO - [2024-05-09T16:32:28.261+0000] {dag.py:3954} INFO - Setting next_dagrun for consume_1_or_both_2_and_3_with_dataset_expressions to None, run_after=None
[2024-05-09T16:32:28.263+0000] {logging_mixin.py:188} INFO - [2024-05-09T16:32:28.263+0000] {dag.py:3954} INFO - Setting next_dagrun for dataset_consumes_1 to None, run_after=None
[2024-05-09T16:32:28.266+0000] {logging_mixin.py:188} INFO - [2024-05-09T16:32:28.265+0000] {dag.py:3954} INFO - Setting next_dagrun for dataset_consumes_1_and_2 to None, run_after=None
[2024-05-09T16:32:28.268+0000] {logging_mixin.py:188} INFO - [2024-05-09T16:32:28.268+0000] {dag.py:3954} INFO - Setting next_dagrun for dataset_consumes_1_never_scheduled to None, run_after=None
[2024-05-09T16:32:28.270+0000] {logging_mixin.py:188} INFO - [2024-05-09T16:32:28.270+0000] {dag.py:3954} INFO - Setting next_dagrun for dataset_consumes_unknown_never_scheduled to None, run_after=None
[2024-05-09T16:32:28.273+0000] {logging_mixin.py:188} INFO - [2024-05-09T16:32:28.273+0000] {dag.py:3954} INFO - Setting next_dagrun for dataset_produces_1 to 2024-05-08 00:00:00+00:00, run_after=2024-05-09 00:00:00+00:00
[2024-05-09T16:32:28.276+0000] {logging_mixin.py:188} INFO - [2024-05-09T16:32:28.275+0000] {dag.py:3954} INFO - Setting next_dagrun for dataset_produces_2 to None, run_after=None
[2024-05-09T16:32:28.323+0000] {processor.py:183} INFO - Processing /home/airflow/.local/lib/python3.12/site-packages/airflow/example_dags/example_datasets.py took 0.209 seconds
[2024-05-09T16:32:58.398+0000] {processor.py:161} INFO - Started process (PID=1027) to work on /home/airflow/.local/lib/python3.12/site-packages/airflow/example_dags/example_datasets.py
[2024-05-09T16:32:58.399+0000] {processor.py:830} INFO - Processing file /home/airflow/.local/lib/python3.12/site-packages/airflow/example_dags/example_datasets.py for tasks to queue
[2024-05-09T16:32:58.400+0000] {logging_mixin.py:188} INFO - [2024-05-09T16:32:58.400+0000] {dagbag.py:545} INFO - Filling up the DagBag from /home/airflow/.local/lib/python3.12/site-packages/airflow/example_dags/example_datasets.py
[2024-05-09T16:32:58.411+0000] {processor.py:840} INFO - DAG(s) 'dataset_produces_2', 'consume_1_or_2_with_dataset_expressions', 'consume_1_or_both_2_and_3_with_dataset_expressions', 'consume_1_and_2_with_dataset_expressions', 'dataset_consumes_1_and_2', 'dataset_consumes_1_never_scheduled', 'dataset_consumes_unknown_never_scheduled', 'dataset_produces_1', 'dataset_consumes_1', 'conditional_dataset_and_time_based_timetable' retrieved from /home/airflow/.local/lib/python3.12/site-packages/airflow/example_dags/example_datasets.py
[2024-05-09T16:32:58.457+0000] {logging_mixin.py:188} INFO - [2024-05-09T16:32:58.456+0000] {dag.py:3096} INFO - Sync 10 DAGs
[2024-05-09T16:32:58.480+0000] {logging_mixin.py:188} INFO - [2024-05-09T16:32:58.479+0000] {dag.py:3954} INFO - Setting next_dagrun for conditional_dataset_and_time_based_timetable to 2024-05-08 01:00:00+00:00, run_after=2024-05-08 01:00:00+00:00
[2024-05-09T16:32:58.484+0000] {logging_mixin.py:188} INFO - [2024-05-09T16:32:58.484+0000] {dag.py:3954} INFO - Setting next_dagrun for consume_1_and_2_with_dataset_expressions to None, run_after=None
[2024-05-09T16:32:58.486+0000] {logging_mixin.py:188} INFO - [2024-05-09T16:32:58.485+0000] {dag.py:3954} INFO - Setting next_dagrun for consume_1_or_2_with_dataset_expressions to None, run_after=None
[2024-05-09T16:32:58.487+0000] {logging_mixin.py:188} INFO - [2024-05-09T16:32:58.487+0000] {dag.py:3954} INFO - Setting next_dagrun for consume_1_or_both_2_and_3_with_dataset_expressions to None, run_after=None
[2024-05-09T16:32:58.489+0000] {logging_mixin.py:188} INFO - [2024-05-09T16:32:58.488+0000] {dag.py:3954} INFO - Setting next_dagrun for dataset_consumes_1 to None, run_after=None
[2024-05-09T16:32:58.490+0000] {logging_mixin.py:188} INFO - [2024-05-09T16:32:58.490+0000] {dag.py:3954} INFO - Setting next_dagrun for dataset_consumes_1_and_2 to None, run_after=None
[2024-05-09T16:32:58.492+0000] {logging_mixin.py:188} INFO - [2024-05-09T16:32:58.492+0000] {dag.py:3954} INFO - Setting next_dagrun for dataset_consumes_1_never_scheduled to None, run_after=None
[2024-05-09T16:32:58.493+0000] {logging_mixin.py:188} INFO - [2024-05-09T16:32:58.493+0000] {dag.py:3954} INFO - Setting next_dagrun for dataset_consumes_unknown_never_scheduled to None, run_after=None
[2024-05-09T16:32:58.496+0000] {logging_mixin.py:188} INFO - [2024-05-09T16:32:58.496+0000] {dag.py:3954} INFO - Setting next_dagrun for dataset_produces_1 to 2024-05-08 00:00:00+00:00, run_after=2024-05-09 00:00:00+00:00
[2024-05-09T16:32:58.498+0000] {logging_mixin.py:188} INFO - [2024-05-09T16:32:58.498+0000] {dag.py:3954} INFO - Setting next_dagrun for dataset_produces_2 to None, run_after=None
[2024-05-09T16:32:58.538+0000] {processor.py:183} INFO - Processing /home/airflow/.local/lib/python3.12/site-packages/airflow/example_dags/example_datasets.py took 0.145 seconds
[2024-05-09T16:33:29.249+0000] {processor.py:161} INFO - Started process (PID=1290) to work on /home/airflow/.local/lib/python3.12/site-packages/airflow/example_dags/example_datasets.py
[2024-05-09T16:33:29.250+0000] {processor.py:830} INFO - Processing file /home/airflow/.local/lib/python3.12/site-packages/airflow/example_dags/example_datasets.py for tasks to queue
[2024-05-09T16:33:29.253+0000] {logging_mixin.py:188} INFO - [2024-05-09T16:33:29.252+0000] {dagbag.py:545} INFO - Filling up the DagBag from /home/airflow/.local/lib/python3.12/site-packages/airflow/example_dags/example_datasets.py
[2024-05-09T16:33:29.271+0000] {processor.py:840} INFO - DAG(s) 'consume_1_and_2_with_dataset_expressions', 'dataset_produces_2', 'conditional_dataset_and_time_based_timetable', 'consume_1_or_2_with_dataset_expressions', 'dataset_consumes_1_never_scheduled', 'consume_1_or_both_2_and_3_with_dataset_expressions', 'dataset_consumes_1', 'dataset_produces_1', 'dataset_consumes_unknown_never_scheduled', 'dataset_consumes_1_and_2' retrieved from /home/airflow/.local/lib/python3.12/site-packages/airflow/example_dags/example_datasets.py
[2024-05-09T16:33:29.352+0000] {logging_mixin.py:188} INFO - [2024-05-09T16:33:29.351+0000] {dag.py:3096} INFO - Sync 10 DAGs
[2024-05-09T16:33:29.389+0000] {logging_mixin.py:188} INFO - [2024-05-09T16:33:29.389+0000] {dag.py:3954} INFO - Setting next_dagrun for conditional_dataset_and_time_based_timetable to 2024-05-08 01:00:00+00:00, run_after=2024-05-08 01:00:00+00:00
[2024-05-09T16:33:29.397+0000] {logging_mixin.py:188} INFO - [2024-05-09T16:33:29.396+0000] {dag.py:3954} INFO - Setting next_dagrun for consume_1_and_2_with_dataset_expressions to None, run_after=None
[2024-05-09T16:33:29.400+0000] {logging_mixin.py:188} INFO - [2024-05-09T16:33:29.399+0000] {dag.py:3954} INFO - Setting next_dagrun for consume_1_or_2_with_dataset_expressions to None, run_after=None
[2024-05-09T16:33:29.402+0000] {logging_mixin.py:188} INFO - [2024-05-09T16:33:29.402+0000] {dag.py:3954} INFO - Setting next_dagrun for consume_1_or_both_2_and_3_with_dataset_expressions to None, run_after=None
[2024-05-09T16:33:29.406+0000] {logging_mixin.py:188} INFO - [2024-05-09T16:33:29.405+0000] {dag.py:3954} INFO - Setting next_dagrun for dataset_consumes_1 to None, run_after=None
[2024-05-09T16:33:29.409+0000] {logging_mixin.py:188} INFO - [2024-05-09T16:33:29.409+0000] {dag.py:3954} INFO - Setting next_dagrun for dataset_consumes_1_and_2 to None, run_after=None
[2024-05-09T16:33:29.412+0000] {logging_mixin.py:188} INFO - [2024-05-09T16:33:29.412+0000] {dag.py:3954} INFO - Setting next_dagrun for dataset_consumes_1_never_scheduled to None, run_after=None
[2024-05-09T16:33:29.415+0000] {logging_mixin.py:188} INFO - [2024-05-09T16:33:29.415+0000] {dag.py:3954} INFO - Setting next_dagrun for dataset_consumes_unknown_never_scheduled to None, run_after=None
[2024-05-09T16:33:29.419+0000] {logging_mixin.py:188} INFO - [2024-05-09T16:33:29.419+0000] {dag.py:3954} INFO - Setting next_dagrun for dataset_produces_1 to 2024-05-08 00:00:00+00:00, run_after=2024-05-09 00:00:00+00:00
[2024-05-09T16:33:29.422+0000] {logging_mixin.py:188} INFO - [2024-05-09T16:33:29.422+0000] {dag.py:3954} INFO - Setting next_dagrun for dataset_produces_2 to None, run_after=None
[2024-05-09T16:33:29.483+0000] {processor.py:183} INFO - Processing /home/airflow/.local/lib/python3.12/site-packages/airflow/example_dags/example_datasets.py took 0.242 seconds
[2024-05-09T16:33:59.693+0000] {processor.py:161} INFO - Started process (PID=1554) to work on /home/airflow/.local/lib/python3.12/site-packages/airflow/example_dags/example_datasets.py
[2024-05-09T16:33:59.694+0000] {processor.py:830} INFO - Processing file /home/airflow/.local/lib/python3.12/site-packages/airflow/example_dags/example_datasets.py for tasks to queue
[2024-05-09T16:33:59.695+0000] {logging_mixin.py:188} INFO - [2024-05-09T16:33:59.695+0000] {dagbag.py:545} INFO - Filling up the DagBag from /home/airflow/.local/lib/python3.12/site-packages/airflow/example_dags/example_datasets.py
[2024-05-09T16:33:59.715+0000] {processor.py:840} INFO - DAG(s) 'dataset_produces_1', 'dataset_produces_2', 'consume_1_or_both_2_and_3_with_dataset_expressions', 'consume_1_or_2_with_dataset_expressions', 'dataset_consumes_1_and_2', 'dataset_consumes_1_never_scheduled', 'consume_1_and_2_with_dataset_expressions', 'dataset_consumes_unknown_never_scheduled', 'conditional_dataset_and_time_based_timetable', 'dataset_consumes_1' retrieved from /home/airflow/.local/lib/python3.12/site-packages/airflow/example_dags/example_datasets.py
[2024-05-09T16:33:59.810+0000] {logging_mixin.py:188} INFO - [2024-05-09T16:33:59.810+0000] {dag.py:3096} INFO - Sync 10 DAGs
[2024-05-09T16:33:59.843+0000] {logging_mixin.py:188} INFO - [2024-05-09T16:33:59.842+0000] {dag.py:3954} INFO - Setting next_dagrun for conditional_dataset_and_time_based_timetable to 2024-05-08 01:00:00+00:00, run_after=2024-05-08 01:00:00+00:00
[2024-05-09T16:33:59.849+0000] {logging_mixin.py:188} INFO - [2024-05-09T16:33:59.848+0000] {dag.py:3954} INFO - Setting next_dagrun for consume_1_and_2_with_dataset_expressions to None, run_after=None
[2024-05-09T16:33:59.851+0000] {logging_mixin.py:188} INFO - [2024-05-09T16:33:59.851+0000] {dag.py:3954} INFO - Setting next_dagrun for consume_1_or_2_with_dataset_expressions to None, run_after=None
[2024-05-09T16:33:59.853+0000] {logging_mixin.py:188} INFO - [2024-05-09T16:33:59.853+0000] {dag.py:3954} INFO - Setting next_dagrun for consume_1_or_both_2_and_3_with_dataset_expressions to None, run_after=None
[2024-05-09T16:33:59.855+0000] {logging_mixin.py:188} INFO - [2024-05-09T16:33:59.855+0000] {dag.py:3954} INFO - Setting next_dagrun for dataset_consumes_1 to None, run_after=None
[2024-05-09T16:33:59.858+0000] {logging_mixin.py:188} INFO - [2024-05-09T16:33:59.857+0000] {dag.py:3954} INFO - Setting next_dagrun for dataset_consumes_1_and_2 to None, run_after=None
[2024-05-09T16:33:59.860+0000] {logging_mixin.py:188} INFO - [2024-05-09T16:33:59.860+0000] {dag.py:3954} INFO - Setting next_dagrun for dataset_consumes_1_never_scheduled to None, run_after=None
[2024-05-09T16:33:59.863+0000] {logging_mixin.py:188} INFO - [2024-05-09T16:33:59.862+0000] {dag.py:3954} INFO - Setting next_dagrun for dataset_consumes_unknown_never_scheduled to None, run_after=None
[2024-05-09T16:33:59.867+0000] {logging_mixin.py:188} INFO - [2024-05-09T16:33:59.867+0000] {dag.py:3954} INFO - Setting next_dagrun for dataset_produces_1 to 2024-05-08 00:00:00+00:00, run_after=2024-05-09 00:00:00+00:00
[2024-05-09T16:33:59.870+0000] {logging_mixin.py:188} INFO - [2024-05-09T16:33:59.869+0000] {dag.py:3954} INFO - Setting next_dagrun for dataset_produces_2 to None, run_after=None
[2024-05-09T16:33:59.919+0000] {processor.py:183} INFO - Processing /home/airflow/.local/lib/python3.12/site-packages/airflow/example_dags/example_datasets.py took 0.232 seconds
[2024-05-09T16:34:30.717+0000] {processor.py:161} INFO - Started process (PID=1814) to work on /home/airflow/.local/lib/python3.12/site-packages/airflow/example_dags/example_datasets.py
[2024-05-09T16:34:30.718+0000] {processor.py:830} INFO - Processing file /home/airflow/.local/lib/python3.12/site-packages/airflow/example_dags/example_datasets.py for tasks to queue
[2024-05-09T16:34:30.720+0000] {logging_mixin.py:188} INFO - [2024-05-09T16:34:30.720+0000] {dagbag.py:545} INFO - Filling up the DagBag from /home/airflow/.local/lib/python3.12/site-packages/airflow/example_dags/example_datasets.py
[2024-05-09T16:34:30.736+0000] {processor.py:840} INFO - DAG(s) 'dataset_consumes_1', 'dataset_produces_1', 'dataset_consumes_1_and_2', 'consume_1_and_2_with_dataset_expressions', 'conditional_dataset_and_time_based_timetable', 'consume_1_or_2_with_dataset_expressions', 'dataset_produces_2', 'dataset_consumes_1_never_scheduled', 'dataset_consumes_unknown_never_scheduled', 'consume_1_or_both_2_and_3_with_dataset_expressions' retrieved from /home/airflow/.local/lib/python3.12/site-packages/airflow/example_dags/example_datasets.py
[2024-05-09T16:34:30.803+0000] {logging_mixin.py:188} INFO - [2024-05-09T16:34:30.802+0000] {dag.py:3096} INFO - Sync 10 DAGs
[2024-05-09T16:34:30.834+0000] {logging_mixin.py:188} INFO - [2024-05-09T16:34:30.834+0000] {dag.py:3954} INFO - Setting next_dagrun for conditional_dataset_and_time_based_timetable to 2024-05-08 01:00:00+00:00, run_after=2024-05-08 01:00:00+00:00
[2024-05-09T16:34:30.840+0000] {logging_mixin.py:188} INFO - [2024-05-09T16:34:30.840+0000] {dag.py:3954} INFO - Setting next_dagrun for consume_1_and_2_with_dataset_expressions to None, run_after=None
[2024-05-09T16:34:30.843+0000] {logging_mixin.py:188} INFO - [2024-05-09T16:34:30.842+0000] {dag.py:3954} INFO - Setting next_dagrun for consume_1_or_2_with_dataset_expressions to None, run_after=None
[2024-05-09T16:34:30.845+0000] {logging_mixin.py:188} INFO - [2024-05-09T16:34:30.845+0000] {dag.py:3954} INFO - Setting next_dagrun for consume_1_or_both_2_and_3_with_dataset_expressions to None, run_after=None
[2024-05-09T16:34:30.847+0000] {logging_mixin.py:188} INFO - [2024-05-09T16:34:30.847+0000] {dag.py:3954} INFO - Setting next_dagrun for dataset_consumes_1 to None, run_after=None
[2024-05-09T16:34:30.850+0000] {logging_mixin.py:188} INFO - [2024-05-09T16:34:30.849+0000] {dag.py:3954} INFO - Setting next_dagrun for dataset_consumes_1_and_2 to None, run_after=None
[2024-05-09T16:34:30.852+0000] {logging_mixin.py:188} INFO - [2024-05-09T16:34:30.852+0000] {dag.py:3954} INFO - Setting next_dagrun for dataset_consumes_1_never_scheduled to None, run_after=None
[2024-05-09T16:34:30.854+0000] {logging_mixin.py:188} INFO - [2024-05-09T16:34:30.854+0000] {dag.py:3954} INFO - Setting next_dagrun for dataset_consumes_unknown_never_scheduled to None, run_after=None
[2024-05-09T16:34:30.857+0000] {logging_mixin.py:188} INFO - [2024-05-09T16:34:30.857+0000] {dag.py:3954} INFO - Setting next_dagrun for dataset_produces_1 to 2024-05-08 00:00:00+00:00, run_after=2024-05-09 00:00:00+00:00
[2024-05-09T16:34:30.860+0000] {logging_mixin.py:188} INFO - [2024-05-09T16:34:30.860+0000] {dag.py:3954} INFO - Setting next_dagrun for dataset_produces_2 to None, run_after=None
[2024-05-09T16:34:30.906+0000] {processor.py:183} INFO - Processing /home/airflow/.local/lib/python3.12/site-packages/airflow/example_dags/example_datasets.py took 0.196 seconds
[2024-05-09T16:35:01.227+0000] {processor.py:161} INFO - Started process (PID=2078) to work on /home/airflow/.local/lib/python3.12/site-packages/airflow/example_dags/example_datasets.py
[2024-05-09T16:35:01.228+0000] {processor.py:830} INFO - Processing file /home/airflow/.local/lib/python3.12/site-packages/airflow/example_dags/example_datasets.py for tasks to queue
[2024-05-09T16:35:01.231+0000] {logging_mixin.py:188} INFO - [2024-05-09T16:35:01.230+0000] {dagbag.py:545} INFO - Filling up the DagBag from /home/airflow/.local/lib/python3.12/site-packages/airflow/example_dags/example_datasets.py
[2024-05-09T16:35:01.250+0000] {processor.py:840} INFO - DAG(s) 'dataset_consumes_1', 'consume_1_and_2_with_dataset_expressions', 'dataset_consumes_unknown_never_scheduled', 'dataset_consumes_1_and_2', 'consume_1_or_both_2_and_3_with_dataset_expressions', 'conditional_dataset_and_time_based_timetable', 'dataset_produces_1', 'dataset_produces_2', 'consume_1_or_2_with_dataset_expressions', 'dataset_consumes_1_never_scheduled' retrieved from /home/airflow/.local/lib/python3.12/site-packages/airflow/example_dags/example_datasets.py
[2024-05-09T16:35:01.314+0000] {logging_mixin.py:188} INFO - [2024-05-09T16:35:01.314+0000] {dag.py:3096} INFO - Sync 10 DAGs
[2024-05-09T16:35:01.348+0000] {logging_mixin.py:188} INFO - [2024-05-09T16:35:01.347+0000] {dag.py:3954} INFO - Setting next_dagrun for conditional_dataset_and_time_based_timetable to 2024-05-08 01:00:00+00:00, run_after=2024-05-08 01:00:00+00:00
[2024-05-09T16:35:01.354+0000] {logging_mixin.py:188} INFO - [2024-05-09T16:35:01.354+0000] {dag.py:3954} INFO - Setting next_dagrun for consume_1_and_2_with_dataset_expressions to None, run_after=None
[2024-05-09T16:35:01.357+0000] {logging_mixin.py:188} INFO - [2024-05-09T16:35:01.357+0000] {dag.py:3954} INFO - Setting next_dagrun for consume_1_or_2_with_dataset_expressions to None, run_after=None
[2024-05-09T16:35:01.360+0000] {logging_mixin.py:188} INFO - [2024-05-09T16:35:01.359+0000] {dag.py:3954} INFO - Setting next_dagrun for consume_1_or_both_2_and_3_with_dataset_expressions to None, run_after=None
[2024-05-09T16:35:01.361+0000] {logging_mixin.py:188} INFO - [2024-05-09T16:35:01.361+0000] {dag.py:3954} INFO - Setting next_dagrun for dataset_consumes_1 to None, run_after=None
[2024-05-09T16:35:01.364+0000] {logging_mixin.py:188} INFO - [2024-05-09T16:35:01.364+0000] {dag.py:3954} INFO - Setting next_dagrun for dataset_consumes_1_and_2 to None, run_after=None
[2024-05-09T16:35:01.367+0000] {logging_mixin.py:188} INFO - [2024-05-09T16:35:01.366+0000] {dag.py:3954} INFO - Setting next_dagrun for dataset_consumes_1_never_scheduled to None, run_after=None
[2024-05-09T16:35:01.368+0000] {logging_mixin.py:188} INFO - [2024-05-09T16:35:01.368+0000] {dag.py:3954} INFO - Setting next_dagrun for dataset_consumes_unknown_never_scheduled to None, run_after=None
[2024-05-09T16:35:01.373+0000] {logging_mixin.py:188} INFO - [2024-05-09T16:35:01.372+0000] {dag.py:3954} INFO - Setting next_dagrun for dataset_produces_1 to 2024-05-08 00:00:00+00:00, run_after=2024-05-09 00:00:00+00:00
[2024-05-09T16:35:01.375+0000] {logging_mixin.py:188} INFO - [2024-05-09T16:35:01.375+0000] {dag.py:3954} INFO - Setting next_dagrun for dataset_produces_2 to None, run_after=None
[2024-05-09T16:35:01.423+0000] {processor.py:183} INFO - Processing /home/airflow/.local/lib/python3.12/site-packages/airflow/example_dags/example_datasets.py took 0.202 seconds
[2024-05-09T16:35:31.521+0000] {processor.py:161} INFO - Started process (PID=2340) to work on /home/airflow/.local/lib/python3.12/site-packages/airflow/example_dags/example_datasets.py
[2024-05-09T16:35:31.523+0000] {processor.py:830} INFO - Processing file /home/airflow/.local/lib/python3.12/site-packages/airflow/example_dags/example_datasets.py for tasks to queue
[2024-05-09T16:35:31.525+0000] {logging_mixin.py:188} INFO - [2024-05-09T16:35:31.524+0000] {dagbag.py:545} INFO - Filling up the DagBag from /home/airflow/.local/lib/python3.12/site-packages/airflow/example_dags/example_datasets.py
[2024-05-09T16:35:31.538+0000] {processor.py:840} INFO - DAG(s) 'dataset_consumes_1', 'consume_1_or_2_with_dataset_expressions', 'consume_1_and_2_with_dataset_expressions', 'consume_1_or_both_2_and_3_with_dataset_expressions', 'dataset_consumes_unknown_never_scheduled', 'conditional_dataset_and_time_based_timetable', 'dataset_produces_2', 'dataset_produces_1', 'dataset_consumes_1_never_scheduled', 'dataset_consumes_1_and_2' retrieved from /home/airflow/.local/lib/python3.12/site-packages/airflow/example_dags/example_datasets.py
[2024-05-09T16:35:31.589+0000] {logging_mixin.py:188} INFO - [2024-05-09T16:35:31.589+0000] {dag.py:3096} INFO - Sync 10 DAGs
[2024-05-09T16:35:31.648+0000] {logging_mixin.py:188} INFO - [2024-05-09T16:35:31.648+0000] {dag.py:3954} INFO - Setting next_dagrun for conditional_dataset_and_time_based_timetable to 2024-05-08 01:00:00+00:00, run_after=2024-05-08 01:00:00+00:00
[2024-05-09T16:35:31.659+0000] {logging_mixin.py:188} INFO - [2024-05-09T16:35:31.658+0000] {dag.py:3954} INFO - Setting next_dagrun for consume_1_and_2_with_dataset_expressions to None, run_after=None
[2024-05-09T16:35:31.662+0000] {logging_mixin.py:188} INFO - [2024-05-09T16:35:31.662+0000] {dag.py:3954} INFO - Setting next_dagrun for consume_1_or_2_with_dataset_expressions to None, run_after=None
[2024-05-09T16:35:31.665+0000] {logging_mixin.py:188} INFO - [2024-05-09T16:35:31.665+0000] {dag.py:3954} INFO - Setting next_dagrun for consume_1_or_both_2_and_3_with_dataset_expressions to None, run_after=None
[2024-05-09T16:35:31.668+0000] {logging_mixin.py:188} INFO - [2024-05-09T16:35:31.667+0000] {dag.py:3954} INFO - Setting next_dagrun for dataset_consumes_1 to None, run_after=None
[2024-05-09T16:35:31.671+0000] {logging_mixin.py:188} INFO - [2024-05-09T16:35:31.670+0000] {dag.py:3954} INFO - Setting next_dagrun for dataset_consumes_1_and_2 to None, run_after=None
[2024-05-09T16:35:31.673+0000] {logging_mixin.py:188} INFO - [2024-05-09T16:35:31.673+0000] {dag.py:3954} INFO - Setting next_dagrun for dataset_consumes_1_never_scheduled to None, run_after=None
[2024-05-09T16:35:31.676+0000] {logging_mixin.py:188} INFO - [2024-05-09T16:35:31.675+0000] {dag.py:3954} INFO - Setting next_dagrun for dataset_consumes_unknown_never_scheduled to None, run_after=None
[2024-05-09T16:35:31.679+0000] {logging_mixin.py:188} INFO - [2024-05-09T16:35:31.679+0000] {dag.py:3954} INFO - Setting next_dagrun for dataset_produces_1 to 2024-05-08 00:00:00+00:00, run_after=2024-05-09 00:00:00+00:00
[2024-05-09T16:35:31.681+0000] {logging_mixin.py:188} INFO - [2024-05-09T16:35:31.681+0000] {dag.py:3954} INFO - Setting next_dagrun for dataset_produces_2 to None, run_after=None
[2024-05-09T16:35:31.730+0000] {processor.py:183} INFO - Processing /home/airflow/.local/lib/python3.12/site-packages/airflow/example_dags/example_datasets.py took 0.216 seconds
[2024-05-09T16:36:01.944+0000] {processor.py:161} INFO - Started process (PID=2605) to work on /home/airflow/.local/lib/python3.12/site-packages/airflow/example_dags/example_datasets.py
[2024-05-09T16:36:01.945+0000] {processor.py:830} INFO - Processing file /home/airflow/.local/lib/python3.12/site-packages/airflow/example_dags/example_datasets.py for tasks to queue
[2024-05-09T16:36:01.947+0000] {logging_mixin.py:188} INFO - [2024-05-09T16:36:01.947+0000] {dagbag.py:545} INFO - Filling up the DagBag from /home/airflow/.local/lib/python3.12/site-packages/airflow/example_dags/example_datasets.py
[2024-05-09T16:36:01.963+0000] {processor.py:840} INFO - DAG(s) 'conditional_dataset_and_time_based_timetable', 'dataset_consumes_1_and_2', 'consume_1_and_2_with_dataset_expressions', 'consume_1_or_2_with_dataset_expressions', 'dataset_consumes_1', 'dataset_consumes_1_never_scheduled', 'dataset_consumes_unknown_never_scheduled', 'dataset_produces_2', 'consume_1_or_both_2_and_3_with_dataset_expressions', 'dataset_produces_1' retrieved from /home/airflow/.local/lib/python3.12/site-packages/airflow/example_dags/example_datasets.py
[2024-05-09T16:36:02.033+0000] {logging_mixin.py:188} INFO - [2024-05-09T16:36:02.032+0000] {dag.py:3096} INFO - Sync 10 DAGs
[2024-05-09T16:36:02.062+0000] {logging_mixin.py:188} INFO - [2024-05-09T16:36:02.062+0000] {dag.py:3954} INFO - Setting next_dagrun for conditional_dataset_and_time_based_timetable to 2024-05-08 01:00:00+00:00, run_after=2024-05-08 01:00:00+00:00
[2024-05-09T16:36:02.068+0000] {logging_mixin.py:188} INFO - [2024-05-09T16:36:02.068+0000] {dag.py:3954} INFO - Setting next_dagrun for consume_1_and_2_with_dataset_expressions to None, run_after=None
[2024-05-09T16:36:02.070+0000] {logging_mixin.py:188} INFO - [2024-05-09T16:36:02.070+0000] {dag.py:3954} INFO - Setting next_dagrun for consume_1_or_2_with_dataset_expressions to None, run_after=None
[2024-05-09T16:36:02.072+0000] {logging_mixin.py:188} INFO - [2024-05-09T16:36:02.072+0000] {dag.py:3954} INFO - Setting next_dagrun for consume_1_or_both_2_and_3_with_dataset_expressions to None, run_after=None
[2024-05-09T16:36:02.075+0000] {logging_mixin.py:188} INFO - [2024-05-09T16:36:02.075+0000] {dag.py:3954} INFO - Setting next_dagrun for dataset_consumes_1 to None, run_after=None
[2024-05-09T16:36:02.076+0000] {logging_mixin.py:188} INFO - [2024-05-09T16:36:02.076+0000] {dag.py:3954} INFO - Setting next_dagrun for dataset_consumes_1_and_2 to None, run_after=None
[2024-05-09T16:36:02.079+0000] {logging_mixin.py:188} INFO - [2024-05-09T16:36:02.079+0000] {dag.py:3954} INFO - Setting next_dagrun for dataset_consumes_1_never_scheduled to None, run_after=None
[2024-05-09T16:36:02.081+0000] {logging_mixin.py:188} INFO - [2024-05-09T16:36:02.081+0000] {dag.py:3954} INFO - Setting next_dagrun for dataset_consumes_unknown_never_scheduled to None, run_after=None
[2024-05-09T16:36:02.084+0000] {logging_mixin.py:188} INFO - [2024-05-09T16:36:02.084+0000] {dag.py:3954} INFO - Setting next_dagrun for dataset_produces_1 to 2024-05-08 00:00:00+00:00, run_after=2024-05-09 00:00:00+00:00
[2024-05-09T16:36:02.087+0000] {logging_mixin.py:188} INFO - [2024-05-09T16:36:02.086+0000] {dag.py:3954} INFO - Setting next_dagrun for dataset_produces_2 to None, run_after=None
[2024-05-09T16:36:02.130+0000] {processor.py:183} INFO - Processing /home/airflow/.local/lib/python3.12/site-packages/airflow/example_dags/example_datasets.py took 0.191 seconds
