[2024-05-09T16:31:27.773+0000] {processor.py:161} INFO - Started process (PID=286) to work on /home/airflow/.local/lib/python3.12/site-packages/airflow/example_dags/example_setup_teardown.py
[2024-05-09T16:31:27.773+0000] {processor.py:830} INFO - Processing file /home/airflow/.local/lib/python3.12/site-packages/airflow/example_dags/example_setup_teardown.py for tasks to queue
[2024-05-09T16:31:27.775+0000] {logging_mixin.py:188} INFO - [2024-05-09T16:31:27.774+0000] {dagbag.py:545} INFO - Filling up the DagBag from /home/airflow/.local/lib/python3.12/site-packages/airflow/example_dags/example_setup_teardown.py
[2024-05-09T16:31:27.782+0000] {processor.py:840} INFO - DAG(s) 'example_setup_teardown' retrieved from /home/airflow/.local/lib/python3.12/site-packages/airflow/example_dags/example_setup_teardown.py
[2024-05-09T16:31:27.792+0000] {logging_mixin.py:188} INFO - [2024-05-09T16:31:27.792+0000] {dag.py:3096} INFO - Sync 1 DAGs
[2024-05-09T16:31:27.818+0000] {logging_mixin.py:188} INFO - [2024-05-09T16:31:27.818+0000] {dag.py:3954} INFO - Setting next_dagrun for example_setup_teardown to 2024-05-08 00:00:00+00:00, run_after=2024-05-09 00:00:00+00:00
[2024-05-09T16:31:27.848+0000] {processor.py:183} INFO - Processing /home/airflow/.local/lib/python3.12/site-packages/airflow/example_dags/example_setup_teardown.py took 0.080 seconds
[2024-05-09T16:31:58.600+0000] {processor.py:161} INFO - Started process (PID=548) to work on /home/airflow/.local/lib/python3.12/site-packages/airflow/example_dags/example_setup_teardown.py
[2024-05-09T16:31:58.601+0000] {processor.py:830} INFO - Processing file /home/airflow/.local/lib/python3.12/site-packages/airflow/example_dags/example_setup_teardown.py for tasks to queue
[2024-05-09T16:31:58.603+0000] {logging_mixin.py:188} INFO - [2024-05-09T16:31:58.603+0000] {dagbag.py:545} INFO - Filling up the DagBag from /home/airflow/.local/lib/python3.12/site-packages/airflow/example_dags/example_setup_teardown.py
[2024-05-09T16:31:58.608+0000] {processor.py:840} INFO - DAG(s) 'example_setup_teardown' retrieved from /home/airflow/.local/lib/python3.12/site-packages/airflow/example_dags/example_setup_teardown.py
[2024-05-09T16:31:58.716+0000] {logging_mixin.py:188} INFO - [2024-05-09T16:31:58.716+0000] {dag.py:3096} INFO - Sync 1 DAGs
[2024-05-09T16:31:58.737+0000] {logging_mixin.py:188} INFO - [2024-05-09T16:31:58.736+0000] {dag.py:3954} INFO - Setting next_dagrun for example_setup_teardown to 2024-05-08 00:00:00+00:00, run_after=2024-05-09 00:00:00+00:00
[2024-05-09T16:31:58.754+0000] {processor.py:183} INFO - Processing /home/airflow/.local/lib/python3.12/site-packages/airflow/example_dags/example_setup_teardown.py took 0.160 seconds
[2024-05-09T16:32:28.916+0000] {processor.py:161} INFO - Started process (PID=810) to work on /home/airflow/.local/lib/python3.12/site-packages/airflow/example_dags/example_setup_teardown.py
[2024-05-09T16:32:28.917+0000] {processor.py:830} INFO - Processing file /home/airflow/.local/lib/python3.12/site-packages/airflow/example_dags/example_setup_teardown.py for tasks to queue
[2024-05-09T16:32:28.919+0000] {logging_mixin.py:188} INFO - [2024-05-09T16:32:28.918+0000] {dagbag.py:545} INFO - Filling up the DagBag from /home/airflow/.local/lib/python3.12/site-packages/airflow/example_dags/example_setup_teardown.py
[2024-05-09T16:32:28.924+0000] {processor.py:840} INFO - DAG(s) 'example_setup_teardown' retrieved from /home/airflow/.local/lib/python3.12/site-packages/airflow/example_dags/example_setup_teardown.py
[2024-05-09T16:32:28.945+0000] {logging_mixin.py:188} INFO - [2024-05-09T16:32:28.944+0000] {dag.py:3096} INFO - Sync 1 DAGs
[2024-05-09T16:32:28.966+0000] {logging_mixin.py:188} INFO - [2024-05-09T16:32:28.966+0000] {dag.py:3954} INFO - Setting next_dagrun for example_setup_teardown to 2024-05-08 00:00:00+00:00, run_after=2024-05-09 00:00:00+00:00
[2024-05-09T16:32:28.986+0000] {processor.py:183} INFO - Processing /home/airflow/.local/lib/python3.12/site-packages/airflow/example_dags/example_setup_teardown.py took 0.074 seconds
[2024-05-09T16:32:59.018+0000] {processor.py:161} INFO - Started process (PID=1072) to work on /home/airflow/.local/lib/python3.12/site-packages/airflow/example_dags/example_setup_teardown.py
[2024-05-09T16:32:59.019+0000] {processor.py:830} INFO - Processing file /home/airflow/.local/lib/python3.12/site-packages/airflow/example_dags/example_setup_teardown.py for tasks to queue
[2024-05-09T16:32:59.020+0000] {logging_mixin.py:188} INFO - [2024-05-09T16:32:59.020+0000] {dagbag.py:545} INFO - Filling up the DagBag from /home/airflow/.local/lib/python3.12/site-packages/airflow/example_dags/example_setup_teardown.py
[2024-05-09T16:32:59.025+0000] {processor.py:840} INFO - DAG(s) 'example_setup_teardown' retrieved from /home/airflow/.local/lib/python3.12/site-packages/airflow/example_dags/example_setup_teardown.py
[2024-05-09T16:32:59.040+0000] {logging_mixin.py:188} INFO - [2024-05-09T16:32:59.040+0000] {dag.py:3096} INFO - Sync 1 DAGs
[2024-05-09T16:32:59.058+0000] {logging_mixin.py:188} INFO - [2024-05-09T16:32:59.058+0000] {dag.py:3954} INFO - Setting next_dagrun for example_setup_teardown to 2024-05-08 00:00:00+00:00, run_after=2024-05-09 00:00:00+00:00
[2024-05-09T16:32:59.075+0000] {processor.py:183} INFO - Processing /home/airflow/.local/lib/python3.12/site-packages/airflow/example_dags/example_setup_teardown.py took 0.061 seconds
[2024-05-09T16:33:29.988+0000] {processor.py:161} INFO - Started process (PID=1337) to work on /home/airflow/.local/lib/python3.12/site-packages/airflow/example_dags/example_setup_teardown.py
[2024-05-09T16:33:29.989+0000] {processor.py:830} INFO - Processing file /home/airflow/.local/lib/python3.12/site-packages/airflow/example_dags/example_setup_teardown.py for tasks to queue
[2024-05-09T16:33:29.991+0000] {logging_mixin.py:188} INFO - [2024-05-09T16:33:29.991+0000] {dagbag.py:545} INFO - Filling up the DagBag from /home/airflow/.local/lib/python3.12/site-packages/airflow/example_dags/example_setup_teardown.py
[2024-05-09T16:33:29.997+0000] {processor.py:840} INFO - DAG(s) 'example_setup_teardown' retrieved from /home/airflow/.local/lib/python3.12/site-packages/airflow/example_dags/example_setup_teardown.py
[2024-05-09T16:33:30.018+0000] {logging_mixin.py:188} INFO - [2024-05-09T16:33:30.018+0000] {dag.py:3096} INFO - Sync 1 DAGs
[2024-05-09T16:33:30.041+0000] {logging_mixin.py:188} INFO - [2024-05-09T16:33:30.041+0000] {dag.py:3954} INFO - Setting next_dagrun for example_setup_teardown to 2024-05-08 00:00:00+00:00, run_after=2024-05-09 00:00:00+00:00
[2024-05-09T16:33:30.059+0000] {processor.py:183} INFO - Processing /home/airflow/.local/lib/python3.12/site-packages/airflow/example_dags/example_setup_teardown.py took 0.075 seconds
[2024-05-09T16:34:00.421+0000] {processor.py:161} INFO - Started process (PID=1597) to work on /home/airflow/.local/lib/python3.12/site-packages/airflow/example_dags/example_setup_teardown.py
[2024-05-09T16:34:00.422+0000] {processor.py:830} INFO - Processing file /home/airflow/.local/lib/python3.12/site-packages/airflow/example_dags/example_setup_teardown.py for tasks to queue
[2024-05-09T16:34:00.424+0000] {logging_mixin.py:188} INFO - [2024-05-09T16:34:00.424+0000] {dagbag.py:545} INFO - Filling up the DagBag from /home/airflow/.local/lib/python3.12/site-packages/airflow/example_dags/example_setup_teardown.py
[2024-05-09T16:34:00.432+0000] {processor.py:840} INFO - DAG(s) 'example_setup_teardown' retrieved from /home/airflow/.local/lib/python3.12/site-packages/airflow/example_dags/example_setup_teardown.py
[2024-05-09T16:34:00.456+0000] {logging_mixin.py:188} INFO - [2024-05-09T16:34:00.455+0000] {dag.py:3096} INFO - Sync 1 DAGs
[2024-05-09T16:34:00.486+0000] {logging_mixin.py:188} INFO - [2024-05-09T16:34:00.486+0000] {dag.py:3954} INFO - Setting next_dagrun for example_setup_teardown to 2024-05-08 00:00:00+00:00, run_after=2024-05-09 00:00:00+00:00
[2024-05-09T16:34:00.511+0000] {processor.py:183} INFO - Processing /home/airflow/.local/lib/python3.12/site-packages/airflow/example_dags/example_setup_teardown.py took 0.097 seconds
[2024-05-09T16:34:31.443+0000] {processor.py:161} INFO - Started process (PID=1859) to work on /home/airflow/.local/lib/python3.12/site-packages/airflow/example_dags/example_setup_teardown.py
[2024-05-09T16:34:31.444+0000] {processor.py:830} INFO - Processing file /home/airflow/.local/lib/python3.12/site-packages/airflow/example_dags/example_setup_teardown.py for tasks to queue
[2024-05-09T16:34:31.446+0000] {logging_mixin.py:188} INFO - [2024-05-09T16:34:31.446+0000] {dagbag.py:545} INFO - Filling up the DagBag from /home/airflow/.local/lib/python3.12/site-packages/airflow/example_dags/example_setup_teardown.py
[2024-05-09T16:34:31.453+0000] {processor.py:840} INFO - DAG(s) 'example_setup_teardown' retrieved from /home/airflow/.local/lib/python3.12/site-packages/airflow/example_dags/example_setup_teardown.py
[2024-05-09T16:34:31.477+0000] {logging_mixin.py:188} INFO - [2024-05-09T16:34:31.477+0000] {dag.py:3096} INFO - Sync 1 DAGs
[2024-05-09T16:34:31.506+0000] {logging_mixin.py:188} INFO - [2024-05-09T16:34:31.505+0000] {dag.py:3954} INFO - Setting next_dagrun for example_setup_teardown to 2024-05-08 00:00:00+00:00, run_after=2024-05-09 00:00:00+00:00
[2024-05-09T16:34:31.530+0000] {processor.py:183} INFO - Processing /home/airflow/.local/lib/python3.12/site-packages/airflow/example_dags/example_setup_teardown.py took 0.094 seconds
[2024-05-09T16:35:01.832+0000] {processor.py:161} INFO - Started process (PID=2121) to work on /home/airflow/.local/lib/python3.12/site-packages/airflow/example_dags/example_setup_teardown.py
[2024-05-09T16:35:01.833+0000] {processor.py:830} INFO - Processing file /home/airflow/.local/lib/python3.12/site-packages/airflow/example_dags/example_setup_teardown.py for tasks to queue
[2024-05-09T16:35:01.835+0000] {logging_mixin.py:188} INFO - [2024-05-09T16:35:01.835+0000] {dagbag.py:545} INFO - Filling up the DagBag from /home/airflow/.local/lib/python3.12/site-packages/airflow/example_dags/example_setup_teardown.py
[2024-05-09T16:35:01.843+0000] {processor.py:840} INFO - DAG(s) 'example_setup_teardown' retrieved from /home/airflow/.local/lib/python3.12/site-packages/airflow/example_dags/example_setup_teardown.py
[2024-05-09T16:35:01.865+0000] {logging_mixin.py:188} INFO - [2024-05-09T16:35:01.865+0000] {dag.py:3096} INFO - Sync 1 DAGs
[2024-05-09T16:35:01.890+0000] {logging_mixin.py:188} INFO - [2024-05-09T16:35:01.889+0000] {dag.py:3954} INFO - Setting next_dagrun for example_setup_teardown to 2024-05-08 00:00:00+00:00, run_after=2024-05-09 00:00:00+00:00
[2024-05-09T16:35:01.915+0000] {processor.py:183} INFO - Processing /home/airflow/.local/lib/python3.12/site-packages/airflow/example_dags/example_setup_teardown.py took 0.089 seconds
[2024-05-09T16:35:32.160+0000] {processor.py:161} INFO - Started process (PID=2383) to work on /home/airflow/.local/lib/python3.12/site-packages/airflow/example_dags/example_setup_teardown.py
[2024-05-09T16:35:32.162+0000] {processor.py:830} INFO - Processing file /home/airflow/.local/lib/python3.12/site-packages/airflow/example_dags/example_setup_teardown.py for tasks to queue
[2024-05-09T16:35:32.164+0000] {logging_mixin.py:188} INFO - [2024-05-09T16:35:32.164+0000] {dagbag.py:545} INFO - Filling up the DagBag from /home/airflow/.local/lib/python3.12/site-packages/airflow/example_dags/example_setup_teardown.py
[2024-05-09T16:35:32.171+0000] {processor.py:840} INFO - DAG(s) 'example_setup_teardown' retrieved from /home/airflow/.local/lib/python3.12/site-packages/airflow/example_dags/example_setup_teardown.py
[2024-05-09T16:35:32.197+0000] {logging_mixin.py:188} INFO - [2024-05-09T16:35:32.196+0000] {dag.py:3096} INFO - Sync 1 DAGs
[2024-05-09T16:35:32.227+0000] {logging_mixin.py:188} INFO - [2024-05-09T16:35:32.226+0000] {dag.py:3954} INFO - Setting next_dagrun for example_setup_teardown to 2024-05-08 00:00:00+00:00, run_after=2024-05-09 00:00:00+00:00
[2024-05-09T16:35:32.252+0000] {processor.py:183} INFO - Processing /home/airflow/.local/lib/python3.12/site-packages/airflow/example_dags/example_setup_teardown.py took 0.100 seconds
[2024-05-09T16:36:02.511+0000] {processor.py:161} INFO - Started process (PID=2645) to work on /home/airflow/.local/lib/python3.12/site-packages/airflow/example_dags/example_setup_teardown.py
[2024-05-09T16:36:02.512+0000] {processor.py:830} INFO - Processing file /home/airflow/.local/lib/python3.12/site-packages/airflow/example_dags/example_setup_teardown.py for tasks to queue
[2024-05-09T16:36:02.514+0000] {logging_mixin.py:188} INFO - [2024-05-09T16:36:02.513+0000] {dagbag.py:545} INFO - Filling up the DagBag from /home/airflow/.local/lib/python3.12/site-packages/airflow/example_dags/example_setup_teardown.py
[2024-05-09T16:36:02.522+0000] {processor.py:840} INFO - DAG(s) 'example_setup_teardown' retrieved from /home/airflow/.local/lib/python3.12/site-packages/airflow/example_dags/example_setup_teardown.py
[2024-05-09T16:36:02.546+0000] {logging_mixin.py:188} INFO - [2024-05-09T16:36:02.546+0000] {dag.py:3096} INFO - Sync 1 DAGs
[2024-05-09T16:36:02.572+0000] {logging_mixin.py:188} INFO - [2024-05-09T16:36:02.572+0000] {dag.py:3954} INFO - Setting next_dagrun for example_setup_teardown to 2024-05-08 00:00:00+00:00, run_after=2024-05-09 00:00:00+00:00
[2024-05-09T16:36:02.595+0000] {processor.py:183} INFO - Processing /home/airflow/.local/lib/python3.12/site-packages/airflow/example_dags/example_setup_teardown.py took 0.091 seconds
