[2024-05-09T16:31:25.854+0000] {processor.py:161} INFO - Started process (PID=181) to work on /home/airflow/.local/lib/python3.12/site-packages/airflow/example_dags/example_short_circuit_operator.py
[2024-05-09T16:31:25.855+0000] {processor.py:830} INFO - Processing file /home/airflow/.local/lib/python3.12/site-packages/airflow/example_dags/example_short_circuit_operator.py for tasks to queue
[2024-05-09T16:31:25.857+0000] {logging_mixin.py:188} INFO - [2024-05-09T16:31:25.856+0000] {dagbag.py:545} INFO - Filling up the DagBag from /home/airflow/.local/lib/python3.12/site-packages/airflow/example_dags/example_short_circuit_operator.py
[2024-05-09T16:31:25.869+0000] {processor.py:840} INFO - DAG(s) 'example_short_circuit_operator' retrieved from /home/airflow/.local/lib/python3.12/site-packages/airflow/example_dags/example_short_circuit_operator.py
[2024-05-09T16:31:25.880+0000] {logging_mixin.py:188} INFO - [2024-05-09T16:31:25.880+0000] {dag.py:3096} INFO - Sync 1 DAGs
[2024-05-09T16:31:25.906+0000] {logging_mixin.py:188} INFO - [2024-05-09T16:31:25.906+0000] {dag.py:3954} INFO - Setting next_dagrun for example_short_circuit_operator to 2024-05-08 00:00:00+00:00, run_after=2024-05-09 00:00:00+00:00
[2024-05-09T16:31:25.928+0000] {processor.py:183} INFO - Processing /home/airflow/.local/lib/python3.12/site-packages/airflow/example_dags/example_short_circuit_operator.py took 0.116 seconds
[2024-05-09T16:31:56.407+0000] {processor.py:161} INFO - Started process (PID=443) to work on /home/airflow/.local/lib/python3.12/site-packages/airflow/example_dags/example_short_circuit_operator.py
[2024-05-09T16:31:56.408+0000] {processor.py:830} INFO - Processing file /home/airflow/.local/lib/python3.12/site-packages/airflow/example_dags/example_short_circuit_operator.py for tasks to queue
[2024-05-09T16:31:56.409+0000] {logging_mixin.py:188} INFO - [2024-05-09T16:31:56.409+0000] {dagbag.py:545} INFO - Filling up the DagBag from /home/airflow/.local/lib/python3.12/site-packages/airflow/example_dags/example_short_circuit_operator.py
[2024-05-09T16:31:56.416+0000] {processor.py:840} INFO - DAG(s) 'example_short_circuit_operator' retrieved from /home/airflow/.local/lib/python3.12/site-packages/airflow/example_dags/example_short_circuit_operator.py
[2024-05-09T16:31:56.538+0000] {logging_mixin.py:188} INFO - [2024-05-09T16:31:56.537+0000] {dag.py:3096} INFO - Sync 1 DAGs
[2024-05-09T16:31:56.587+0000] {logging_mixin.py:188} INFO - [2024-05-09T16:31:56.586+0000] {dag.py:3954} INFO - Setting next_dagrun for example_short_circuit_operator to 2024-05-08 00:00:00+00:00, run_after=2024-05-09 00:00:00+00:00
[2024-05-09T16:31:56.607+0000] {processor.py:183} INFO - Processing /home/airflow/.local/lib/python3.12/site-packages/airflow/example_dags/example_short_circuit_operator.py took 0.205 seconds
[2024-05-09T16:32:27.241+0000] {processor.py:161} INFO - Started process (PID=707) to work on /home/airflow/.local/lib/python3.12/site-packages/airflow/example_dags/example_short_circuit_operator.py
[2024-05-09T16:32:27.242+0000] {processor.py:830} INFO - Processing file /home/airflow/.local/lib/python3.12/site-packages/airflow/example_dags/example_short_circuit_operator.py for tasks to queue
[2024-05-09T16:32:27.245+0000] {logging_mixin.py:188} INFO - [2024-05-09T16:32:27.245+0000] {dagbag.py:545} INFO - Filling up the DagBag from /home/airflow/.local/lib/python3.12/site-packages/airflow/example_dags/example_short_circuit_operator.py
[2024-05-09T16:32:27.253+0000] {processor.py:840} INFO - DAG(s) 'example_short_circuit_operator' retrieved from /home/airflow/.local/lib/python3.12/site-packages/airflow/example_dags/example_short_circuit_operator.py
[2024-05-09T16:32:27.278+0000] {logging_mixin.py:188} INFO - [2024-05-09T16:32:27.278+0000] {dag.py:3096} INFO - Sync 1 DAGs
[2024-05-09T16:32:27.307+0000] {logging_mixin.py:188} INFO - [2024-05-09T16:32:27.306+0000] {dag.py:3954} INFO - Setting next_dagrun for example_short_circuit_operator to 2024-05-08 00:00:00+00:00, run_after=2024-05-09 00:00:00+00:00
[2024-05-09T16:32:27.331+0000] {processor.py:183} INFO - Processing /home/airflow/.local/lib/python3.12/site-packages/airflow/example_dags/example_short_circuit_operator.py took 0.096 seconds
[2024-05-09T16:32:57.692+0000] {processor.py:161} INFO - Started process (PID=967) to work on /home/airflow/.local/lib/python3.12/site-packages/airflow/example_dags/example_short_circuit_operator.py
[2024-05-09T16:32:57.693+0000] {processor.py:830} INFO - Processing file /home/airflow/.local/lib/python3.12/site-packages/airflow/example_dags/example_short_circuit_operator.py for tasks to queue
[2024-05-09T16:32:57.695+0000] {logging_mixin.py:188} INFO - [2024-05-09T16:32:57.694+0000] {dagbag.py:545} INFO - Filling up the DagBag from /home/airflow/.local/lib/python3.12/site-packages/airflow/example_dags/example_short_circuit_operator.py
[2024-05-09T16:32:57.701+0000] {processor.py:840} INFO - DAG(s) 'example_short_circuit_operator' retrieved from /home/airflow/.local/lib/python3.12/site-packages/airflow/example_dags/example_short_circuit_operator.py
[2024-05-09T16:32:57.722+0000] {logging_mixin.py:188} INFO - [2024-05-09T16:32:57.722+0000] {dag.py:3096} INFO - Sync 1 DAGs
[2024-05-09T16:32:57.742+0000] {logging_mixin.py:188} INFO - [2024-05-09T16:32:57.742+0000] {dag.py:3954} INFO - Setting next_dagrun for example_short_circuit_operator to 2024-05-08 00:00:00+00:00, run_after=2024-05-09 00:00:00+00:00
[2024-05-09T16:32:57.759+0000] {processor.py:183} INFO - Processing /home/airflow/.local/lib/python3.12/site-packages/airflow/example_dags/example_short_circuit_operator.py took 0.073 seconds
[2024-05-09T16:33:28.267+0000] {processor.py:161} INFO - Started process (PID=1230) to work on /home/airflow/.local/lib/python3.12/site-packages/airflow/example_dags/example_short_circuit_operator.py
[2024-05-09T16:33:28.269+0000] {processor.py:830} INFO - Processing file /home/airflow/.local/lib/python3.12/site-packages/airflow/example_dags/example_short_circuit_operator.py for tasks to queue
[2024-05-09T16:33:28.271+0000] {logging_mixin.py:188} INFO - [2024-05-09T16:33:28.270+0000] {dagbag.py:545} INFO - Filling up the DagBag from /home/airflow/.local/lib/python3.12/site-packages/airflow/example_dags/example_short_circuit_operator.py
[2024-05-09T16:33:28.281+0000] {processor.py:840} INFO - DAG(s) 'example_short_circuit_operator' retrieved from /home/airflow/.local/lib/python3.12/site-packages/airflow/example_dags/example_short_circuit_operator.py
[2024-05-09T16:33:28.309+0000] {logging_mixin.py:188} INFO - [2024-05-09T16:33:28.308+0000] {dag.py:3096} INFO - Sync 1 DAGs
[2024-05-09T16:33:28.333+0000] {logging_mixin.py:188} INFO - [2024-05-09T16:33:28.333+0000] {dag.py:3954} INFO - Setting next_dagrun for example_short_circuit_operator to 2024-05-08 00:00:00+00:00, run_after=2024-05-09 00:00:00+00:00
[2024-05-09T16:33:28.356+0000] {processor.py:183} INFO - Processing /home/airflow/.local/lib/python3.12/site-packages/airflow/example_dags/example_short_circuit_operator.py took 0.096 seconds
[2024-05-09T16:33:58.606+0000] {processor.py:161} INFO - Started process (PID=1492) to work on /home/airflow/.local/lib/python3.12/site-packages/airflow/example_dags/example_short_circuit_operator.py
[2024-05-09T16:33:58.607+0000] {processor.py:830} INFO - Processing file /home/airflow/.local/lib/python3.12/site-packages/airflow/example_dags/example_short_circuit_operator.py for tasks to queue
[2024-05-09T16:33:58.610+0000] {logging_mixin.py:188} INFO - [2024-05-09T16:33:58.610+0000] {dagbag.py:545} INFO - Filling up the DagBag from /home/airflow/.local/lib/python3.12/site-packages/airflow/example_dags/example_short_circuit_operator.py
[2024-05-09T16:33:58.620+0000] {processor.py:840} INFO - DAG(s) 'example_short_circuit_operator' retrieved from /home/airflow/.local/lib/python3.12/site-packages/airflow/example_dags/example_short_circuit_operator.py
[2024-05-09T16:33:58.650+0000] {logging_mixin.py:188} INFO - [2024-05-09T16:33:58.649+0000] {dag.py:3096} INFO - Sync 1 DAGs
[2024-05-09T16:33:58.682+0000] {logging_mixin.py:188} INFO - [2024-05-09T16:33:58.681+0000] {dag.py:3954} INFO - Setting next_dagrun for example_short_circuit_operator to 2024-05-08 00:00:00+00:00, run_after=2024-05-09 00:00:00+00:00
[2024-05-09T16:33:58.708+0000] {processor.py:183} INFO - Processing /home/airflow/.local/lib/python3.12/site-packages/airflow/example_dags/example_short_circuit_operator.py took 0.115 seconds
[2024-05-09T16:34:28.855+0000] {processor.py:161} INFO - Started process (PID=1755) to work on /home/airflow/.local/lib/python3.12/site-packages/airflow/example_dags/example_short_circuit_operator.py
[2024-05-09T16:34:28.856+0000] {processor.py:830} INFO - Processing file /home/airflow/.local/lib/python3.12/site-packages/airflow/example_dags/example_short_circuit_operator.py for tasks to queue
[2024-05-09T16:34:28.859+0000] {logging_mixin.py:188} INFO - [2024-05-09T16:34:28.858+0000] {dagbag.py:545} INFO - Filling up the DagBag from /home/airflow/.local/lib/python3.12/site-packages/airflow/example_dags/example_short_circuit_operator.py
[2024-05-09T16:34:28.866+0000] {processor.py:840} INFO - DAG(s) 'example_short_circuit_operator' retrieved from /home/airflow/.local/lib/python3.12/site-packages/airflow/example_dags/example_short_circuit_operator.py
[2024-05-09T16:34:28.894+0000] {logging_mixin.py:188} INFO - [2024-05-09T16:34:28.893+0000] {dag.py:3096} INFO - Sync 1 DAGs
[2024-05-09T16:34:28.923+0000] {logging_mixin.py:188} INFO - [2024-05-09T16:34:28.923+0000] {dag.py:3954} INFO - Setting next_dagrun for example_short_circuit_operator to 2024-05-08 00:00:00+00:00, run_after=2024-05-09 00:00:00+00:00
[2024-05-09T16:34:28.944+0000] {processor.py:183} INFO - Processing /home/airflow/.local/lib/python3.12/site-packages/airflow/example_dags/example_short_circuit_operator.py took 0.095 seconds
[2024-05-09T16:34:59.041+0000] {processor.py:161} INFO - Started process (PID=2016) to work on /home/airflow/.local/lib/python3.12/site-packages/airflow/example_dags/example_short_circuit_operator.py
[2024-05-09T16:34:59.043+0000] {processor.py:830} INFO - Processing file /home/airflow/.local/lib/python3.12/site-packages/airflow/example_dags/example_short_circuit_operator.py for tasks to queue
[2024-05-09T16:34:59.045+0000] {logging_mixin.py:188} INFO - [2024-05-09T16:34:59.045+0000] {dagbag.py:545} INFO - Filling up the DagBag from /home/airflow/.local/lib/python3.12/site-packages/airflow/example_dags/example_short_circuit_operator.py
[2024-05-09T16:34:59.053+0000] {processor.py:840} INFO - DAG(s) 'example_short_circuit_operator' retrieved from /home/airflow/.local/lib/python3.12/site-packages/airflow/example_dags/example_short_circuit_operator.py
[2024-05-09T16:34:59.079+0000] {logging_mixin.py:188} INFO - [2024-05-09T16:34:59.079+0000] {dag.py:3096} INFO - Sync 1 DAGs
[2024-05-09T16:34:59.112+0000] {logging_mixin.py:188} INFO - [2024-05-09T16:34:59.112+0000] {dag.py:3954} INFO - Setting next_dagrun for example_short_circuit_operator to 2024-05-08 00:00:00+00:00, run_after=2024-05-09 00:00:00+00:00
[2024-05-09T16:34:59.136+0000] {processor.py:183} INFO - Processing /home/airflow/.local/lib/python3.12/site-packages/airflow/example_dags/example_short_circuit_operator.py took 0.101 seconds
[2024-05-09T16:35:29.428+0000] {processor.py:161} INFO - Started process (PID=2278) to work on /home/airflow/.local/lib/python3.12/site-packages/airflow/example_dags/example_short_circuit_operator.py
[2024-05-09T16:35:29.429+0000] {processor.py:830} INFO - Processing file /home/airflow/.local/lib/python3.12/site-packages/airflow/example_dags/example_short_circuit_operator.py for tasks to queue
[2024-05-09T16:35:29.432+0000] {logging_mixin.py:188} INFO - [2024-05-09T16:35:29.431+0000] {dagbag.py:545} INFO - Filling up the DagBag from /home/airflow/.local/lib/python3.12/site-packages/airflow/example_dags/example_short_circuit_operator.py
[2024-05-09T16:35:29.440+0000] {processor.py:840} INFO - DAG(s) 'example_short_circuit_operator' retrieved from /home/airflow/.local/lib/python3.12/site-packages/airflow/example_dags/example_short_circuit_operator.py
[2024-05-09T16:35:29.468+0000] {logging_mixin.py:188} INFO - [2024-05-09T16:35:29.468+0000] {dag.py:3096} INFO - Sync 1 DAGs
[2024-05-09T16:35:29.499+0000] {logging_mixin.py:188} INFO - [2024-05-09T16:35:29.499+0000] {dag.py:3954} INFO - Setting next_dagrun for example_short_circuit_operator to 2024-05-08 00:00:00+00:00, run_after=2024-05-09 00:00:00+00:00
[2024-05-09T16:35:29.524+0000] {processor.py:183} INFO - Processing /home/airflow/.local/lib/python3.12/site-packages/airflow/example_dags/example_short_circuit_operator.py took 0.105 seconds
[2024-05-09T16:35:59.969+0000] {processor.py:161} INFO - Started process (PID=2540) to work on /home/airflow/.local/lib/python3.12/site-packages/airflow/example_dags/example_short_circuit_operator.py
[2024-05-09T16:35:59.970+0000] {processor.py:830} INFO - Processing file /home/airflow/.local/lib/python3.12/site-packages/airflow/example_dags/example_short_circuit_operator.py for tasks to queue
[2024-05-09T16:35:59.972+0000] {logging_mixin.py:188} INFO - [2024-05-09T16:35:59.972+0000] {dagbag.py:545} INFO - Filling up the DagBag from /home/airflow/.local/lib/python3.12/site-packages/airflow/example_dags/example_short_circuit_operator.py
[2024-05-09T16:35:59.981+0000] {processor.py:840} INFO - DAG(s) 'example_short_circuit_operator' retrieved from /home/airflow/.local/lib/python3.12/site-packages/airflow/example_dags/example_short_circuit_operator.py
[2024-05-09T16:36:00.006+0000] {logging_mixin.py:188} INFO - [2024-05-09T16:36:00.006+0000] {dag.py:3096} INFO - Sync 1 DAGs
[2024-05-09T16:36:00.035+0000] {logging_mixin.py:188} INFO - [2024-05-09T16:36:00.035+0000] {dag.py:3954} INFO - Setting next_dagrun for example_short_circuit_operator to 2024-05-08 00:00:00+00:00, run_after=2024-05-09 00:00:00+00:00
[2024-05-09T16:36:00.059+0000] {processor.py:183} INFO - Processing /home/airflow/.local/lib/python3.12/site-packages/airflow/example_dags/example_short_circuit_operator.py took 0.095 seconds
