[2024-05-09T16:31:27.492+0000] {processor.py:161} INFO - Started process (PID=256) to work on /home/airflow/.local/lib/python3.12/site-packages/airflow/example_dags/example_sensors.py
[2024-05-09T16:31:27.493+0000] {processor.py:830} INFO - Processing file /home/airflow/.local/lib/python3.12/site-packages/airflow/example_dags/example_sensors.py for tasks to queue
[2024-05-09T16:31:27.494+0000] {logging_mixin.py:188} INFO - [2024-05-09T16:31:27.494+0000] {dagbag.py:545} INFO - Filling up the DagBag from /home/airflow/.local/lib/python3.12/site-packages/airflow/example_dags/example_sensors.py
[2024-05-09T16:31:27.505+0000] {processor.py:840} INFO - DAG(s) 'example_sensors' retrieved from /home/airflow/.local/lib/python3.12/site-packages/airflow/example_dags/example_sensors.py
[2024-05-09T16:31:27.516+0000] {logging_mixin.py:188} INFO - [2024-05-09T16:31:27.515+0000] {dag.py:3096} INFO - Sync 1 DAGs
[2024-05-09T16:31:27.529+0000] {logging_mixin.py:188} INFO - [2024-05-09T16:31:27.529+0000] {dag.py:3954} INFO - Setting next_dagrun for example_sensors to None, run_after=None
[2024-05-09T16:31:27.548+0000] {processor.py:183} INFO - Processing /home/airflow/.local/lib/python3.12/site-packages/airflow/example_dags/example_sensors.py took 0.060 seconds
[2024-05-09T16:31:58.063+0000] {processor.py:161} INFO - Started process (PID=518) to work on /home/airflow/.local/lib/python3.12/site-packages/airflow/example_dags/example_sensors.py
[2024-05-09T16:31:58.063+0000] {processor.py:830} INFO - Processing file /home/airflow/.local/lib/python3.12/site-packages/airflow/example_dags/example_sensors.py for tasks to queue
[2024-05-09T16:31:58.065+0000] {logging_mixin.py:188} INFO - [2024-05-09T16:31:58.065+0000] {dagbag.py:545} INFO - Filling up the DagBag from /home/airflow/.local/lib/python3.12/site-packages/airflow/example_dags/example_sensors.py
[2024-05-09T16:31:58.073+0000] {processor.py:840} INFO - DAG(s) 'example_sensors' retrieved from /home/airflow/.local/lib/python3.12/site-packages/airflow/example_dags/example_sensors.py
[2024-05-09T16:31:58.187+0000] {logging_mixin.py:188} INFO - [2024-05-09T16:31:58.187+0000] {dag.py:3096} INFO - Sync 1 DAGs
[2024-05-09T16:31:58.199+0000] {logging_mixin.py:188} INFO - [2024-05-09T16:31:58.199+0000] {dag.py:3954} INFO - Setting next_dagrun for example_sensors to None, run_after=None
[2024-05-09T16:31:58.220+0000] {processor.py:183} INFO - Processing /home/airflow/.local/lib/python3.12/site-packages/airflow/example_dags/example_sensors.py took 0.161 seconds
[2024-05-09T16:32:28.427+0000] {processor.py:161} INFO - Started process (PID=780) to work on /home/airflow/.local/lib/python3.12/site-packages/airflow/example_dags/example_sensors.py
[2024-05-09T16:32:28.428+0000] {processor.py:830} INFO - Processing file /home/airflow/.local/lib/python3.12/site-packages/airflow/example_dags/example_sensors.py for tasks to queue
[2024-05-09T16:32:28.431+0000] {logging_mixin.py:188} INFO - [2024-05-09T16:32:28.430+0000] {dagbag.py:545} INFO - Filling up the DagBag from /home/airflow/.local/lib/python3.12/site-packages/airflow/example_dags/example_sensors.py
[2024-05-09T16:32:28.447+0000] {processor.py:840} INFO - DAG(s) 'example_sensors' retrieved from /home/airflow/.local/lib/python3.12/site-packages/airflow/example_dags/example_sensors.py
[2024-05-09T16:32:28.490+0000] {logging_mixin.py:188} INFO - [2024-05-09T16:32:28.489+0000] {dag.py:3096} INFO - Sync 1 DAGs
[2024-05-09T16:32:28.511+0000] {logging_mixin.py:188} INFO - [2024-05-09T16:32:28.510+0000] {dag.py:3954} INFO - Setting next_dagrun for example_sensors to None, run_after=None
[2024-05-09T16:32:28.543+0000] {processor.py:183} INFO - Processing /home/airflow/.local/lib/python3.12/site-packages/airflow/example_dags/example_sensors.py took 0.124 seconds
[2024-05-09T16:32:58.637+0000] {processor.py:161} INFO - Started process (PID=1042) to work on /home/airflow/.local/lib/python3.12/site-packages/airflow/example_dags/example_sensors.py
[2024-05-09T16:32:58.637+0000] {processor.py:830} INFO - Processing file /home/airflow/.local/lib/python3.12/site-packages/airflow/example_dags/example_sensors.py for tasks to queue
[2024-05-09T16:32:58.639+0000] {logging_mixin.py:188} INFO - [2024-05-09T16:32:58.639+0000] {dagbag.py:545} INFO - Filling up the DagBag from /home/airflow/.local/lib/python3.12/site-packages/airflow/example_dags/example_sensors.py
[2024-05-09T16:32:58.647+0000] {processor.py:840} INFO - DAG(s) 'example_sensors' retrieved from /home/airflow/.local/lib/python3.12/site-packages/airflow/example_dags/example_sensors.py
[2024-05-09T16:32:58.671+0000] {logging_mixin.py:188} INFO - [2024-05-09T16:32:58.670+0000] {dag.py:3096} INFO - Sync 1 DAGs
[2024-05-09T16:32:58.683+0000] {logging_mixin.py:188} INFO - [2024-05-09T16:32:58.683+0000] {dag.py:3954} INFO - Setting next_dagrun for example_sensors to None, run_after=None
[2024-05-09T16:32:58.700+0000] {processor.py:183} INFO - Processing /home/airflow/.local/lib/python3.12/site-packages/airflow/example_dags/example_sensors.py took 0.068 seconds
[2024-05-09T16:33:29.531+0000] {processor.py:161} INFO - Started process (PID=1305) to work on /home/airflow/.local/lib/python3.12/site-packages/airflow/example_dags/example_sensors.py
[2024-05-09T16:33:29.533+0000] {processor.py:830} INFO - Processing file /home/airflow/.local/lib/python3.12/site-packages/airflow/example_dags/example_sensors.py for tasks to queue
[2024-05-09T16:33:29.534+0000] {logging_mixin.py:188} INFO - [2024-05-09T16:33:29.534+0000] {dagbag.py:545} INFO - Filling up the DagBag from /home/airflow/.local/lib/python3.12/site-packages/airflow/example_dags/example_sensors.py
[2024-05-09T16:33:29.543+0000] {processor.py:840} INFO - DAG(s) 'example_sensors' retrieved from /home/airflow/.local/lib/python3.12/site-packages/airflow/example_dags/example_sensors.py
[2024-05-09T16:33:29.572+0000] {logging_mixin.py:188} INFO - [2024-05-09T16:33:29.572+0000] {dag.py:3096} INFO - Sync 1 DAGs
[2024-05-09T16:33:29.587+0000] {logging_mixin.py:188} INFO - [2024-05-09T16:33:29.587+0000] {dag.py:3954} INFO - Setting next_dagrun for example_sensors to None, run_after=None
[2024-05-09T16:33:29.617+0000] {processor.py:183} INFO - Processing /home/airflow/.local/lib/python3.12/site-packages/airflow/example_dags/example_sensors.py took 0.093 seconds
[2024-05-09T16:33:59.964+0000] {processor.py:161} INFO - Started process (PID=1567) to work on /home/airflow/.local/lib/python3.12/site-packages/airflow/example_dags/example_sensors.py
[2024-05-09T16:33:59.965+0000] {processor.py:830} INFO - Processing file /home/airflow/.local/lib/python3.12/site-packages/airflow/example_dags/example_sensors.py for tasks to queue
[2024-05-09T16:33:59.967+0000] {logging_mixin.py:188} INFO - [2024-05-09T16:33:59.966+0000] {dagbag.py:545} INFO - Filling up the DagBag from /home/airflow/.local/lib/python3.12/site-packages/airflow/example_dags/example_sensors.py
[2024-05-09T16:33:59.978+0000] {processor.py:840} INFO - DAG(s) 'example_sensors' retrieved from /home/airflow/.local/lib/python3.12/site-packages/airflow/example_dags/example_sensors.py
[2024-05-09T16:34:00.014+0000] {logging_mixin.py:188} INFO - [2024-05-09T16:34:00.014+0000] {dag.py:3096} INFO - Sync 1 DAGs
[2024-05-09T16:34:00.034+0000] {logging_mixin.py:188} INFO - [2024-05-09T16:34:00.034+0000] {dag.py:3954} INFO - Setting next_dagrun for example_sensors to None, run_after=None
[2024-05-09T16:34:00.060+0000] {processor.py:183} INFO - Processing /home/airflow/.local/lib/python3.12/site-packages/airflow/example_dags/example_sensors.py took 0.104 seconds
[2024-05-09T16:34:31.036+0000] {processor.py:161} INFO - Started process (PID=1829) to work on /home/airflow/.local/lib/python3.12/site-packages/airflow/example_dags/example_sensors.py
[2024-05-09T16:34:31.037+0000] {processor.py:830} INFO - Processing file /home/airflow/.local/lib/python3.12/site-packages/airflow/example_dags/example_sensors.py for tasks to queue
[2024-05-09T16:34:31.039+0000] {logging_mixin.py:188} INFO - [2024-05-09T16:34:31.039+0000] {dagbag.py:545} INFO - Filling up the DagBag from /home/airflow/.local/lib/python3.12/site-packages/airflow/example_dags/example_sensors.py
[2024-05-09T16:34:31.048+0000] {processor.py:840} INFO - DAG(s) 'example_sensors' retrieved from /home/airflow/.local/lib/python3.12/site-packages/airflow/example_dags/example_sensors.py
[2024-05-09T16:34:31.080+0000] {logging_mixin.py:188} INFO - [2024-05-09T16:34:31.080+0000] {dag.py:3096} INFO - Sync 1 DAGs
[2024-05-09T16:34:31.099+0000] {logging_mixin.py:188} INFO - [2024-05-09T16:34:31.099+0000] {dag.py:3954} INFO - Setting next_dagrun for example_sensors to None, run_after=None
[2024-05-09T16:34:31.120+0000] {processor.py:183} INFO - Processing /home/airflow/.local/lib/python3.12/site-packages/airflow/example_dags/example_sensors.py took 0.090 seconds
[2024-05-09T16:35:01.471+0000] {processor.py:161} INFO - Started process (PID=2091) to work on /home/airflow/.local/lib/python3.12/site-packages/airflow/example_dags/example_sensors.py
[2024-05-09T16:35:01.472+0000] {processor.py:830} INFO - Processing file /home/airflow/.local/lib/python3.12/site-packages/airflow/example_dags/example_sensors.py for tasks to queue
[2024-05-09T16:35:01.475+0000] {logging_mixin.py:188} INFO - [2024-05-09T16:35:01.475+0000] {dagbag.py:545} INFO - Filling up the DagBag from /home/airflow/.local/lib/python3.12/site-packages/airflow/example_dags/example_sensors.py
[2024-05-09T16:35:01.486+0000] {processor.py:840} INFO - DAG(s) 'example_sensors' retrieved from /home/airflow/.local/lib/python3.12/site-packages/airflow/example_dags/example_sensors.py
[2024-05-09T16:35:01.519+0000] {logging_mixin.py:188} INFO - [2024-05-09T16:35:01.519+0000] {dag.py:3096} INFO - Sync 1 DAGs
[2024-05-09T16:35:01.534+0000] {logging_mixin.py:188} INFO - [2024-05-09T16:35:01.534+0000] {dag.py:3954} INFO - Setting next_dagrun for example_sensors to None, run_after=None
[2024-05-09T16:35:01.557+0000] {processor.py:183} INFO - Processing /home/airflow/.local/lib/python3.12/site-packages/airflow/example_dags/example_sensors.py took 0.093 seconds
[2024-05-09T16:35:31.770+0000] {processor.py:161} INFO - Started process (PID=2353) to work on /home/airflow/.local/lib/python3.12/site-packages/airflow/example_dags/example_sensors.py
[2024-05-09T16:35:31.771+0000] {processor.py:830} INFO - Processing file /home/airflow/.local/lib/python3.12/site-packages/airflow/example_dags/example_sensors.py for tasks to queue
[2024-05-09T16:35:31.774+0000] {logging_mixin.py:188} INFO - [2024-05-09T16:35:31.773+0000] {dagbag.py:545} INFO - Filling up the DagBag from /home/airflow/.local/lib/python3.12/site-packages/airflow/example_dags/example_sensors.py
[2024-05-09T16:35:31.784+0000] {processor.py:840} INFO - DAG(s) 'example_sensors' retrieved from /home/airflow/.local/lib/python3.12/site-packages/airflow/example_dags/example_sensors.py
[2024-05-09T16:35:31.813+0000] {logging_mixin.py:188} INFO - [2024-05-09T16:35:31.813+0000] {dag.py:3096} INFO - Sync 1 DAGs
[2024-05-09T16:35:31.832+0000] {logging_mixin.py:188} INFO - [2024-05-09T16:35:31.831+0000] {dag.py:3954} INFO - Setting next_dagrun for example_sensors to None, run_after=None
[2024-05-09T16:35:31.854+0000] {processor.py:183} INFO - Processing /home/airflow/.local/lib/python3.12/site-packages/airflow/example_dags/example_sensors.py took 0.090 seconds
[2024-05-09T16:36:02.129+0000] {processor.py:161} INFO - Started process (PID=2615) to work on /home/airflow/.local/lib/python3.12/site-packages/airflow/example_dags/example_sensors.py
[2024-05-09T16:36:02.130+0000] {processor.py:830} INFO - Processing file /home/airflow/.local/lib/python3.12/site-packages/airflow/example_dags/example_sensors.py for tasks to queue
[2024-05-09T16:36:02.132+0000] {logging_mixin.py:188} INFO - [2024-05-09T16:36:02.132+0000] {dagbag.py:545} INFO - Filling up the DagBag from /home/airflow/.local/lib/python3.12/site-packages/airflow/example_dags/example_sensors.py
[2024-05-09T16:36:02.144+0000] {processor.py:840} INFO - DAG(s) 'example_sensors' retrieved from /home/airflow/.local/lib/python3.12/site-packages/airflow/example_dags/example_sensors.py
[2024-05-09T16:36:02.173+0000] {logging_mixin.py:188} INFO - [2024-05-09T16:36:02.173+0000] {dag.py:3096} INFO - Sync 1 DAGs
[2024-05-09T16:36:02.191+0000] {logging_mixin.py:188} INFO - [2024-05-09T16:36:02.190+0000] {dag.py:3954} INFO - Setting next_dagrun for example_sensors to None, run_after=None
[2024-05-09T16:36:02.215+0000] {processor.py:183} INFO - Processing /home/airflow/.local/lib/python3.12/site-packages/airflow/example_dags/example_sensors.py took 0.092 seconds
