[2024-05-09T16:31:27.992+0000] {processor.py:161} INFO - Started process (PID=306) to work on /home/airflow/.local/lib/python3.12/site-packages/airflow/example_dags/example_latest_only.py
[2024-05-09T16:31:27.993+0000] {processor.py:830} INFO - Processing file /home/airflow/.local/lib/python3.12/site-packages/airflow/example_dags/example_latest_only.py for tasks to queue
[2024-05-09T16:31:27.994+0000] {logging_mixin.py:188} INFO - [2024-05-09T16:31:27.994+0000] {dagbag.py:545} INFO - Filling up the DagBag from /home/airflow/.local/lib/python3.12/site-packages/airflow/example_dags/example_latest_only.py
[2024-05-09T16:31:28.002+0000] {processor.py:840} INFO - DAG(s) 'latest_only' retrieved from /home/airflow/.local/lib/python3.12/site-packages/airflow/example_dags/example_latest_only.py
[2024-05-09T16:31:28.012+0000] {logging_mixin.py:188} INFO - [2024-05-09T16:31:28.012+0000] {dag.py:3096} INFO - Sync 1 DAGs
[2024-05-09T16:31:28.034+0000] {logging_mixin.py:188} INFO - [2024-05-09T16:31:28.034+0000] {dag.py:3954} INFO - Setting next_dagrun for latest_only to 2024-05-09 12:00:00+00:00, run_after=2024-05-09 16:00:00+00:00
[2024-05-09T16:31:28.053+0000] {processor.py:183} INFO - Processing /home/airflow/.local/lib/python3.12/site-packages/airflow/example_dags/example_latest_only.py took 0.066 seconds
[2024-05-09T16:31:58.966+0000] {processor.py:161} INFO - Started process (PID=568) to work on /home/airflow/.local/lib/python3.12/site-packages/airflow/example_dags/example_latest_only.py
[2024-05-09T16:31:58.967+0000] {processor.py:830} INFO - Processing file /home/airflow/.local/lib/python3.12/site-packages/airflow/example_dags/example_latest_only.py for tasks to queue
[2024-05-09T16:31:58.968+0000] {logging_mixin.py:188} INFO - [2024-05-09T16:31:58.968+0000] {dagbag.py:545} INFO - Filling up the DagBag from /home/airflow/.local/lib/python3.12/site-packages/airflow/example_dags/example_latest_only.py
[2024-05-09T16:31:58.973+0000] {processor.py:840} INFO - DAG(s) 'latest_only' retrieved from /home/airflow/.local/lib/python3.12/site-packages/airflow/example_dags/example_latest_only.py
[2024-05-09T16:31:59.073+0000] {logging_mixin.py:188} INFO - [2024-05-09T16:31:59.073+0000] {dag.py:3096} INFO - Sync 1 DAGs
[2024-05-09T16:31:59.097+0000] {logging_mixin.py:188} INFO - [2024-05-09T16:31:59.097+0000] {dag.py:3954} INFO - Setting next_dagrun for latest_only to 2024-05-09 12:00:00+00:00, run_after=2024-05-09 16:00:00+00:00
[2024-05-09T16:31:59.118+0000] {processor.py:183} INFO - Processing /home/airflow/.local/lib/python3.12/site-packages/airflow/example_dags/example_latest_only.py took 0.157 seconds
[2024-05-09T16:32:29.245+0000] {processor.py:161} INFO - Started process (PID=830) to work on /home/airflow/.local/lib/python3.12/site-packages/airflow/example_dags/example_latest_only.py
[2024-05-09T16:32:29.246+0000] {processor.py:830} INFO - Processing file /home/airflow/.local/lib/python3.12/site-packages/airflow/example_dags/example_latest_only.py for tasks to queue
[2024-05-09T16:32:29.248+0000] {logging_mixin.py:188} INFO - [2024-05-09T16:32:29.247+0000] {dagbag.py:545} INFO - Filling up the DagBag from /home/airflow/.local/lib/python3.12/site-packages/airflow/example_dags/example_latest_only.py
[2024-05-09T16:32:29.253+0000] {processor.py:840} INFO - DAG(s) 'latest_only' retrieved from /home/airflow/.local/lib/python3.12/site-packages/airflow/example_dags/example_latest_only.py
[2024-05-09T16:32:29.273+0000] {logging_mixin.py:188} INFO - [2024-05-09T16:32:29.273+0000] {dag.py:3096} INFO - Sync 1 DAGs
[2024-05-09T16:32:29.299+0000] {logging_mixin.py:188} INFO - [2024-05-09T16:32:29.298+0000] {dag.py:3954} INFO - Setting next_dagrun for latest_only to 2024-05-09 12:00:00+00:00, run_after=2024-05-09 16:00:00+00:00
[2024-05-09T16:32:29.321+0000] {processor.py:183} INFO - Processing /home/airflow/.local/lib/python3.12/site-packages/airflow/example_dags/example_latest_only.py took 0.081 seconds
[2024-05-09T16:33:00.291+0000] {processor.py:161} INFO - Started process (PID=1094) to work on /home/airflow/.local/lib/python3.12/site-packages/airflow/example_dags/example_latest_only.py
[2024-05-09T16:33:00.292+0000] {processor.py:830} INFO - Processing file /home/airflow/.local/lib/python3.12/site-packages/airflow/example_dags/example_latest_only.py for tasks to queue
[2024-05-09T16:33:00.293+0000] {logging_mixin.py:188} INFO - [2024-05-09T16:33:00.293+0000] {dagbag.py:545} INFO - Filling up the DagBag from /home/airflow/.local/lib/python3.12/site-packages/airflow/example_dags/example_latest_only.py
[2024-05-09T16:33:00.297+0000] {processor.py:840} INFO - DAG(s) 'latest_only' retrieved from /home/airflow/.local/lib/python3.12/site-packages/airflow/example_dags/example_latest_only.py
[2024-05-09T16:33:00.314+0000] {logging_mixin.py:188} INFO - [2024-05-09T16:33:00.314+0000] {dag.py:3096} INFO - Sync 1 DAGs
[2024-05-09T16:33:00.335+0000] {logging_mixin.py:188} INFO - [2024-05-09T16:33:00.335+0000] {dag.py:3954} INFO - Setting next_dagrun for latest_only to 2024-05-09 12:00:00+00:00, run_after=2024-05-09 16:00:00+00:00
[2024-05-09T16:33:00.353+0000] {processor.py:183} INFO - Processing /home/airflow/.local/lib/python3.12/site-packages/airflow/example_dags/example_latest_only.py took 0.067 seconds
[2024-05-09T16:33:31.117+0000] {processor.py:161} INFO - Started process (PID=1355) to work on /home/airflow/.local/lib/python3.12/site-packages/airflow/example_dags/example_latest_only.py
[2024-05-09T16:33:31.118+0000] {processor.py:830} INFO - Processing file /home/airflow/.local/lib/python3.12/site-packages/airflow/example_dags/example_latest_only.py for tasks to queue
[2024-05-09T16:33:31.120+0000] {logging_mixin.py:188} INFO - [2024-05-09T16:33:31.120+0000] {dagbag.py:545} INFO - Filling up the DagBag from /home/airflow/.local/lib/python3.12/site-packages/airflow/example_dags/example_latest_only.py
[2024-05-09T16:33:31.124+0000] {processor.py:840} INFO - DAG(s) 'latest_only' retrieved from /home/airflow/.local/lib/python3.12/site-packages/airflow/example_dags/example_latest_only.py
[2024-05-09T16:33:31.144+0000] {logging_mixin.py:188} INFO - [2024-05-09T16:33:31.144+0000] {dag.py:3096} INFO - Sync 1 DAGs
[2024-05-09T16:33:31.166+0000] {logging_mixin.py:188} INFO - [2024-05-09T16:33:31.165+0000] {dag.py:3954} INFO - Setting next_dagrun for latest_only to 2024-05-09 12:00:00+00:00, run_after=2024-05-09 16:00:00+00:00
[2024-05-09T16:33:31.184+0000] {processor.py:183} INFO - Processing /home/airflow/.local/lib/python3.12/site-packages/airflow/example_dags/example_latest_only.py took 0.071 seconds
[2024-05-09T16:34:01.709+0000] {processor.py:161} INFO - Started process (PID=1619) to work on /home/airflow/.local/lib/python3.12/site-packages/airflow/example_dags/example_latest_only.py
[2024-05-09T16:34:01.710+0000] {processor.py:830} INFO - Processing file /home/airflow/.local/lib/python3.12/site-packages/airflow/example_dags/example_latest_only.py for tasks to queue
[2024-05-09T16:34:01.711+0000] {logging_mixin.py:188} INFO - [2024-05-09T16:34:01.711+0000] {dagbag.py:545} INFO - Filling up the DagBag from /home/airflow/.local/lib/python3.12/site-packages/airflow/example_dags/example_latest_only.py
[2024-05-09T16:34:01.715+0000] {processor.py:840} INFO - DAG(s) 'latest_only' retrieved from /home/airflow/.local/lib/python3.12/site-packages/airflow/example_dags/example_latest_only.py
[2024-05-09T16:34:01.734+0000] {logging_mixin.py:188} INFO - [2024-05-09T16:34:01.733+0000] {dag.py:3096} INFO - Sync 1 DAGs
[2024-05-09T16:34:01.757+0000] {logging_mixin.py:188} INFO - [2024-05-09T16:34:01.757+0000] {dag.py:3954} INFO - Setting next_dagrun for latest_only to 2024-05-09 12:00:00+00:00, run_after=2024-05-09 16:00:00+00:00
[2024-05-09T16:34:01.775+0000] {processor.py:183} INFO - Processing /home/airflow/.local/lib/python3.12/site-packages/airflow/example_dags/example_latest_only.py took 0.071 seconds
[2024-05-09T16:34:32.614+0000] {processor.py:161} INFO - Started process (PID=1879) to work on /home/airflow/.local/lib/python3.12/site-packages/airflow/example_dags/example_latest_only.py
[2024-05-09T16:34:32.615+0000] {processor.py:830} INFO - Processing file /home/airflow/.local/lib/python3.12/site-packages/airflow/example_dags/example_latest_only.py for tasks to queue
[2024-05-09T16:34:32.617+0000] {logging_mixin.py:188} INFO - [2024-05-09T16:34:32.617+0000] {dagbag.py:545} INFO - Filling up the DagBag from /home/airflow/.local/lib/python3.12/site-packages/airflow/example_dags/example_latest_only.py
[2024-05-09T16:34:32.622+0000] {processor.py:840} INFO - DAG(s) 'latest_only' retrieved from /home/airflow/.local/lib/python3.12/site-packages/airflow/example_dags/example_latest_only.py
[2024-05-09T16:34:32.643+0000] {logging_mixin.py:188} INFO - [2024-05-09T16:34:32.642+0000] {dag.py:3096} INFO - Sync 1 DAGs
[2024-05-09T16:34:32.668+0000] {logging_mixin.py:188} INFO - [2024-05-09T16:34:32.668+0000] {dag.py:3954} INFO - Setting next_dagrun for latest_only to 2024-05-09 12:00:00+00:00, run_after=2024-05-09 16:00:00+00:00
[2024-05-09T16:34:32.689+0000] {processor.py:183} INFO - Processing /home/airflow/.local/lib/python3.12/site-packages/airflow/example_dags/example_latest_only.py took 0.080 seconds
[2024-05-09T16:35:03.083+0000] {processor.py:161} INFO - Started process (PID=2143) to work on /home/airflow/.local/lib/python3.12/site-packages/airflow/example_dags/example_latest_only.py
[2024-05-09T16:35:03.084+0000] {processor.py:830} INFO - Processing file /home/airflow/.local/lib/python3.12/site-packages/airflow/example_dags/example_latest_only.py for tasks to queue
[2024-05-09T16:35:03.085+0000] {logging_mixin.py:188} INFO - [2024-05-09T16:35:03.085+0000] {dagbag.py:545} INFO - Filling up the DagBag from /home/airflow/.local/lib/python3.12/site-packages/airflow/example_dags/example_latest_only.py
[2024-05-09T16:35:03.089+0000] {processor.py:840} INFO - DAG(s) 'latest_only' retrieved from /home/airflow/.local/lib/python3.12/site-packages/airflow/example_dags/example_latest_only.py
[2024-05-09T16:35:03.109+0000] {logging_mixin.py:188} INFO - [2024-05-09T16:35:03.109+0000] {dag.py:3096} INFO - Sync 1 DAGs
[2024-05-09T16:35:03.131+0000] {logging_mixin.py:188} INFO - [2024-05-09T16:35:03.131+0000] {dag.py:3954} INFO - Setting next_dagrun for latest_only to 2024-05-09 12:00:00+00:00, run_after=2024-05-09 16:00:00+00:00
[2024-05-09T16:35:03.149+0000] {processor.py:183} INFO - Processing /home/airflow/.local/lib/python3.12/site-packages/airflow/example_dags/example_latest_only.py took 0.071 seconds
[2024-05-09T16:35:33.321+0000] {processor.py:161} INFO - Started process (PID=2403) to work on /home/airflow/.local/lib/python3.12/site-packages/airflow/example_dags/example_latest_only.py
[2024-05-09T16:35:33.322+0000] {processor.py:830} INFO - Processing file /home/airflow/.local/lib/python3.12/site-packages/airflow/example_dags/example_latest_only.py for tasks to queue
[2024-05-09T16:35:33.323+0000] {logging_mixin.py:188} INFO - [2024-05-09T16:35:33.323+0000] {dagbag.py:545} INFO - Filling up the DagBag from /home/airflow/.local/lib/python3.12/site-packages/airflow/example_dags/example_latest_only.py
[2024-05-09T16:35:33.327+0000] {processor.py:840} INFO - DAG(s) 'latest_only' retrieved from /home/airflow/.local/lib/python3.12/site-packages/airflow/example_dags/example_latest_only.py
[2024-05-09T16:35:33.347+0000] {logging_mixin.py:188} INFO - [2024-05-09T16:35:33.347+0000] {dag.py:3096} INFO - Sync 1 DAGs
[2024-05-09T16:35:33.369+0000] {logging_mixin.py:188} INFO - [2024-05-09T16:35:33.369+0000] {dag.py:3954} INFO - Setting next_dagrun for latest_only to 2024-05-09 12:00:00+00:00, run_after=2024-05-09 16:00:00+00:00
[2024-05-09T16:35:33.392+0000] {processor.py:183} INFO - Processing /home/airflow/.local/lib/python3.12/site-packages/airflow/example_dags/example_latest_only.py took 0.075 seconds
[2024-05-09T16:36:03.665+0000] {processor.py:161} INFO - Started process (PID=2665) to work on /home/airflow/.local/lib/python3.12/site-packages/airflow/example_dags/example_latest_only.py
[2024-05-09T16:36:03.666+0000] {processor.py:830} INFO - Processing file /home/airflow/.local/lib/python3.12/site-packages/airflow/example_dags/example_latest_only.py for tasks to queue
[2024-05-09T16:36:03.667+0000] {logging_mixin.py:188} INFO - [2024-05-09T16:36:03.667+0000] {dagbag.py:545} INFO - Filling up the DagBag from /home/airflow/.local/lib/python3.12/site-packages/airflow/example_dags/example_latest_only.py
[2024-05-09T16:36:03.671+0000] {processor.py:840} INFO - DAG(s) 'latest_only' retrieved from /home/airflow/.local/lib/python3.12/site-packages/airflow/example_dags/example_latest_only.py
[2024-05-09T16:36:03.687+0000] {logging_mixin.py:188} INFO - [2024-05-09T16:36:03.687+0000] {dag.py:3096} INFO - Sync 1 DAGs
[2024-05-09T16:36:03.710+0000] {logging_mixin.py:188} INFO - [2024-05-09T16:36:03.710+0000] {dag.py:3954} INFO - Setting next_dagrun for latest_only to 2024-05-09 12:00:00+00:00, run_after=2024-05-09 16:00:00+00:00
[2024-05-09T16:36:03.727+0000] {processor.py:183} INFO - Processing /home/airflow/.local/lib/python3.12/site-packages/airflow/example_dags/example_latest_only.py took 0.067 seconds
