[2024-05-09T16:31:29.294+0000] {processor.py:161} INFO - Started process (PID=398) to work on /home/airflow/.local/lib/python3.12/site-packages/airflow/example_dags/example_xcomargs.py
[2024-05-09T16:31:29.296+0000] {processor.py:830} INFO - Processing file /home/airflow/.local/lib/python3.12/site-packages/airflow/example_dags/example_xcomargs.py for tasks to queue
[2024-05-09T16:31:29.300+0000] {logging_mixin.py:188} INFO - [2024-05-09T16:31:29.299+0000] {dagbag.py:545} INFO - Filling up the DagBag from /home/airflow/.local/lib/python3.12/site-packages/airflow/example_dags/example_xcomargs.py
[2024-05-09T16:31:29.310+0000] {processor.py:840} INFO - DAG(s) 'example_xcom_args_with_operators', 'example_xcom_args' retrieved from /home/airflow/.local/lib/python3.12/site-packages/airflow/example_dags/example_xcomargs.py
[2024-05-09T16:31:29.321+0000] {logging_mixin.py:188} INFO - [2024-05-09T16:31:29.321+0000] {dag.py:3096} INFO - Sync 2 DAGs
[2024-05-09T16:31:29.336+0000] {logging_mixin.py:188} INFO - [2024-05-09T16:31:29.336+0000] {dag.py:3954} INFO - Setting next_dagrun for example_xcom_args to None, run_after=None
[2024-05-09T16:31:29.341+0000] {logging_mixin.py:188} INFO - [2024-05-09T16:31:29.340+0000] {dag.py:3954} INFO - Setting next_dagrun for example_xcom_args_with_operators to None, run_after=None
[2024-05-09T16:31:29.367+0000] {processor.py:183} INFO - Processing /home/airflow/.local/lib/python3.12/site-packages/airflow/example_dags/example_xcomargs.py took 0.085 seconds
[2024-05-09T16:32:00.703+0000] {processor.py:161} INFO - Started process (PID=658) to work on /home/airflow/.local/lib/python3.12/site-packages/airflow/example_dags/example_xcomargs.py
[2024-05-09T16:32:00.704+0000] {processor.py:830} INFO - Processing file /home/airflow/.local/lib/python3.12/site-packages/airflow/example_dags/example_xcomargs.py for tasks to queue
[2024-05-09T16:32:00.706+0000] {logging_mixin.py:188} INFO - [2024-05-09T16:32:00.705+0000] {dagbag.py:545} INFO - Filling up the DagBag from /home/airflow/.local/lib/python3.12/site-packages/airflow/example_dags/example_xcomargs.py
[2024-05-09T16:32:00.713+0000] {processor.py:840} INFO - DAG(s) 'example_xcom_args', 'example_xcom_args_with_operators' retrieved from /home/airflow/.local/lib/python3.12/site-packages/airflow/example_dags/example_xcomargs.py
[2024-05-09T16:32:00.818+0000] {logging_mixin.py:188} INFO - [2024-05-09T16:32:00.818+0000] {dag.py:3096} INFO - Sync 2 DAGs
[2024-05-09T16:32:00.831+0000] {logging_mixin.py:188} INFO - [2024-05-09T16:32:00.831+0000] {dag.py:3954} INFO - Setting next_dagrun for example_xcom_args to None, run_after=None
[2024-05-09T16:32:00.835+0000] {logging_mixin.py:188} INFO - [2024-05-09T16:32:00.835+0000] {dag.py:3954} INFO - Setting next_dagrun for example_xcom_args_with_operators to None, run_after=None
[2024-05-09T16:32:00.853+0000] {processor.py:183} INFO - Processing /home/airflow/.local/lib/python3.12/site-packages/airflow/example_dags/example_xcomargs.py took 0.154 seconds
[2024-05-09T16:32:30.895+0000] {processor.py:161} INFO - Started process (PID=920) to work on /home/airflow/.local/lib/python3.12/site-packages/airflow/example_dags/example_xcomargs.py
[2024-05-09T16:32:30.896+0000] {processor.py:830} INFO - Processing file /home/airflow/.local/lib/python3.12/site-packages/airflow/example_dags/example_xcomargs.py for tasks to queue
[2024-05-09T16:32:30.898+0000] {logging_mixin.py:188} INFO - [2024-05-09T16:32:30.898+0000] {dagbag.py:545} INFO - Filling up the DagBag from /home/airflow/.local/lib/python3.12/site-packages/airflow/example_dags/example_xcomargs.py
[2024-05-09T16:32:30.906+0000] {processor.py:840} INFO - DAG(s) 'example_xcom_args_with_operators', 'example_xcom_args' retrieved from /home/airflow/.local/lib/python3.12/site-packages/airflow/example_dags/example_xcomargs.py
[2024-05-09T16:32:30.932+0000] {logging_mixin.py:188} INFO - [2024-05-09T16:32:30.931+0000] {dag.py:3096} INFO - Sync 2 DAGs
[2024-05-09T16:32:30.948+0000] {logging_mixin.py:188} INFO - [2024-05-09T16:32:30.947+0000] {dag.py:3954} INFO - Setting next_dagrun for example_xcom_args to None, run_after=None
[2024-05-09T16:32:30.953+0000] {logging_mixin.py:188} INFO - [2024-05-09T16:32:30.952+0000] {dag.py:3954} INFO - Setting next_dagrun for example_xcom_args_with_operators to None, run_after=None
[2024-05-09T16:32:30.972+0000] {processor.py:183} INFO - Processing /home/airflow/.local/lib/python3.12/site-packages/airflow/example_dags/example_xcomargs.py took 0.082 seconds
[2024-05-09T16:33:01.215+0000] {processor.py:161} INFO - Started process (PID=1182) to work on /home/airflow/.local/lib/python3.12/site-packages/airflow/example_dags/example_xcomargs.py
[2024-05-09T16:33:01.216+0000] {processor.py:830} INFO - Processing file /home/airflow/.local/lib/python3.12/site-packages/airflow/example_dags/example_xcomargs.py for tasks to queue
[2024-05-09T16:33:01.217+0000] {logging_mixin.py:188} INFO - [2024-05-09T16:33:01.217+0000] {dagbag.py:545} INFO - Filling up the DagBag from /home/airflow/.local/lib/python3.12/site-packages/airflow/example_dags/example_xcomargs.py
[2024-05-09T16:33:01.225+0000] {processor.py:840} INFO - DAG(s) 'example_xcom_args_with_operators', 'example_xcom_args' retrieved from /home/airflow/.local/lib/python3.12/site-packages/airflow/example_dags/example_xcomargs.py
[2024-05-09T16:33:01.245+0000] {logging_mixin.py:188} INFO - [2024-05-09T16:33:01.245+0000] {dag.py:3096} INFO - Sync 2 DAGs
[2024-05-09T16:33:01.257+0000] {logging_mixin.py:188} INFO - [2024-05-09T16:33:01.257+0000] {dag.py:3954} INFO - Setting next_dagrun for example_xcom_args to None, run_after=None
[2024-05-09T16:33:01.261+0000] {logging_mixin.py:188} INFO - [2024-05-09T16:33:01.261+0000] {dag.py:3954} INFO - Setting next_dagrun for example_xcom_args_with_operators to None, run_after=None
[2024-05-09T16:33:01.276+0000] {processor.py:183} INFO - Processing /home/airflow/.local/lib/python3.12/site-packages/airflow/example_dags/example_xcomargs.py took 0.065 seconds
[2024-05-09T16:33:32.093+0000] {processor.py:161} INFO - Started process (PID=1445) to work on /home/airflow/.local/lib/python3.12/site-packages/airflow/example_dags/example_xcomargs.py
[2024-05-09T16:33:32.094+0000] {processor.py:830} INFO - Processing file /home/airflow/.local/lib/python3.12/site-packages/airflow/example_dags/example_xcomargs.py for tasks to queue
[2024-05-09T16:33:32.095+0000] {logging_mixin.py:188} INFO - [2024-05-09T16:33:32.095+0000] {dagbag.py:545} INFO - Filling up the DagBag from /home/airflow/.local/lib/python3.12/site-packages/airflow/example_dags/example_xcomargs.py
[2024-05-09T16:33:32.102+0000] {processor.py:840} INFO - DAG(s) 'example_xcom_args', 'example_xcom_args_with_operators' retrieved from /home/airflow/.local/lib/python3.12/site-packages/airflow/example_dags/example_xcomargs.py
[2024-05-09T16:33:32.126+0000] {logging_mixin.py:188} INFO - [2024-05-09T16:33:32.126+0000] {dag.py:3096} INFO - Sync 2 DAGs
[2024-05-09T16:33:32.145+0000] {logging_mixin.py:188} INFO - [2024-05-09T16:33:32.145+0000] {dag.py:3954} INFO - Setting next_dagrun for example_xcom_args to None, run_after=None
[2024-05-09T16:33:32.151+0000] {logging_mixin.py:188} INFO - [2024-05-09T16:33:32.151+0000] {dag.py:3954} INFO - Setting next_dagrun for example_xcom_args_with_operators to None, run_after=None
[2024-05-09T16:33:32.168+0000] {processor.py:183} INFO - Processing /home/airflow/.local/lib/python3.12/site-packages/airflow/example_dags/example_xcomargs.py took 0.080 seconds
[2024-05-09T16:34:02.826+0000] {processor.py:161} INFO - Started process (PID=1707) to work on /home/airflow/.local/lib/python3.12/site-packages/airflow/example_dags/example_xcomargs.py
[2024-05-09T16:34:02.828+0000] {processor.py:830} INFO - Processing file /home/airflow/.local/lib/python3.12/site-packages/airflow/example_dags/example_xcomargs.py for tasks to queue
[2024-05-09T16:34:02.830+0000] {logging_mixin.py:188} INFO - [2024-05-09T16:34:02.829+0000] {dagbag.py:545} INFO - Filling up the DagBag from /home/airflow/.local/lib/python3.12/site-packages/airflow/example_dags/example_xcomargs.py
[2024-05-09T16:34:02.836+0000] {processor.py:840} INFO - DAG(s) 'example_xcom_args', 'example_xcom_args_with_operators' retrieved from /home/airflow/.local/lib/python3.12/site-packages/airflow/example_dags/example_xcomargs.py
[2024-05-09T16:34:02.860+0000] {logging_mixin.py:188} INFO - [2024-05-09T16:34:02.860+0000] {dag.py:3096} INFO - Sync 2 DAGs
[2024-05-09T16:34:02.874+0000] {logging_mixin.py:188} INFO - [2024-05-09T16:34:02.874+0000] {dag.py:3954} INFO - Setting next_dagrun for example_xcom_args to None, run_after=None
[2024-05-09T16:34:02.879+0000] {logging_mixin.py:188} INFO - [2024-05-09T16:34:02.879+0000] {dag.py:3954} INFO - Setting next_dagrun for example_xcom_args_with_operators to None, run_after=None
[2024-05-09T16:34:02.896+0000] {processor.py:183} INFO - Processing /home/airflow/.local/lib/python3.12/site-packages/airflow/example_dags/example_xcomargs.py took 0.074 seconds
[2024-05-09T16:34:34.016+0000] {processor.py:161} INFO - Started process (PID=1971) to work on /home/airflow/.local/lib/python3.12/site-packages/airflow/example_dags/example_xcomargs.py
[2024-05-09T16:34:34.017+0000] {processor.py:830} INFO - Processing file /home/airflow/.local/lib/python3.12/site-packages/airflow/example_dags/example_xcomargs.py for tasks to queue
[2024-05-09T16:34:34.018+0000] {logging_mixin.py:188} INFO - [2024-05-09T16:34:34.018+0000] {dagbag.py:545} INFO - Filling up the DagBag from /home/airflow/.local/lib/python3.12/site-packages/airflow/example_dags/example_xcomargs.py
[2024-05-09T16:34:34.025+0000] {processor.py:840} INFO - DAG(s) 'example_xcom_args', 'example_xcom_args_with_operators' retrieved from /home/airflow/.local/lib/python3.12/site-packages/airflow/example_dags/example_xcomargs.py
[2024-05-09T16:34:34.049+0000] {logging_mixin.py:188} INFO - [2024-05-09T16:34:34.049+0000] {dag.py:3096} INFO - Sync 2 DAGs
[2024-05-09T16:34:34.065+0000] {logging_mixin.py:188} INFO - [2024-05-09T16:34:34.065+0000] {dag.py:3954} INFO - Setting next_dagrun for example_xcom_args to None, run_after=None
[2024-05-09T16:34:34.070+0000] {logging_mixin.py:188} INFO - [2024-05-09T16:34:34.069+0000] {dag.py:3954} INFO - Setting next_dagrun for example_xcom_args_with_operators to None, run_after=None
[2024-05-09T16:34:34.089+0000] {processor.py:183} INFO - Processing /home/airflow/.local/lib/python3.12/site-packages/airflow/example_dags/example_xcomargs.py took 0.078 seconds
[2024-05-09T16:35:04.271+0000] {processor.py:161} INFO - Started process (PID=2236) to work on /home/airflow/.local/lib/python3.12/site-packages/airflow/example_dags/example_xcomargs.py
[2024-05-09T16:35:04.272+0000] {processor.py:830} INFO - Processing file /home/airflow/.local/lib/python3.12/site-packages/airflow/example_dags/example_xcomargs.py for tasks to queue
[2024-05-09T16:35:04.274+0000] {logging_mixin.py:188} INFO - [2024-05-09T16:35:04.274+0000] {dagbag.py:545} INFO - Filling up the DagBag from /home/airflow/.local/lib/python3.12/site-packages/airflow/example_dags/example_xcomargs.py
[2024-05-09T16:35:04.282+0000] {processor.py:840} INFO - DAG(s) 'example_xcom_args_with_operators', 'example_xcom_args' retrieved from /home/airflow/.local/lib/python3.12/site-packages/airflow/example_dags/example_xcomargs.py
[2024-05-09T16:35:04.306+0000] {logging_mixin.py:188} INFO - [2024-05-09T16:35:04.306+0000] {dag.py:3096} INFO - Sync 2 DAGs
[2024-05-09T16:35:04.320+0000] {logging_mixin.py:188} INFO - [2024-05-09T16:35:04.319+0000] {dag.py:3954} INFO - Setting next_dagrun for example_xcom_args to None, run_after=None
[2024-05-09T16:35:04.325+0000] {logging_mixin.py:188} INFO - [2024-05-09T16:35:04.325+0000] {dag.py:3954} INFO - Setting next_dagrun for example_xcom_args_with_operators to None, run_after=None
[2024-05-09T16:35:04.343+0000] {processor.py:183} INFO - Processing /home/airflow/.local/lib/python3.12/site-packages/airflow/example_dags/example_xcomargs.py took 0.077 seconds
[2024-05-09T16:35:34.568+0000] {processor.py:161} INFO - Started process (PID=2503) to work on /home/airflow/.local/lib/python3.12/site-packages/airflow/example_dags/example_xcomargs.py
[2024-05-09T16:35:34.569+0000] {processor.py:830} INFO - Processing file /home/airflow/.local/lib/python3.12/site-packages/airflow/example_dags/example_xcomargs.py for tasks to queue
[2024-05-09T16:35:34.570+0000] {logging_mixin.py:188} INFO - [2024-05-09T16:35:34.570+0000] {dagbag.py:545} INFO - Filling up the DagBag from /home/airflow/.local/lib/python3.12/site-packages/airflow/example_dags/example_xcomargs.py
[2024-05-09T16:35:34.578+0000] {processor.py:840} INFO - DAG(s) 'example_xcom_args', 'example_xcom_args_with_operators' retrieved from /home/airflow/.local/lib/python3.12/site-packages/airflow/example_dags/example_xcomargs.py
[2024-05-09T16:35:34.608+0000] {logging_mixin.py:188} INFO - [2024-05-09T16:35:34.608+0000] {dag.py:3096} INFO - Sync 2 DAGs
[2024-05-09T16:35:34.625+0000] {logging_mixin.py:188} INFO - [2024-05-09T16:35:34.625+0000] {dag.py:3954} INFO - Setting next_dagrun for example_xcom_args to None, run_after=None
[2024-05-09T16:35:34.630+0000] {logging_mixin.py:188} INFO - [2024-05-09T16:35:34.630+0000] {dag.py:3954} INFO - Setting next_dagrun for example_xcom_args_with_operators to None, run_after=None
[2024-05-09T16:35:34.656+0000] {processor.py:183} INFO - Processing /home/airflow/.local/lib/python3.12/site-packages/airflow/example_dags/example_xcomargs.py took 0.095 seconds
[2024-05-09T16:36:04.810+0000] {processor.py:161} INFO - Started process (PID=2767) to work on /home/airflow/.local/lib/python3.12/site-packages/airflow/example_dags/example_xcomargs.py
[2024-05-09T16:36:04.810+0000] {processor.py:830} INFO - Processing file /home/airflow/.local/lib/python3.12/site-packages/airflow/example_dags/example_xcomargs.py for tasks to queue
[2024-05-09T16:36:04.812+0000] {logging_mixin.py:188} INFO - [2024-05-09T16:36:04.812+0000] {dagbag.py:545} INFO - Filling up the DagBag from /home/airflow/.local/lib/python3.12/site-packages/airflow/example_dags/example_xcomargs.py
[2024-05-09T16:36:04.819+0000] {processor.py:840} INFO - DAG(s) 'example_xcom_args_with_operators', 'example_xcom_args' retrieved from /home/airflow/.local/lib/python3.12/site-packages/airflow/example_dags/example_xcomargs.py
[2024-05-09T16:36:04.843+0000] {logging_mixin.py:188} INFO - [2024-05-09T16:36:04.843+0000] {dag.py:3096} INFO - Sync 2 DAGs
[2024-05-09T16:36:04.857+0000] {logging_mixin.py:188} INFO - [2024-05-09T16:36:04.857+0000] {dag.py:3954} INFO - Setting next_dagrun for example_xcom_args to None, run_after=None
[2024-05-09T16:36:04.861+0000] {logging_mixin.py:188} INFO - [2024-05-09T16:36:04.861+0000] {dag.py:3954} INFO - Setting next_dagrun for example_xcom_args_with_operators to None, run_after=None
[2024-05-09T16:36:04.878+0000] {processor.py:183} INFO - Processing /home/airflow/.local/lib/python3.12/site-packages/airflow/example_dags/example_xcomargs.py took 0.074 seconds
