[2024-05-09T16:31:28.420+0000] {processor.py:161} INFO - Started process (PID=336) to work on /home/airflow/.local/lib/python3.12/site-packages/airflow/example_dags/example_bash_operator.py
[2024-05-09T16:31:28.421+0000] {processor.py:830} INFO - Processing file /home/airflow/.local/lib/python3.12/site-packages/airflow/example_dags/example_bash_operator.py for tasks to queue
[2024-05-09T16:31:28.423+0000] {logging_mixin.py:188} INFO - [2024-05-09T16:31:28.422+0000] {dagbag.py:545} INFO - Filling up the DagBag from /home/airflow/.local/lib/python3.12/site-packages/airflow/example_dags/example_bash_operator.py
[2024-05-09T16:31:28.436+0000] {processor.py:840} INFO - DAG(s) 'example_bash_operator' retrieved from /home/airflow/.local/lib/python3.12/site-packages/airflow/example_dags/example_bash_operator.py
[2024-05-09T16:31:28.446+0000] {logging_mixin.py:188} INFO - [2024-05-09T16:31:28.445+0000] {dag.py:3096} INFO - Sync 1 DAGs
[2024-05-09T16:31:28.469+0000] {logging_mixin.py:188} INFO - [2024-05-09T16:31:28.469+0000] {dag.py:3954} INFO - Setting next_dagrun for example_bash_operator to 2024-05-08 00:00:00+00:00, run_after=2024-05-09 00:00:00+00:00
[2024-05-09T16:31:28.487+0000] {processor.py:183} INFO - Processing /home/airflow/.local/lib/python3.12/site-packages/airflow/example_dags/example_bash_operator.py took 0.072 seconds
[2024-05-09T16:31:59.601+0000] {processor.py:161} INFO - Started process (PID=598) to work on /home/airflow/.local/lib/python3.12/site-packages/airflow/example_dags/example_bash_operator.py
[2024-05-09T16:31:59.602+0000] {processor.py:830} INFO - Processing file /home/airflow/.local/lib/python3.12/site-packages/airflow/example_dags/example_bash_operator.py for tasks to queue
[2024-05-09T16:31:59.603+0000] {logging_mixin.py:188} INFO - [2024-05-09T16:31:59.603+0000] {dagbag.py:545} INFO - Filling up the DagBag from /home/airflow/.local/lib/python3.12/site-packages/airflow/example_dags/example_bash_operator.py
[2024-05-09T16:31:59.612+0000] {processor.py:840} INFO - DAG(s) 'example_bash_operator' retrieved from /home/airflow/.local/lib/python3.12/site-packages/airflow/example_dags/example_bash_operator.py
[2024-05-09T16:31:59.716+0000] {logging_mixin.py:188} INFO - [2024-05-09T16:31:59.716+0000] {dag.py:3096} INFO - Sync 1 DAGs
[2024-05-09T16:31:59.738+0000] {logging_mixin.py:188} INFO - [2024-05-09T16:31:59.737+0000] {dag.py:3954} INFO - Setting next_dagrun for example_bash_operator to 2024-05-08 00:00:00+00:00, run_after=2024-05-09 00:00:00+00:00
[2024-05-09T16:31:59.755+0000] {processor.py:183} INFO - Processing /home/airflow/.local/lib/python3.12/site-packages/airflow/example_dags/example_bash_operator.py took 0.160 seconds
[2024-05-09T16:32:29.797+0000] {processor.py:161} INFO - Started process (PID=860) to work on /home/airflow/.local/lib/python3.12/site-packages/airflow/example_dags/example_bash_operator.py
[2024-05-09T16:32:29.798+0000] {processor.py:830} INFO - Processing file /home/airflow/.local/lib/python3.12/site-packages/airflow/example_dags/example_bash_operator.py for tasks to queue
[2024-05-09T16:32:29.800+0000] {logging_mixin.py:188} INFO - [2024-05-09T16:32:29.799+0000] {dagbag.py:545} INFO - Filling up the DagBag from /home/airflow/.local/lib/python3.12/site-packages/airflow/example_dags/example_bash_operator.py
[2024-05-09T16:32:29.810+0000] {processor.py:840} INFO - DAG(s) 'example_bash_operator' retrieved from /home/airflow/.local/lib/python3.12/site-packages/airflow/example_dags/example_bash_operator.py
[2024-05-09T16:32:29.834+0000] {logging_mixin.py:188} INFO - [2024-05-09T16:32:29.834+0000] {dag.py:3096} INFO - Sync 1 DAGs
[2024-05-09T16:32:29.857+0000] {logging_mixin.py:188} INFO - [2024-05-09T16:32:29.857+0000] {dag.py:3954} INFO - Setting next_dagrun for example_bash_operator to 2024-05-08 00:00:00+00:00, run_after=2024-05-09 00:00:00+00:00
[2024-05-09T16:32:29.874+0000] {processor.py:183} INFO - Processing /home/airflow/.local/lib/python3.12/site-packages/airflow/example_dags/example_bash_operator.py took 0.082 seconds
[2024-05-09T16:33:00.603+0000] {processor.py:161} INFO - Started process (PID=1122) to work on /home/airflow/.local/lib/python3.12/site-packages/airflow/example_dags/example_bash_operator.py
[2024-05-09T16:33:00.603+0000] {processor.py:830} INFO - Processing file /home/airflow/.local/lib/python3.12/site-packages/airflow/example_dags/example_bash_operator.py for tasks to queue
[2024-05-09T16:33:00.605+0000] {logging_mixin.py:188} INFO - [2024-05-09T16:33:00.605+0000] {dagbag.py:545} INFO - Filling up the DagBag from /home/airflow/.local/lib/python3.12/site-packages/airflow/example_dags/example_bash_operator.py
[2024-05-09T16:33:00.615+0000] {processor.py:840} INFO - DAG(s) 'example_bash_operator' retrieved from /home/airflow/.local/lib/python3.12/site-packages/airflow/example_dags/example_bash_operator.py
[2024-05-09T16:33:00.645+0000] {logging_mixin.py:188} INFO - [2024-05-09T16:33:00.644+0000] {dag.py:3096} INFO - Sync 1 DAGs
[2024-05-09T16:33:00.670+0000] {logging_mixin.py:188} INFO - [2024-05-09T16:33:00.670+0000] {dag.py:3954} INFO - Setting next_dagrun for example_bash_operator to 2024-05-08 00:00:00+00:00, run_after=2024-05-09 00:00:00+00:00
[2024-05-09T16:33:00.688+0000] {processor.py:183} INFO - Processing /home/airflow/.local/lib/python3.12/site-packages/airflow/example_dags/example_bash_operator.py took 0.091 seconds
[2024-05-09T16:33:31.436+0000] {processor.py:161} INFO - Started process (PID=1385) to work on /home/airflow/.local/lib/python3.12/site-packages/airflow/example_dags/example_bash_operator.py
[2024-05-09T16:33:31.437+0000] {processor.py:830} INFO - Processing file /home/airflow/.local/lib/python3.12/site-packages/airflow/example_dags/example_bash_operator.py for tasks to queue
[2024-05-09T16:33:31.438+0000] {logging_mixin.py:188} INFO - [2024-05-09T16:33:31.438+0000] {dagbag.py:545} INFO - Filling up the DagBag from /home/airflow/.local/lib/python3.12/site-packages/airflow/example_dags/example_bash_operator.py
[2024-05-09T16:33:31.448+0000] {processor.py:840} INFO - DAG(s) 'example_bash_operator' retrieved from /home/airflow/.local/lib/python3.12/site-packages/airflow/example_dags/example_bash_operator.py
[2024-05-09T16:33:31.475+0000] {logging_mixin.py:188} INFO - [2024-05-09T16:33:31.475+0000] {dag.py:3096} INFO - Sync 1 DAGs
[2024-05-09T16:33:31.497+0000] {logging_mixin.py:188} INFO - [2024-05-09T16:33:31.497+0000] {dag.py:3954} INFO - Setting next_dagrun for example_bash_operator to 2024-05-08 00:00:00+00:00, run_after=2024-05-09 00:00:00+00:00
[2024-05-09T16:33:31.517+0000] {processor.py:183} INFO - Processing /home/airflow/.local/lib/python3.12/site-packages/airflow/example_dags/example_bash_operator.py took 0.085 seconds
[2024-05-09T16:34:02.027+0000] {processor.py:161} INFO - Started process (PID=1649) to work on /home/airflow/.local/lib/python3.12/site-packages/airflow/example_dags/example_bash_operator.py
[2024-05-09T16:34:02.029+0000] {processor.py:830} INFO - Processing file /home/airflow/.local/lib/python3.12/site-packages/airflow/example_dags/example_bash_operator.py for tasks to queue
[2024-05-09T16:34:02.030+0000] {logging_mixin.py:188} INFO - [2024-05-09T16:34:02.030+0000] {dagbag.py:545} INFO - Filling up the DagBag from /home/airflow/.local/lib/python3.12/site-packages/airflow/example_dags/example_bash_operator.py
[2024-05-09T16:34:02.040+0000] {processor.py:840} INFO - DAG(s) 'example_bash_operator' retrieved from /home/airflow/.local/lib/python3.12/site-packages/airflow/example_dags/example_bash_operator.py
[2024-05-09T16:34:02.067+0000] {logging_mixin.py:188} INFO - [2024-05-09T16:34:02.067+0000] {dag.py:3096} INFO - Sync 1 DAGs
[2024-05-09T16:34:02.094+0000] {logging_mixin.py:188} INFO - [2024-05-09T16:34:02.094+0000] {dag.py:3954} INFO - Setting next_dagrun for example_bash_operator to 2024-05-08 00:00:00+00:00, run_after=2024-05-09 00:00:00+00:00
[2024-05-09T16:34:02.114+0000] {processor.py:183} INFO - Processing /home/airflow/.local/lib/python3.12/site-packages/airflow/example_dags/example_bash_operator.py took 0.091 seconds
[2024-05-09T16:34:33.085+0000] {processor.py:161} INFO - Started process (PID=1911) to work on /home/airflow/.local/lib/python3.12/site-packages/airflow/example_dags/example_bash_operator.py
[2024-05-09T16:34:33.086+0000] {processor.py:830} INFO - Processing file /home/airflow/.local/lib/python3.12/site-packages/airflow/example_dags/example_bash_operator.py for tasks to queue
[2024-05-09T16:34:33.088+0000] {logging_mixin.py:188} INFO - [2024-05-09T16:34:33.088+0000] {dagbag.py:545} INFO - Filling up the DagBag from /home/airflow/.local/lib/python3.12/site-packages/airflow/example_dags/example_bash_operator.py
[2024-05-09T16:34:33.097+0000] {processor.py:840} INFO - DAG(s) 'example_bash_operator' retrieved from /home/airflow/.local/lib/python3.12/site-packages/airflow/example_dags/example_bash_operator.py
[2024-05-09T16:34:33.127+0000] {logging_mixin.py:188} INFO - [2024-05-09T16:34:33.126+0000] {dag.py:3096} INFO - Sync 1 DAGs
[2024-05-09T16:34:33.151+0000] {logging_mixin.py:188} INFO - [2024-05-09T16:34:33.150+0000] {dag.py:3954} INFO - Setting next_dagrun for example_bash_operator to 2024-05-08 00:00:00+00:00, run_after=2024-05-09 00:00:00+00:00
[2024-05-09T16:34:33.169+0000] {processor.py:183} INFO - Processing /home/airflow/.local/lib/python3.12/site-packages/airflow/example_dags/example_bash_operator.py took 0.089 seconds
[2024-05-09T16:35:03.407+0000] {processor.py:161} INFO - Started process (PID=2173) to work on /home/airflow/.local/lib/python3.12/site-packages/airflow/example_dags/example_bash_operator.py
[2024-05-09T16:35:03.408+0000] {processor.py:830} INFO - Processing file /home/airflow/.local/lib/python3.12/site-packages/airflow/example_dags/example_bash_operator.py for tasks to queue
[2024-05-09T16:35:03.410+0000] {logging_mixin.py:188} INFO - [2024-05-09T16:35:03.409+0000] {dagbag.py:545} INFO - Filling up the DagBag from /home/airflow/.local/lib/python3.12/site-packages/airflow/example_dags/example_bash_operator.py
[2024-05-09T16:35:03.420+0000] {processor.py:840} INFO - DAG(s) 'example_bash_operator' retrieved from /home/airflow/.local/lib/python3.12/site-packages/airflow/example_dags/example_bash_operator.py
[2024-05-09T16:35:03.446+0000] {logging_mixin.py:188} INFO - [2024-05-09T16:35:03.445+0000] {dag.py:3096} INFO - Sync 1 DAGs
[2024-05-09T16:35:03.468+0000] {logging_mixin.py:188} INFO - [2024-05-09T16:35:03.468+0000] {dag.py:3954} INFO - Setting next_dagrun for example_bash_operator to 2024-05-08 00:00:00+00:00, run_after=2024-05-09 00:00:00+00:00
[2024-05-09T16:35:03.486+0000] {processor.py:183} INFO - Processing /home/airflow/.local/lib/python3.12/site-packages/airflow/example_dags/example_bash_operator.py took 0.084 seconds
[2024-05-09T16:35:33.722+0000] {processor.py:161} INFO - Started process (PID=2435) to work on /home/airflow/.local/lib/python3.12/site-packages/airflow/example_dags/example_bash_operator.py
[2024-05-09T16:35:33.723+0000] {processor.py:830} INFO - Processing file /home/airflow/.local/lib/python3.12/site-packages/airflow/example_dags/example_bash_operator.py for tasks to queue
[2024-05-09T16:35:33.724+0000] {logging_mixin.py:188} INFO - [2024-05-09T16:35:33.724+0000] {dagbag.py:545} INFO - Filling up the DagBag from /home/airflow/.local/lib/python3.12/site-packages/airflow/example_dags/example_bash_operator.py
[2024-05-09T16:35:33.734+0000] {processor.py:840} INFO - DAG(s) 'example_bash_operator' retrieved from /home/airflow/.local/lib/python3.12/site-packages/airflow/example_dags/example_bash_operator.py
[2024-05-09T16:35:33.760+0000] {logging_mixin.py:188} INFO - [2024-05-09T16:35:33.760+0000] {dag.py:3096} INFO - Sync 1 DAGs
[2024-05-09T16:35:33.782+0000] {logging_mixin.py:188} INFO - [2024-05-09T16:35:33.781+0000] {dag.py:3954} INFO - Setting next_dagrun for example_bash_operator to 2024-05-08 00:00:00+00:00, run_after=2024-05-09 00:00:00+00:00
[2024-05-09T16:35:33.800+0000] {processor.py:183} INFO - Processing /home/airflow/.local/lib/python3.12/site-packages/airflow/example_dags/example_bash_operator.py took 0.082 seconds
[2024-05-09T16:36:04.052+0000] {processor.py:161} INFO - Started process (PID=2695) to work on /home/airflow/.local/lib/python3.12/site-packages/airflow/example_dags/example_bash_operator.py
[2024-05-09T16:36:04.053+0000] {processor.py:830} INFO - Processing file /home/airflow/.local/lib/python3.12/site-packages/airflow/example_dags/example_bash_operator.py for tasks to queue
[2024-05-09T16:36:04.054+0000] {logging_mixin.py:188} INFO - [2024-05-09T16:36:04.054+0000] {dagbag.py:545} INFO - Filling up the DagBag from /home/airflow/.local/lib/python3.12/site-packages/airflow/example_dags/example_bash_operator.py
[2024-05-09T16:36:04.064+0000] {processor.py:840} INFO - DAG(s) 'example_bash_operator' retrieved from /home/airflow/.local/lib/python3.12/site-packages/airflow/example_dags/example_bash_operator.py
[2024-05-09T16:36:04.089+0000] {logging_mixin.py:188} INFO - [2024-05-09T16:36:04.089+0000] {dag.py:3096} INFO - Sync 1 DAGs
[2024-05-09T16:36:04.113+0000] {logging_mixin.py:188} INFO - [2024-05-09T16:36:04.113+0000] {dag.py:3954} INFO - Setting next_dagrun for example_bash_operator to 2024-05-08 00:00:00+00:00, run_after=2024-05-09 00:00:00+00:00
[2024-05-09T16:36:04.131+0000] {processor.py:183} INFO - Processing /home/airflow/.local/lib/python3.12/site-packages/airflow/example_dags/example_bash_operator.py took 0.085 seconds
