[2024-05-09T16:31:28.547+0000] {processor.py:161} INFO - Started process (PID=351) to work on /home/airflow/.local/lib/python3.12/site-packages/airflow/example_dags/example_branch_python_dop_operator_3.py
[2024-05-09T16:31:28.548+0000] {processor.py:830} INFO - Processing file /home/airflow/.local/lib/python3.12/site-packages/airflow/example_dags/example_branch_python_dop_operator_3.py for tasks to queue
[2024-05-09T16:31:28.549+0000] {logging_mixin.py:188} INFO - [2024-05-09T16:31:28.549+0000] {dagbag.py:545} INFO - Filling up the DagBag from /home/airflow/.local/lib/python3.12/site-packages/airflow/example_dags/example_branch_python_dop_operator_3.py
[2024-05-09T16:31:28.559+0000] {processor.py:840} INFO - DAG(s) 'example_branch_dop_operator_v3' retrieved from /home/airflow/.local/lib/python3.12/site-packages/airflow/example_dags/example_branch_python_dop_operator_3.py
[2024-05-09T16:31:28.568+0000] {logging_mixin.py:188} INFO - [2024-05-09T16:31:28.568+0000] {dag.py:3096} INFO - Sync 1 DAGs
[2024-05-09T16:31:28.648+0000] {logging_mixin.py:188} INFO - [2024-05-09T16:31:28.647+0000] {dag.py:3954} INFO - Setting next_dagrun for example_branch_dop_operator_v3 to 2024-05-09 16:30:00+00:00, run_after=2024-05-09 16:31:00+00:00
[2024-05-09T16:31:28.728+0000] {processor.py:183} INFO - Processing /home/airflow/.local/lib/python3.12/site-packages/airflow/example_dags/example_branch_python_dop_operator_3.py took 0.187 seconds
[2024-05-09T16:31:59.902+0000] {processor.py:161} INFO - Started process (PID=613) to work on /home/airflow/.local/lib/python3.12/site-packages/airflow/example_dags/example_branch_python_dop_operator_3.py
[2024-05-09T16:31:59.903+0000] {processor.py:830} INFO - Processing file /home/airflow/.local/lib/python3.12/site-packages/airflow/example_dags/example_branch_python_dop_operator_3.py for tasks to queue
[2024-05-09T16:31:59.904+0000] {logging_mixin.py:188} INFO - [2024-05-09T16:31:59.904+0000] {dagbag.py:545} INFO - Filling up the DagBag from /home/airflow/.local/lib/python3.12/site-packages/airflow/example_dags/example_branch_python_dop_operator_3.py
[2024-05-09T16:31:59.911+0000] {processor.py:840} INFO - DAG(s) 'example_branch_dop_operator_v3' retrieved from /home/airflow/.local/lib/python3.12/site-packages/airflow/example_dags/example_branch_python_dop_operator_3.py
[2024-05-09T16:32:00.006+0000] {logging_mixin.py:188} INFO - [2024-05-09T16:32:00.005+0000] {dag.py:3096} INFO - Sync 1 DAGs
[2024-05-09T16:32:00.033+0000] {logging_mixin.py:188} INFO - [2024-05-09T16:32:00.033+0000] {dag.py:3954} INFO - Setting next_dagrun for example_branch_dop_operator_v3 to 2024-05-09 16:31:00+00:00, run_after=2024-05-09 16:32:00+00:00
[2024-05-09T16:32:00.052+0000] {processor.py:183} INFO - Processing /home/airflow/.local/lib/python3.12/site-packages/airflow/example_dags/example_branch_python_dop_operator_3.py took 0.155 seconds
[2024-05-09T16:32:30.144+0000] {processor.py:161} INFO - Started process (PID=877) to work on /home/airflow/.local/lib/python3.12/site-packages/airflow/example_dags/example_branch_python_dop_operator_3.py
[2024-05-09T16:32:30.145+0000] {processor.py:830} INFO - Processing file /home/airflow/.local/lib/python3.12/site-packages/airflow/example_dags/example_branch_python_dop_operator_3.py for tasks to queue
[2024-05-09T16:32:30.146+0000] {logging_mixin.py:188} INFO - [2024-05-09T16:32:30.146+0000] {dagbag.py:545} INFO - Filling up the DagBag from /home/airflow/.local/lib/python3.12/site-packages/airflow/example_dags/example_branch_python_dop_operator_3.py
[2024-05-09T16:32:30.153+0000] {processor.py:840} INFO - DAG(s) 'example_branch_dop_operator_v3' retrieved from /home/airflow/.local/lib/python3.12/site-packages/airflow/example_dags/example_branch_python_dop_operator_3.py
[2024-05-09T16:32:30.171+0000] {logging_mixin.py:188} INFO - [2024-05-09T16:32:30.171+0000] {dag.py:3096} INFO - Sync 1 DAGs
[2024-05-09T16:32:30.196+0000] {logging_mixin.py:188} INFO - [2024-05-09T16:32:30.196+0000] {dag.py:3954} INFO - Setting next_dagrun for example_branch_dop_operator_v3 to 2024-05-09 16:31:00+00:00, run_after=2024-05-09 16:32:00+00:00
[2024-05-09T16:32:30.215+0000] {processor.py:183} INFO - Processing /home/airflow/.local/lib/python3.12/site-packages/airflow/example_dags/example_branch_python_dop_operator_3.py took 0.077 seconds
[2024-05-09T16:33:00.792+0000] {processor.py:161} INFO - Started process (PID=1137) to work on /home/airflow/.local/lib/python3.12/site-packages/airflow/example_dags/example_branch_python_dop_operator_3.py
[2024-05-09T16:33:00.793+0000] {processor.py:830} INFO - Processing file /home/airflow/.local/lib/python3.12/site-packages/airflow/example_dags/example_branch_python_dop_operator_3.py for tasks to queue
[2024-05-09T16:33:00.795+0000] {logging_mixin.py:188} INFO - [2024-05-09T16:33:00.795+0000] {dagbag.py:545} INFO - Filling up the DagBag from /home/airflow/.local/lib/python3.12/site-packages/airflow/example_dags/example_branch_python_dop_operator_3.py
[2024-05-09T16:33:00.803+0000] {processor.py:840} INFO - DAG(s) 'example_branch_dop_operator_v3' retrieved from /home/airflow/.local/lib/python3.12/site-packages/airflow/example_dags/example_branch_python_dop_operator_3.py
[2024-05-09T16:33:00.823+0000] {logging_mixin.py:188} INFO - [2024-05-09T16:33:00.823+0000] {dag.py:3096} INFO - Sync 1 DAGs
[2024-05-09T16:33:00.849+0000] {logging_mixin.py:188} INFO - [2024-05-09T16:33:00.849+0000] {dag.py:3954} INFO - Setting next_dagrun for example_branch_dop_operator_v3 to 2024-05-09 16:32:00+00:00, run_after=2024-05-09 16:33:00+00:00
[2024-05-09T16:33:00.867+0000] {processor.py:183} INFO - Processing /home/airflow/.local/lib/python3.12/site-packages/airflow/example_dags/example_branch_python_dop_operator_3.py took 0.080 seconds
[2024-05-09T16:33:31.651+0000] {processor.py:161} INFO - Started process (PID=1400) to work on /home/airflow/.local/lib/python3.12/site-packages/airflow/example_dags/example_branch_python_dop_operator_3.py
[2024-05-09T16:33:31.652+0000] {processor.py:830} INFO - Processing file /home/airflow/.local/lib/python3.12/site-packages/airflow/example_dags/example_branch_python_dop_operator_3.py for tasks to queue
[2024-05-09T16:33:31.653+0000] {logging_mixin.py:188} INFO - [2024-05-09T16:33:31.653+0000] {dagbag.py:545} INFO - Filling up the DagBag from /home/airflow/.local/lib/python3.12/site-packages/airflow/example_dags/example_branch_python_dop_operator_3.py
[2024-05-09T16:33:31.661+0000] {processor.py:840} INFO - DAG(s) 'example_branch_dop_operator_v3' retrieved from /home/airflow/.local/lib/python3.12/site-packages/airflow/example_dags/example_branch_python_dop_operator_3.py
[2024-05-09T16:33:31.680+0000] {logging_mixin.py:188} INFO - [2024-05-09T16:33:31.680+0000] {dag.py:3096} INFO - Sync 1 DAGs
[2024-05-09T16:33:31.706+0000] {logging_mixin.py:188} INFO - [2024-05-09T16:33:31.705+0000] {dag.py:3954} INFO - Setting next_dagrun for example_branch_dop_operator_v3 to 2024-05-09 16:32:00+00:00, run_after=2024-05-09 16:33:00+00:00
[2024-05-09T16:33:31.725+0000] {processor.py:183} INFO - Processing /home/airflow/.local/lib/python3.12/site-packages/airflow/example_dags/example_branch_python_dop_operator_3.py took 0.080 seconds
[2024-05-09T16:34:02.269+0000] {processor.py:161} INFO - Started process (PID=1664) to work on /home/airflow/.local/lib/python3.12/site-packages/airflow/example_dags/example_branch_python_dop_operator_3.py
[2024-05-09T16:34:02.270+0000] {processor.py:830} INFO - Processing file /home/airflow/.local/lib/python3.12/site-packages/airflow/example_dags/example_branch_python_dop_operator_3.py for tasks to queue
[2024-05-09T16:34:02.271+0000] {logging_mixin.py:188} INFO - [2024-05-09T16:34:02.271+0000] {dagbag.py:545} INFO - Filling up the DagBag from /home/airflow/.local/lib/python3.12/site-packages/airflow/example_dags/example_branch_python_dop_operator_3.py
[2024-05-09T16:34:02.278+0000] {processor.py:840} INFO - DAG(s) 'example_branch_dop_operator_v3' retrieved from /home/airflow/.local/lib/python3.12/site-packages/airflow/example_dags/example_branch_python_dop_operator_3.py
[2024-05-09T16:34:02.298+0000] {logging_mixin.py:188} INFO - [2024-05-09T16:34:02.298+0000] {dag.py:3096} INFO - Sync 1 DAGs
[2024-05-09T16:34:02.324+0000] {logging_mixin.py:188} INFO - [2024-05-09T16:34:02.324+0000] {dag.py:3954} INFO - Setting next_dagrun for example_branch_dop_operator_v3 to 2024-05-09 16:33:00+00:00, run_after=2024-05-09 16:34:00+00:00
[2024-05-09T16:34:02.343+0000] {processor.py:183} INFO - Processing /home/airflow/.local/lib/python3.12/site-packages/airflow/example_dags/example_branch_python_dop_operator_3.py took 0.079 seconds
[2024-05-09T16:34:33.367+0000] {processor.py:161} INFO - Started process (PID=1926) to work on /home/airflow/.local/lib/python3.12/site-packages/airflow/example_dags/example_branch_python_dop_operator_3.py
[2024-05-09T16:34:33.368+0000] {processor.py:830} INFO - Processing file /home/airflow/.local/lib/python3.12/site-packages/airflow/example_dags/example_branch_python_dop_operator_3.py for tasks to queue
[2024-05-09T16:34:33.369+0000] {logging_mixin.py:188} INFO - [2024-05-09T16:34:33.369+0000] {dagbag.py:545} INFO - Filling up the DagBag from /home/airflow/.local/lib/python3.12/site-packages/airflow/example_dags/example_branch_python_dop_operator_3.py
[2024-05-09T16:34:33.378+0000] {processor.py:840} INFO - DAG(s) 'example_branch_dop_operator_v3' retrieved from /home/airflow/.local/lib/python3.12/site-packages/airflow/example_dags/example_branch_python_dop_operator_3.py
[2024-05-09T16:34:33.400+0000] {logging_mixin.py:188} INFO - [2024-05-09T16:34:33.400+0000] {dag.py:3096} INFO - Sync 1 DAGs
[2024-05-09T16:34:33.428+0000] {logging_mixin.py:188} INFO - [2024-05-09T16:34:33.428+0000] {dag.py:3954} INFO - Setting next_dagrun for example_branch_dop_operator_v3 to 2024-05-09 16:33:00+00:00, run_after=2024-05-09 16:34:00+00:00
[2024-05-09T16:34:33.450+0000] {processor.py:183} INFO - Processing /home/airflow/.local/lib/python3.12/site-packages/airflow/example_dags/example_branch_python_dop_operator_3.py took 0.088 seconds
[2024-05-09T16:35:03.635+0000] {processor.py:161} INFO - Started process (PID=2188) to work on /home/airflow/.local/lib/python3.12/site-packages/airflow/example_dags/example_branch_python_dop_operator_3.py
[2024-05-09T16:35:03.636+0000] {processor.py:830} INFO - Processing file /home/airflow/.local/lib/python3.12/site-packages/airflow/example_dags/example_branch_python_dop_operator_3.py for tasks to queue
[2024-05-09T16:35:03.637+0000] {logging_mixin.py:188} INFO - [2024-05-09T16:35:03.637+0000] {dagbag.py:545} INFO - Filling up the DagBag from /home/airflow/.local/lib/python3.12/site-packages/airflow/example_dags/example_branch_python_dop_operator_3.py
[2024-05-09T16:35:03.644+0000] {processor.py:840} INFO - DAG(s) 'example_branch_dop_operator_v3' retrieved from /home/airflow/.local/lib/python3.12/site-packages/airflow/example_dags/example_branch_python_dop_operator_3.py
[2024-05-09T16:35:03.660+0000] {logging_mixin.py:188} INFO - [2024-05-09T16:35:03.660+0000] {dag.py:3096} INFO - Sync 1 DAGs
[2024-05-09T16:35:03.685+0000] {logging_mixin.py:188} INFO - [2024-05-09T16:35:03.684+0000] {dag.py:3954} INFO - Setting next_dagrun for example_branch_dop_operator_v3 to 2024-05-09 16:34:00+00:00, run_after=2024-05-09 16:35:00+00:00
[2024-05-09T16:35:03.702+0000] {processor.py:183} INFO - Processing /home/airflow/.local/lib/python3.12/site-packages/airflow/example_dags/example_branch_python_dop_operator_3.py took 0.073 seconds
[2024-05-09T16:35:33.948+0000] {processor.py:161} INFO - Started process (PID=2450) to work on /home/airflow/.local/lib/python3.12/site-packages/airflow/example_dags/example_branch_python_dop_operator_3.py
[2024-05-09T16:35:33.949+0000] {processor.py:830} INFO - Processing file /home/airflow/.local/lib/python3.12/site-packages/airflow/example_dags/example_branch_python_dop_operator_3.py for tasks to queue
[2024-05-09T16:35:33.951+0000] {logging_mixin.py:188} INFO - [2024-05-09T16:35:33.950+0000] {dagbag.py:545} INFO - Filling up the DagBag from /home/airflow/.local/lib/python3.12/site-packages/airflow/example_dags/example_branch_python_dop_operator_3.py
[2024-05-09T16:35:33.958+0000] {processor.py:840} INFO - DAG(s) 'example_branch_dop_operator_v3' retrieved from /home/airflow/.local/lib/python3.12/site-packages/airflow/example_dags/example_branch_python_dop_operator_3.py
[2024-05-09T16:35:33.976+0000] {logging_mixin.py:188} INFO - [2024-05-09T16:35:33.976+0000] {dag.py:3096} INFO - Sync 1 DAGs
[2024-05-09T16:35:34.002+0000] {logging_mixin.py:188} INFO - [2024-05-09T16:35:34.002+0000] {dag.py:3954} INFO - Setting next_dagrun for example_branch_dop_operator_v3 to 2024-05-09 16:34:00+00:00, run_after=2024-05-09 16:35:00+00:00
[2024-05-09T16:35:34.020+0000] {processor.py:183} INFO - Processing /home/airflow/.local/lib/python3.12/site-packages/airflow/example_dags/example_branch_python_dop_operator_3.py took 0.078 seconds
[2024-05-09T16:36:04.192+0000] {processor.py:161} INFO - Started process (PID=2710) to work on /home/airflow/.local/lib/python3.12/site-packages/airflow/example_dags/example_branch_python_dop_operator_3.py
[2024-05-09T16:36:04.193+0000] {processor.py:830} INFO - Processing file /home/airflow/.local/lib/python3.12/site-packages/airflow/example_dags/example_branch_python_dop_operator_3.py for tasks to queue
[2024-05-09T16:36:04.194+0000] {logging_mixin.py:188} INFO - [2024-05-09T16:36:04.194+0000] {dagbag.py:545} INFO - Filling up the DagBag from /home/airflow/.local/lib/python3.12/site-packages/airflow/example_dags/example_branch_python_dop_operator_3.py
[2024-05-09T16:36:04.202+0000] {processor.py:840} INFO - DAG(s) 'example_branch_dop_operator_v3' retrieved from /home/airflow/.local/lib/python3.12/site-packages/airflow/example_dags/example_branch_python_dop_operator_3.py
[2024-05-09T16:36:04.223+0000] {logging_mixin.py:188} INFO - [2024-05-09T16:36:04.223+0000] {dag.py:3096} INFO - Sync 1 DAGs
[2024-05-09T16:36:04.248+0000] {logging_mixin.py:188} INFO - [2024-05-09T16:36:04.248+0000] {dag.py:3954} INFO - Setting next_dagrun for example_branch_dop_operator_v3 to 2024-05-09 16:35:00+00:00, run_after=2024-05-09 16:36:00+00:00
[2024-05-09T16:36:04.269+0000] {processor.py:183} INFO - Processing /home/airflow/.local/lib/python3.12/site-packages/airflow/example_dags/example_branch_python_dop_operator_3.py took 0.082 seconds
