[2024-05-09T16:31:27.675+0000] {processor.py:161} INFO - Started process (PID=276) to work on /home/airflow/.local/lib/python3.12/site-packages/airflow/example_dags/tutorial.py
[2024-05-09T16:31:27.675+0000] {processor.py:830} INFO - Processing file /home/airflow/.local/lib/python3.12/site-packages/airflow/example_dags/tutorial.py for tasks to queue
[2024-05-09T16:31:27.677+0000] {logging_mixin.py:188} INFO - [2024-05-09T16:31:27.677+0000] {dagbag.py:545} INFO - Filling up the DagBag from /home/airflow/.local/lib/python3.12/site-packages/airflow/example_dags/tutorial.py
[2024-05-09T16:31:27.684+0000] {processor.py:840} INFO - DAG(s) 'tutorial' retrieved from /home/airflow/.local/lib/python3.12/site-packages/airflow/example_dags/tutorial.py
[2024-05-09T16:31:27.694+0000] {logging_mixin.py:188} INFO - [2024-05-09T16:31:27.694+0000] {dag.py:3096} INFO - Sync 1 DAGs
[2024-05-09T16:31:27.719+0000] {logging_mixin.py:188} INFO - [2024-05-09T16:31:27.718+0000] {dag.py:3954} INFO - Setting next_dagrun for tutorial to 2024-05-08 00:00:00+00:00, run_after=2024-05-09 00:00:00+00:00
[2024-05-09T16:31:27.743+0000] {processor.py:183} INFO - Processing /home/airflow/.local/lib/python3.12/site-packages/airflow/example_dags/tutorial.py took 0.073 seconds
[2024-05-09T16:31:58.428+0000] {processor.py:161} INFO - Started process (PID=538) to work on /home/airflow/.local/lib/python3.12/site-packages/airflow/example_dags/tutorial.py
[2024-05-09T16:31:58.429+0000] {processor.py:830} INFO - Processing file /home/airflow/.local/lib/python3.12/site-packages/airflow/example_dags/tutorial.py for tasks to queue
[2024-05-09T16:31:58.430+0000] {logging_mixin.py:188} INFO - [2024-05-09T16:31:58.430+0000] {dagbag.py:545} INFO - Filling up the DagBag from /home/airflow/.local/lib/python3.12/site-packages/airflow/example_dags/tutorial.py
[2024-05-09T16:31:58.435+0000] {processor.py:840} INFO - DAG(s) 'tutorial' retrieved from /home/airflow/.local/lib/python3.12/site-packages/airflow/example_dags/tutorial.py
[2024-05-09T16:31:58.529+0000] {logging_mixin.py:188} INFO - [2024-05-09T16:31:58.528+0000] {dag.py:3096} INFO - Sync 1 DAGs
[2024-05-09T16:31:58.550+0000] {logging_mixin.py:188} INFO - [2024-05-09T16:31:58.550+0000] {dag.py:3954} INFO - Setting next_dagrun for tutorial to 2024-05-08 00:00:00+00:00, run_after=2024-05-09 00:00:00+00:00
[2024-05-09T16:31:58.569+0000] {processor.py:183} INFO - Processing /home/airflow/.local/lib/python3.12/site-packages/airflow/example_dags/tutorial.py took 0.145 seconds
[2024-05-09T16:32:28.811+0000] {processor.py:161} INFO - Started process (PID=802) to work on /home/airflow/.local/lib/python3.12/site-packages/airflow/example_dags/tutorial.py
[2024-05-09T16:32:28.812+0000] {processor.py:830} INFO - Processing file /home/airflow/.local/lib/python3.12/site-packages/airflow/example_dags/tutorial.py for tasks to queue
[2024-05-09T16:32:28.813+0000] {logging_mixin.py:188} INFO - [2024-05-09T16:32:28.813+0000] {dagbag.py:545} INFO - Filling up the DagBag from /home/airflow/.local/lib/python3.12/site-packages/airflow/example_dags/tutorial.py
[2024-05-09T16:32:28.818+0000] {processor.py:840} INFO - DAG(s) 'tutorial' retrieved from /home/airflow/.local/lib/python3.12/site-packages/airflow/example_dags/tutorial.py
[2024-05-09T16:32:28.838+0000] {logging_mixin.py:188} INFO - [2024-05-09T16:32:28.838+0000] {dag.py:3096} INFO - Sync 1 DAGs
[2024-05-09T16:32:28.861+0000] {logging_mixin.py:188} INFO - [2024-05-09T16:32:28.860+0000] {dag.py:3954} INFO - Setting next_dagrun for tutorial to 2024-05-08 00:00:00+00:00, run_after=2024-05-09 00:00:00+00:00
[2024-05-09T16:32:28.880+0000] {processor.py:183} INFO - Processing /home/airflow/.local/lib/python3.12/site-packages/airflow/example_dags/tutorial.py took 0.074 seconds
[2024-05-09T16:32:58.922+0000] {processor.py:161} INFO - Started process (PID=1064) to work on /home/airflow/.local/lib/python3.12/site-packages/airflow/example_dags/tutorial.py
[2024-05-09T16:32:58.923+0000] {processor.py:830} INFO - Processing file /home/airflow/.local/lib/python3.12/site-packages/airflow/example_dags/tutorial.py for tasks to queue
[2024-05-09T16:32:58.924+0000] {logging_mixin.py:188} INFO - [2024-05-09T16:32:58.924+0000] {dagbag.py:545} INFO - Filling up the DagBag from /home/airflow/.local/lib/python3.12/site-packages/airflow/example_dags/tutorial.py
[2024-05-09T16:32:58.928+0000] {processor.py:840} INFO - DAG(s) 'tutorial' retrieved from /home/airflow/.local/lib/python3.12/site-packages/airflow/example_dags/tutorial.py
[2024-05-09T16:32:58.945+0000] {logging_mixin.py:188} INFO - [2024-05-09T16:32:58.945+0000] {dag.py:3096} INFO - Sync 1 DAGs
[2024-05-09T16:32:58.965+0000] {logging_mixin.py:188} INFO - [2024-05-09T16:32:58.965+0000] {dag.py:3954} INFO - Setting next_dagrun for tutorial to 2024-05-08 00:00:00+00:00, run_after=2024-05-09 00:00:00+00:00
[2024-05-09T16:32:58.985+0000] {processor.py:183} INFO - Processing /home/airflow/.local/lib/python3.12/site-packages/airflow/example_dags/tutorial.py took 0.067 seconds
[2024-05-09T16:33:29.894+0000] {processor.py:161} INFO - Started process (PID=1327) to work on /home/airflow/.local/lib/python3.12/site-packages/airflow/example_dags/tutorial.py
[2024-05-09T16:33:29.895+0000] {processor.py:830} INFO - Processing file /home/airflow/.local/lib/python3.12/site-packages/airflow/example_dags/tutorial.py for tasks to queue
[2024-05-09T16:33:29.896+0000] {logging_mixin.py:188} INFO - [2024-05-09T16:33:29.896+0000] {dagbag.py:545} INFO - Filling up the DagBag from /home/airflow/.local/lib/python3.12/site-packages/airflow/example_dags/tutorial.py
[2024-05-09T16:33:29.901+0000] {processor.py:840} INFO - DAG(s) 'tutorial' retrieved from /home/airflow/.local/lib/python3.12/site-packages/airflow/example_dags/tutorial.py
[2024-05-09T16:33:29.920+0000] {logging_mixin.py:188} INFO - [2024-05-09T16:33:29.920+0000] {dag.py:3096} INFO - Sync 1 DAGs
[2024-05-09T16:33:29.943+0000] {logging_mixin.py:188} INFO - [2024-05-09T16:33:29.943+0000] {dag.py:3954} INFO - Setting next_dagrun for tutorial to 2024-05-08 00:00:00+00:00, run_after=2024-05-09 00:00:00+00:00
[2024-05-09T16:33:29.962+0000] {processor.py:183} INFO - Processing /home/airflow/.local/lib/python3.12/site-packages/airflow/example_dags/tutorial.py took 0.075 seconds
[2024-05-09T16:34:00.284+0000] {processor.py:161} INFO - Started process (PID=1587) to work on /home/airflow/.local/lib/python3.12/site-packages/airflow/example_dags/tutorial.py
[2024-05-09T16:34:00.285+0000] {processor.py:830} INFO - Processing file /home/airflow/.local/lib/python3.12/site-packages/airflow/example_dags/tutorial.py for tasks to queue
[2024-05-09T16:34:00.288+0000] {logging_mixin.py:188} INFO - [2024-05-09T16:34:00.287+0000] {dagbag.py:545} INFO - Filling up the DagBag from /home/airflow/.local/lib/python3.12/site-packages/airflow/example_dags/tutorial.py
[2024-05-09T16:34:00.295+0000] {processor.py:840} INFO - DAG(s) 'tutorial' retrieved from /home/airflow/.local/lib/python3.12/site-packages/airflow/example_dags/tutorial.py
[2024-05-09T16:34:00.324+0000] {logging_mixin.py:188} INFO - [2024-05-09T16:34:00.323+0000] {dag.py:3096} INFO - Sync 1 DAGs
[2024-05-09T16:34:00.352+0000] {logging_mixin.py:188} INFO - [2024-05-09T16:34:00.352+0000] {dag.py:3954} INFO - Setting next_dagrun for tutorial to 2024-05-08 00:00:00+00:00, run_after=2024-05-09 00:00:00+00:00
[2024-05-09T16:34:00.380+0000] {processor.py:183} INFO - Processing /home/airflow/.local/lib/python3.12/site-packages/airflow/example_dags/tutorial.py took 0.131 seconds
[2024-05-09T16:34:31.309+0000] {processor.py:161} INFO - Started process (PID=1849) to work on /home/airflow/.local/lib/python3.12/site-packages/airflow/example_dags/tutorial.py
[2024-05-09T16:34:31.311+0000] {processor.py:830} INFO - Processing file /home/airflow/.local/lib/python3.12/site-packages/airflow/example_dags/tutorial.py for tasks to queue
[2024-05-09T16:34:31.312+0000] {logging_mixin.py:188} INFO - [2024-05-09T16:34:31.312+0000] {dagbag.py:545} INFO - Filling up the DagBag from /home/airflow/.local/lib/python3.12/site-packages/airflow/example_dags/tutorial.py
[2024-05-09T16:34:31.320+0000] {processor.py:840} INFO - DAG(s) 'tutorial' retrieved from /home/airflow/.local/lib/python3.12/site-packages/airflow/example_dags/tutorial.py
[2024-05-09T16:34:31.347+0000] {logging_mixin.py:188} INFO - [2024-05-09T16:34:31.346+0000] {dag.py:3096} INFO - Sync 1 DAGs
[2024-05-09T16:34:31.375+0000] {logging_mixin.py:188} INFO - [2024-05-09T16:34:31.375+0000] {dag.py:3954} INFO - Setting next_dagrun for tutorial to 2024-05-08 00:00:00+00:00, run_after=2024-05-09 00:00:00+00:00
[2024-05-09T16:34:31.404+0000] {processor.py:183} INFO - Processing /home/airflow/.local/lib/python3.12/site-packages/airflow/example_dags/tutorial.py took 0.101 seconds
[2024-05-09T16:35:01.715+0000] {processor.py:161} INFO - Started process (PID=2111) to work on /home/airflow/.local/lib/python3.12/site-packages/airflow/example_dags/tutorial.py
[2024-05-09T16:35:01.715+0000] {processor.py:830} INFO - Processing file /home/airflow/.local/lib/python3.12/site-packages/airflow/example_dags/tutorial.py for tasks to queue
[2024-05-09T16:35:01.717+0000] {logging_mixin.py:188} INFO - [2024-05-09T16:35:01.717+0000] {dagbag.py:545} INFO - Filling up the DagBag from /home/airflow/.local/lib/python3.12/site-packages/airflow/example_dags/tutorial.py
[2024-05-09T16:35:01.722+0000] {processor.py:840} INFO - DAG(s) 'tutorial' retrieved from /home/airflow/.local/lib/python3.12/site-packages/airflow/example_dags/tutorial.py
[2024-05-09T16:35:01.747+0000] {logging_mixin.py:188} INFO - [2024-05-09T16:35:01.746+0000] {dag.py:3096} INFO - Sync 1 DAGs
[2024-05-09T16:35:01.773+0000] {logging_mixin.py:188} INFO - [2024-05-09T16:35:01.773+0000] {dag.py:3954} INFO - Setting next_dagrun for tutorial to 2024-05-08 00:00:00+00:00, run_after=2024-05-09 00:00:00+00:00
[2024-05-09T16:35:01.795+0000] {processor.py:183} INFO - Processing /home/airflow/.local/lib/python3.12/site-packages/airflow/example_dags/tutorial.py took 0.087 seconds
[2024-05-09T16:35:32.030+0000] {processor.py:161} INFO - Started process (PID=2373) to work on /home/airflow/.local/lib/python3.12/site-packages/airflow/example_dags/tutorial.py
[2024-05-09T16:35:32.031+0000] {processor.py:830} INFO - Processing file /home/airflow/.local/lib/python3.12/site-packages/airflow/example_dags/tutorial.py for tasks to queue
[2024-05-09T16:35:32.033+0000] {logging_mixin.py:188} INFO - [2024-05-09T16:35:32.033+0000] {dagbag.py:545} INFO - Filling up the DagBag from /home/airflow/.local/lib/python3.12/site-packages/airflow/example_dags/tutorial.py
[2024-05-09T16:35:32.040+0000] {processor.py:840} INFO - DAG(s) 'tutorial' retrieved from /home/airflow/.local/lib/python3.12/site-packages/airflow/example_dags/tutorial.py
[2024-05-09T16:35:32.065+0000] {logging_mixin.py:188} INFO - [2024-05-09T16:35:32.065+0000] {dag.py:3096} INFO - Sync 1 DAGs
[2024-05-09T16:35:32.093+0000] {logging_mixin.py:188} INFO - [2024-05-09T16:35:32.093+0000] {dag.py:3954} INFO - Setting next_dagrun for tutorial to 2024-05-08 00:00:00+00:00, run_after=2024-05-09 00:00:00+00:00
[2024-05-09T16:35:32.120+0000] {processor.py:183} INFO - Processing /home/airflow/.local/lib/python3.12/site-packages/airflow/example_dags/tutorial.py took 0.096 seconds
[2024-05-09T16:36:02.387+0000] {processor.py:161} INFO - Started process (PID=2635) to work on /home/airflow/.local/lib/python3.12/site-packages/airflow/example_dags/tutorial.py
[2024-05-09T16:36:02.388+0000] {processor.py:830} INFO - Processing file /home/airflow/.local/lib/python3.12/site-packages/airflow/example_dags/tutorial.py for tasks to queue
[2024-05-09T16:36:02.391+0000] {logging_mixin.py:188} INFO - [2024-05-09T16:36:02.390+0000] {dagbag.py:545} INFO - Filling up the DagBag from /home/airflow/.local/lib/python3.12/site-packages/airflow/example_dags/tutorial.py
[2024-05-09T16:36:02.397+0000] {processor.py:840} INFO - DAG(s) 'tutorial' retrieved from /home/airflow/.local/lib/python3.12/site-packages/airflow/example_dags/tutorial.py
[2024-05-09T16:36:02.419+0000] {logging_mixin.py:188} INFO - [2024-05-09T16:36:02.419+0000] {dag.py:3096} INFO - Sync 1 DAGs
[2024-05-09T16:36:02.447+0000] {logging_mixin.py:188} INFO - [2024-05-09T16:36:02.447+0000] {dag.py:3954} INFO - Setting next_dagrun for tutorial to 2024-05-08 00:00:00+00:00, run_after=2024-05-09 00:00:00+00:00
[2024-05-09T16:36:02.472+0000] {processor.py:183} INFO - Processing /home/airflow/.local/lib/python3.12/site-packages/airflow/example_dags/tutorial.py took 0.091 seconds
