[2024-05-10T11:13:32.842+0000] {local_task_job_runner.py:120} INFO - ::group::Pre task execution logs
[2024-05-10T11:13:32.872+0000] {taskinstance.py:2076} INFO - Dependencies all met for dep_context=non-requeueable deps ti=<TaskInstance: ds_project.ds_task manual__2024-05-10T11:13:14.943406+00:00 [queued]>
[2024-05-10T11:13:32.881+0000] {taskinstance.py:2076} INFO - Dependencies all met for dep_context=requeueable deps ti=<TaskInstance: ds_project.ds_task manual__2024-05-10T11:13:14.943406+00:00 [queued]>
[2024-05-10T11:13:32.881+0000] {taskinstance.py:2306} INFO - Starting attempt 1 of 1
[2024-05-10T11:13:32.893+0000] {taskinstance.py:2330} INFO - Executing <Task(PythonOperator): ds_task> on 2024-05-10 11:13:14.943406+00:00
[2024-05-10T11:13:32.902+0000] {standard_task_runner.py:90} INFO - Running: ['***', 'tasks', 'run', 'ds_project', 'ds_task', 'manual__2024-05-10T11:13:14.943406+00:00', '--job-id', '65', '--raw', '--subdir', 'DAGS_FOLDER/test_dags.py', '--cfg-path', '/tmp/tmpyckddpwg']
[2024-05-10T11:13:32.904+0000] {standard_task_runner.py:91} INFO - Job 65: Subtask ds_task
[2024-05-10T11:13:32.906+0000] {logging_mixin.py:188} WARNING - /home/***/.local/lib/python3.12/site-packages/***/task/task_runner/standard_task_runner.py:61 DeprecationWarning: This process (pid=245) is multi-threaded, use of fork() may lead to deadlocks in the child.
[2024-05-10T11:13:32.906+0000] {standard_task_runner.py:63} INFO - Started process 262 to run task
[2024-05-10T11:13:32.941+0000] {task_command.py:426} INFO - Running <TaskInstance: ds_project.ds_task manual__2024-05-10T11:13:14.943406+00:00 [running]> on host 4df6a983697b
[2024-05-10T11:13:33.013+0000] {taskinstance.py:2648} INFO - Exporting env vars: AIRFLOW_CTX_DAG_OWNER='***' AIRFLOW_CTX_DAG_ID='ds_project' AIRFLOW_CTX_TASK_ID='ds_task' AIRFLOW_CTX_EXECUTION_DATE='2024-05-10T11:13:14.943406+00:00' AIRFLOW_CTX_TRY_NUMBER='1' AIRFLOW_CTX_DAG_RUN_ID='manual__2024-05-10T11:13:14.943406+00:00'
[2024-05-10T11:13:33.015+0000] {taskinstance.py:430} INFO - ::endgroup::
[2024-05-10T11:13:33.040+0000] {logging_mixin.py:188} INFO - Start
[2024-05-10T11:13:50.512+0000] {logging_mixin.py:188} INFO - Data loaded
[2024-05-10T11:13:51.563+0000] {logging_mixin.py:188} INFO - Data preprocessed
[2024-05-10T11:13:51.564+0000] {logging_mixin.py:188} INFO - 1
[2024-05-10T11:13:52.926+0000] {logging_mixin.py:188} INFO - 2
[2024-05-10T11:13:52.928+0000] {logging_mixin.py:188} INFO - 7
[2024-05-10T11:13:56.258+0000] {logging_mixin.py:188} INFO - 8
[2024-05-10T11:15:19.102+0000] {local_task_job_runner.py:240} INFO - Task exited with return code -9
[2024-05-10T11:15:19.435+0000] {taskinstance.py:3498} INFO - 0 downstream tasks scheduled from follow-on schedule check
[2024-05-10T11:15:19.438+0000] {local_task_job_runner.py:222} INFO - ::endgroup::
