[2024-05-10T10:56:16.848+0000] {local_task_job_runner.py:120} INFO - ::group::Pre task execution logs
[2024-05-10T10:56:16.893+0000] {taskinstance.py:2076} INFO - Dependencies all met for dep_context=non-requeueable deps ti=<TaskInstance: ds_project.ds_task manual__2024-05-10T10:55:54.530015+00:00 [queued]>
[2024-05-10T10:56:16.907+0000] {taskinstance.py:2076} INFO - Dependencies all met for dep_context=requeueable deps ti=<TaskInstance: ds_project.ds_task manual__2024-05-10T10:55:54.530015+00:00 [queued]>
[2024-05-10T10:56:16.908+0000] {taskinstance.py:2306} INFO - Starting attempt 1 of 1
[2024-05-10T10:56:16.926+0000] {taskinstance.py:2330} INFO - Executing <Task(PythonOperator): ds_task> on 2024-05-10 10:55:54.530015+00:00
[2024-05-10T10:56:16.938+0000] {standard_task_runner.py:90} INFO - Running: ['***', 'tasks', 'run', 'ds_project', 'ds_task', 'manual__2024-05-10T10:55:54.530015+00:00', '--job-id', '57', '--raw', '--subdir', 'DAGS_FOLDER/test_dags.py', '--cfg-path', '/tmp/tmpcwkrcirn']
[2024-05-10T10:56:16.941+0000] {standard_task_runner.py:91} INFO - Job 57: Subtask ds_task
[2024-05-10T10:56:16.945+0000] {logging_mixin.py:188} WARNING - /home/***/.local/lib/python3.12/site-packages/***/task/task_runner/standard_task_runner.py:61 DeprecationWarning: This process (pid=3178) is multi-threaded, use of fork() may lead to deadlocks in the child.
[2024-05-10T10:56:16.946+0000] {standard_task_runner.py:63} INFO - Started process 3195 to run task
[2024-05-10T10:56:17.020+0000] {task_command.py:426} INFO - Running <TaskInstance: ds_project.ds_task manual__2024-05-10T10:55:54.530015+00:00 [running]> on host 3514ccd847da
[2024-05-10T10:56:17.121+0000] {taskinstance.py:2648} INFO - Exporting env vars: AIRFLOW_CTX_DAG_OWNER='***' AIRFLOW_CTX_DAG_ID='ds_project' AIRFLOW_CTX_TASK_ID='ds_task' AIRFLOW_CTX_EXECUTION_DATE='2024-05-10T10:55:54.530015+00:00' AIRFLOW_CTX_TRY_NUMBER='1' AIRFLOW_CTX_DAG_RUN_ID='manual__2024-05-10T10:55:54.530015+00:00'
[2024-05-10T10:56:17.122+0000] {taskinstance.py:430} INFO - ::endgroup::
[2024-05-10T10:56:17.161+0000] {logging_mixin.py:188} INFO - Start
[2024-05-10T10:56:42.483+0000] {logging_mixin.py:188} INFO - Data loaded
[2024-05-10T10:56:43.855+0000] {logging_mixin.py:188} INFO - Data preprocessed
[2024-05-10T10:56:43.855+0000] {logging_mixin.py:188} INFO - 1
[2024-05-10T10:56:45.726+0000] {logging_mixin.py:188} INFO - 2
[2024-05-10T10:58:22.703+0000] {local_task_job_runner.py:240} INFO - Task exited with return code -9
[2024-05-10T10:58:23.315+0000] {taskinstance.py:3498} INFO - 0 downstream tasks scheduled from follow-on schedule check
[2024-05-10T10:58:23.319+0000] {local_task_job_runner.py:222} INFO - ::endgroup::
